
--- Job bchfcnet.gms Start 02/08/22 12:30:08 34.3.0 rac355f3 WEX-WEI x86 64bit/MS Windows
--- Applying:
    C:\GAMS\34\gmsprmNT.txt
--- GAMS Parameters defined
    Input C:\Users\dekhi\Desktop\gamsworld\FCNetLib\test\bchfcnet.gms
    PageSize 0
    ScrDir C:\Users\dekhi\Desktop\gamsworld\FCNetLib\test\225a\
    SysDir C:\GAMS\34\
    LogOption 3
    ErrMsg 1
    ErrorLog 99
    IDE 1
    ResLim 3600
    LstTitleLeftAligned 1
Licensee: Eval License                                   S211214|0002AW-GEN
          Ostfalia Hochschule fuer angewandte Wissenschaften        DCE1645
          C:\Users\dekhi\Documents\GAMS\gamslice.txt
          License Admin: Mohamed Ali Dekhil, dekhil.medali@gmail.com       
          Evaluation license: Not for commercial or production use
GAMS 34.3.0   Copyright (C) 1987-2021 GAMS Development. All rights reserved
--- Starting compilation
--- bchfcnet.gms(34) 2 Mb
--- . decl.gms(15) 2 Mb
--- bchfcnet.gms(38) 2 Mb
--- . g200x740g.inc(1705) 3 Mb
--- bchfcnet.gms(67) 3 Mb
--- . equs.gms(20) 3 Mb
--- bchfcnet.gms(97) 3 Mb
--- call rm -f bchout_i.gdx startcut.txt startheur.txt cuthist.gdx agap.txt rgap.txt cntfail.txt
--- bchfcnet.gms(118) 3 Mb
--- Starting execution: elapsed 0:00:00.077
--- bchfcnet.gms(1763) 4 Mb
--- GDX File (execute_unload) C:\Users\dekhi\Desktop\gamsworld\FCNetLib\test\net.gdx
--- bchfcnet.gms(1854) 4 Mb
--- GDXin=C:\Users\dekhi\Desktop\gamsworld\FCNetLib\test\points\g200x740g.gdx
--- GDX File (execute_load) C:\Users\dekhi\Desktop\gamsworld\FCNetLib\test\points\g200x740g.gdx
--- Generating MIP model master
--- bchfcnet.gms(1858) 5 Mb
---   941 rows  1,481 columns  4,441 non-zeroes
---   740 discrete-columns
--- Executing CPLEX (Solvelink=2): elapsed 0:00:00.115

IBM ILOG CPLEX   34.3.0 rac355f3 Released Feb 25, 2021 WEI x86 64bit/MS Window

--- GAMS/Cplex Link licensed for continuous and discrete problems.

Reading parameter(s) from "C:\Users\dekhi\Desktop\gamsworld\FCNetLib\test\cplex.op2"
>>  mipstart 1
Finished reading from "C:\Users\dekhi\Desktop\gamsworld\FCNetLib\test\cplex.op2"

--- Space for names approximately 0.05 Mb
--- Use option 'names no' to turn use of names off
--- GMO memory 0.78 Mb (peak 0.79 Mb)
--- Dictionary memory 0.00 Mb
--- Cplex 20.1.0.0 link memory 0.04 Mb (peak 0.16 Mb)
--- Starting Cplex

Version identifier: 20.1.0.0 | 2020-11-10 | 9bedb6d68
CPXPARAM_Threads                                 1
CPXPARAM_MIP_Display                             4
CPXPARAM_TimeLimit                               3600
CPXPARAM_MIP_Tolerances_AbsMIPGap                0
CPXPARAM_MIP_Tolerances_MIPGap                   0
Generic callback                                 0x50
Processing 1 MIP starts.
MIP start 'm1' defined solution with objective 45369.0000.
1 of 1 MIP starts provided solutions.
MIP start 'm1' defined initial solution with objective 45369.0000.
Tried aggregator 1 time.
MIP Presolve eliminated 199 rows and 1 columns.
MIP Presolve added 398 rows and 0 columns.
Reduced MIP has 1139 rows, 1480 columns, and 3358 nonzeros.
Reduced MIP has 740 binaries, 0 generals, 0 SOSs, and 0 indicators.
Presolve time = 0.00 sec. (6.83 ticks)
Probing fixed 0 vars, tightened 6 bounds.
Probing time = 0.00 sec. (0.20 ticks)
Tried aggregator 1 time.
Detecting symmetries...
MIP Presolve modified 12 coefficients.
Reduced MIP has 1139 rows, 1480 columns, and 3358 nonzeros.
Reduced MIP has 740 binaries, 0 generals, 0 SOSs, and 0 indicators.
Presolve time = 0.01 sec. (5.89 ticks)
Probing time = 0.00 sec. (0.20 ticks)
Clique table members: 8.
MIP emphasis: balance optimality and feasibility.
MIP search method: dynamic search.
Parallel mode: none, using 1 thread.
Tried aggregator 1 time.
LP Presolve eliminated 541 rows and 541 columns.
Aggregator did 199 substitutions.
Reduced LP has 399 rows, 740 columns, and 1878 nonzeros.
Presolve time = 0.00 sec. (0.86 ticks)

Iteration log . . .
Iteration:     1   Dual objective     =           205.902000
Iteration:    76   Dual objective     =          3379.081000
Iteration:   170   Dual objective     =          5832.674000
Iteration:   232   Dual objective     =          7176.948226
Iteration:   304   Dual objective     =          7911.037000
Initializing dual steep norms . . .
Root relaxation solution time = 0.00 sec. (3.73 ticks)

        Nodes                                         Cuts/
   Node  Left     Objective  IInf  Best Integer    Best Bound    ItCnt     Gap

*     0+    0                        45369.0000        0.0000           100.00%
Found incumbent of value 45369.000000 after 0.01 sec. (19.16 ticks)
      0     0     7911.5130   195    45369.0000     7911.5130      305   82.56%
      0     0    25468.9669   267    45369.0000     Cuts: 384      735   43.86%
      0     0    31488.4670   304    45369.0000     Cuts: 384     1091   30.59%
      0     0    34529.1799   330    45369.0000     Cuts: 384     1434   23.89%
      0     0    36166.0615   337    45369.0000     Cuts: 384     1809   20.28%
      0     0    36970.9836   362    45369.0000     Cuts: 332     2151   18.51%
Detecting symmetries...
      0     0    37469.3082   346    45369.0000     Cuts: 318     2493   17.41%
      0     0    37665.7057   362    45369.0000     Cuts: 266     2754   16.98%
      0     0    37819.9007   368    45369.0000     Cuts: 283     2994   16.64%
      0     0    38002.4545   384    45369.0000     Cuts: 194     3219   16.24%
      0     0    38088.8865   370    45369.0000     Cuts: 185     3395   16.05%
      0     0    38136.1421   371    45369.0000     Cuts: 131     3541   15.94%
      0     0    38194.8269   363    45369.0000     Cuts: 119     3687   15.81%
      0     0    38241.7880   369    45369.0000     Cuts: 114     3837   15.71%
      0     0    38269.8108   369    45369.0000      Cuts: 81     3937   15.65%
      0     0    38301.4815   357    45369.0000      Cuts: 90     4070   15.58%
      0     0    38324.5345   368    45369.0000      Cuts: 76     4173   15.53%
      0     0    38346.6986   379    45369.0000      Cuts: 85     4277   15.48%
      0     0    38369.7571   374    45369.0000      Cuts: 86     4378   15.43%
      0     0    38390.7661   374    45369.0000      Cuts: 47     4454   15.38%
      0     0    38397.4783   375    45369.0000      Cuts: 60     4516   15.37%
      0     0    38404.2610   375    45369.0000      Cuts: 39     4558   15.35%
*     0+    0                        45207.0000    38404.2610            15.05%
Found incumbent of value 45207.000000 after 1.01 sec. (1074.99 ticks)
*     0+    0                        45177.0000    38404.2610            14.99%
Found incumbent of value 45177.000000 after 1.05 sec. (1090.18 ticks)
      0     0  -1.00000e+75     0    45177.0000    38404.2610     4558   14.99%
Detecting symmetries...
      0     2    38404.2610   375    45177.0000    38404.2623     4558   14.99%
Elapsed time = 1.11 sec. (1141.01 ticks, tree = 0.01 MB, solutions = 4)
     23    25    38765.1747   272    45177.0000    38426.9257     6305   14.94%
     67    69    39422.7928   208    45177.0000    38426.9257     8293   14.94%
    123   125    40971.0218   162    45177.0000    38426.9257    10272   14.94%
    247   234    38502.7240   340    45177.0000    38428.4618    13025   14.94%
                                                    Covers: 2                  
    285   272    39018.1863   239    45177.0000    38428.4618    15223   14.94%
    400   387    40840.7906   146    45177.0000    38428.4618    18051   14.94%

Performing restart 1

Repeating presolve.
Tried aggregator 1 time.
MIP Presolve modified 224 coefficients.
Reduced MIP has 1139 rows, 1480 columns, and 3358 nonzeros.
Reduced MIP has 740 binaries, 0 generals, 0 SOSs, and 0 indicators.
Presolve time = 0.00 sec. (5.30 ticks)
Tried aggregator 1 time.
MIP Presolve modified 4 coefficients.
Reduced MIP has 1139 rows, 1480 columns, and 3358 nonzeros.
Reduced MIP has 740 binaries, 0 generals, 0 SOSs, and 0 indicators.
Presolve time = 0.00 sec. (5.91 ticks)
Represolve time = 0.01 sec. (15.81 ticks)
Tried aggregator 1 time.
LP Presolve eliminated 31 rows and 31 columns.
Aggregator did 12 substitutions.
Reduced LP has 1843 rows, 1437 columns, and 8074 nonzeros.
Presolve time = 0.00 sec. (1.22 ticks)

Iteration log . . .
Iteration:     1   Dual objective     =           205.000000
Iteration:   159   Dual objective     =          5394.000000
Iteration:   295   Dual objective     =         11322.500000
Iteration:   414   Dual objective     =         19666.278908
Iteration:   555   Dual objective     =         29121.829018
Iteration:   687   Dual objective     =         34490.389063
Iteration:   805   Dual objective     =         36737.590488
Iteration:   887   Dual objective     =         37523.385648
Iteration:   963   Dual objective     =         37947.692461
Iteration:  1029   Dual objective     =         38164.276507
Iteration:  1091   Dual objective     =         38263.032154
Iteration:  1154   Dual objective     =         38320.565371
Iteration:  1216   Dual objective     =         38373.171644
Iteration:  1278   Dual objective     =         38396.186620
Iteration:  1340   Dual objective     =         38404.284462
Initializing dual steep norms . . .
    518     0    38613.3473   386    45177.0000     Cuts: 109    21443   14.53%
    518     0    38751.2164   378    45177.0000     Cuts: 256    21755   14.22%
    518     0    38845.8894   389    45177.0000     Cuts: 275    21981   14.01%
    518     0    38883.0507   384    45177.0000     Cuts: 169    22176   13.93%
    518     0    38931.8581   390    45177.0000     Cuts: 154    22390   13.82%
    518     0    38970.6578   394    45177.0000     Cuts: 170    22576   13.74%
    518     0    39027.0596   394    45177.0000     Cuts: 175    22810   13.61%
    518     0    39107.6018   398    45177.0000     Cuts: 156    23031   13.43%
    518     0    39152.8847   404    45177.0000     Cuts: 218    23238   13.33%
    518     0    39173.1566   412    45177.0000     Cuts: 133    23423   13.29%
    518     0    39225.2615   404    45177.0000     Cuts: 183    23721   13.17%
    518     0    39274.0596   413    45177.0000     Cuts: 246    24018   13.07%
    518     0    39309.7749   410    45177.0000     Cuts: 260    24246   12.99%
    518     0    39355.5528   401    45177.0000     Cuts: 196    24507   12.89%
    518     0    39387.1181   405    45177.0000     Cuts: 236    24721   12.82%
    518     0    39412.6749   418    45177.0000     Cuts: 226    24944   12.76%
    518     0    39444.0077   425    45177.0000     Cuts: 201    25159   12.69%
    518     0    39469.4725   417    45177.0000     Cuts: 157    25403   12.63%
    518     0    39487.4840   416    45177.0000     Cuts: 170    25570   12.59%
    518     0    39513.7501   412    45177.0000     Cuts: 145    25763   12.54%
    518     0    39529.4689   413    45177.0000     Cuts: 171    26007   12.50%
    518     0    39541.8290   410    45177.0000     Cuts: 125    26150   12.47%
    518     0    39563.3517   409    45177.0000     Cuts: 152    26325   12.43%
    518     0    39579.7249   408    45177.0000     Cuts: 169    26559   12.39%
    518     0    39592.3459   409    45177.0000     Cuts: 112    26716   12.36%
    518     0    39611.4547   402    45177.0000     Cuts: 107    26881   12.32%
    518     0    39621.3187   415    45177.0000     Cuts: 169    27046   12.30%
    518     0    39629.8166   414    45177.0000     Cuts: 127    27223   12.28%
    518     0    39633.5269   410    45177.0000      Cuts: 82    27308   12.27%
    518     0    39638.9496   413    45177.0000      Cuts: 59    27413   12.26%
    518     0    39642.8689   407    45177.0000     Cuts: 100    27531   12.25%
    518     0    39647.3387   410    45177.0000     Cuts: 119    27650   12.24%
*   518+    0                        45165.0000    39647.3387            12.22%
Found incumbent of value 45164.999999 after 7.14 sec. (7148.51 ticks)
    518     2    39647.3387   411    45165.0000    39647.5789    27650   12.22%
    519     3    39675.3743   389    45165.0000    39647.5789    27835   12.22%
    520     4    39658.1896   404    45165.0000    39658.4904    28050   12.19%
    523     7    39705.6801   396    45165.0000    39668.3603    28459   12.17%
Elapsed time = 8.69 sec. (9428.00 ticks, tree = 0.03 MB, solutions = 6)
    526    10    39815.4301   386    45165.0000    39668.3603    29253   12.17%
    556    40    40515.7355   324    45165.0000    39668.3603    33502   12.17%
    643   127    41533.4809   251    45165.0000    39668.3603    38756   12.17%
    893   366    39740.4151   388    45165.0000    39675.6943    45118   12.15%
   1016   489    41807.2102   248    45165.0000    39675.6943    52458   12.15%
   1225   677    39798.2208   375    45165.0000    39706.6743    58571   12.09%
                                                     Cuts: 30                  
   1321   773    39884.2012   395    45165.0000    39727.9274    65651   12.04%
                                                     Cuts: 31                  
   1495   945    44128.8087   152    45165.0000    39727.9274    75402   12.04%
   1613  1063    42113.6056   224    45165.0000    39734.0054    82866   12.02%
                                                     Cuts: 11                  
   1744  1194    40738.2646   311    45165.0000    39738.8099    88656   12.01%
                                                     Cuts: 13                  
Elapsed time = 16.16 sec. (19246.01 ticks, tree = 1.08 MB, solutions = 6)
   1927  1374    39984.5901   361    45165.0000    39740.3401    94620   12.01%
   2093  1530    40276.4659   352    45165.0000    39757.3935   102595   11.97%
   2263  1696    39867.2851   392    45165.0000    39757.9700   110184   11.97%
                                                     Cuts: 33                  
   2306  1739    40818.9136   321    45165.0000    39757.9700   116884   11.97%
   2438  1867    39894.7751   402    45165.0000    39758.9241   124775   11.97%
   2506  1935    42271.1994   211    45165.0000    39758.9241   131797   11.97%
   2661  2082    40439.7931   325    45165.0000    39764.9652   138506   11.96%
   2829  2234    40173.7983   372    45165.0000    39764.9722   146824   11.96%
   3012  2405    39872.6368   389    45165.0000    39776.6291   154560   11.93%
   3244  2620    39867.9285   408    45165.0000    39784.2917   163330   11.91%
                                                     Cuts: 25                  
Elapsed time = 23.64 sec. (29099.43 ticks, tree = 2.33 MB, solutions = 6)
   3317  2693    42278.0104   219    45165.0000    39784.2917   171865   11.91%
   3528  2892    40297.6454   346    45165.0000    39785.2174   180507   11.91%
   3727  3091    40165.6916   355    45165.0000    39786.3433   188846   11.91%
   3920  3280    39857.3302   384    45165.0000    39796.4638   196725   11.89%
   3978  3338    40876.2208   257    45165.0000    39796.4638   203113   11.89%
   4127  3485    40225.9431   373    45165.0000    39797.1945   210605   11.88%
                                                     Cuts: 27                  
   4275  3630    39914.2518   402    45165.0000    39797.1945   218120   11.88%
   4336  3691    42190.6197   272    45165.0000    39797.1945   224973   11.88%
   4442  3790    40100.2998   394    45165.0000    39798.4033   232132   11.88%
                                                     Cuts: 20                  
   4515  3863    42587.6505   193    45165.0000    39798.4033   239374   11.88%
Elapsed time = 31.11 sec. (38991.07 ticks, tree = 3.35 MB, solutions = 6)
*  4518+ 3796                        44975.0000    39798.4033            11.51%
Found incumbent of value 44974.999999 after 31.13 sec. (39016.31 ticks)
   4631  3907    40273.8998   366    44975.0000    39816.5111   245569   11.47%
                                                     Cuts: 16                  
   4817  4085    40050.8241   383    44975.0000    39817.5304   254149   11.47%
   4894  4162    42425.0756   198    44975.0000    39817.5304   262270   11.47%
   5058  4319    40924.8499   302    44975.0000    39820.2644   269591   11.46%
   5247  4500    40258.7222   390    44975.0000    39822.1846   278328   11.46%
                                                     Cuts: 20                  
   5283  4536    41200.4075   294    44975.0000    39822.1846   284688   11.46%
   5405  4650    40349.3240   412    44975.0000    39823.6316   293155   11.45%
                                                     Cuts: 31                  
   5436  4681    41738.7744   275    44975.0000    39823.6316   299618   11.45%
   5536  4768    40419.5785   348    44975.0000    39824.2653   307211   11.45%
   5738  4966    40423.3104   414    44975.0000    39825.7185   315318   11.45%
Elapsed time = 38.81 sec. (49279.91 ticks, tree = 4.46 MB, solutions = 7)
   5791  5019    41814.6678   256    44975.0000    39825.7185   321883   11.45%
   5954  5174    40518.9500   378    44975.0000    39826.2992   328888   11.45%
   6048  5268    43340.6769   153    44975.0000    39826.2992   336385   11.45%
   6123  5336    40203.5619   374    44975.0000    39826.5709   341703   11.45%
   6159  5372    41298.1087   288    44975.0000    39826.5709   348977   11.45%
   6316  5513    39894.9022   399    44975.0000    39828.4080   357776   11.44%
   6398  5595    42369.9762   193    44975.0000    39828.4080   365966   11.44%
   6518  5708    41012.4886   253    44975.0000    39828.5356   374011   11.44%
   6715  5900    40548.0222   354    44975.0000    39829.1563   382806   11.44%
   6946  6124    39897.9481   409    44975.0000    39835.3312   391675   11.43%
Elapsed time = 46.16 sec. (58955.91 ticks, tree = 5.44 MB, solutions = 7)
   7003  6181    41845.8362   227    44975.0000    39835.3312   399875   11.43%
   7145  6317    40628.4164   341    44975.0000    39837.5984   408287   11.42%
   7211  6383    42533.6168   250    44975.0000    39837.5984   415845   11.42%
   7363  6519    40450.0471   361    44975.0000    39839.5238   422835   11.42%
   7434  6590    42699.8880   202    44975.0000    39839.5238   430305   11.42%
*  7518+ 6644                        44943.0000    39839.5238            11.36%
Found incumbent of value 44942.999998 after 49.95 sec. (64002.08 ticks)
   7565  6688    40433.3874   358    44943.0000    39840.6346   437454   11.35%
   7676  6799    42615.5922   169    44943.0000    39840.6346   445624   11.35%
   7749  6865    40823.7354   316    44943.0000    39842.8097   452247   11.35%
   7934  7047    39939.2318   399    44943.0000    39843.8837   459974   11.35%
   8011  7124    42232.7113   206    44943.0000    39843.8837   467563   11.35%
Elapsed time = 53.45 sec. (68677.53 ticks, tree = 6.29 MB, solutions = 8)
   8118  7221    40631.2839   351    44943.0000    39843.9902   474220   11.35%
   8226  7329    44148.6618   161    44943.0000    39843.9902   481838   11.35%
   8305  7399    41593.3459   239    44943.0000    39845.1598   489503   11.34%
   8486  7569    40056.5276   391    44943.0000    39845.8543   497238   11.34%
*  8518+ 7589                        44937.0000    39845.8543            11.33%
Found incumbent of value 44936.999999 after 57.09 sec. (73483.77 ticks)
   8544  7617    41941.8151   213    44937.0000    39845.8543   505031   11.33%
   8686  7752    40955.0754   308    44937.0000    39845.8823   513542   11.33%
   8877  7935    40347.2503   360    44937.0000    39845.9889   522857   11.33%
   9099  8145    39915.7246   402    44937.0000    39846.6235   531749   11.33%
   9155  8201    42238.3853   290    44937.0000    39846.6235   539937   11.33%
   9258  8297    40292.0482   371    44937.0000    39847.5652   548290   11.33%
                                                     Cuts: 13                  
Elapsed time = 60.84 sec. (78458.20 ticks, tree = 7.59 MB, solutions = 9)
   9418  8457    44005.0434    97    44937.0000    39847.5652   558208   11.33%
   9532  8568    41029.8037   306    44937.0000    39847.5986   565574   11.33%
                                                     Cuts: 18                  
   9662  8689    40495.0433   393    44937.0000    39848.0180   573248   11.32%
                                                     Cuts: 23                  
   9788  8815    43984.5348   115    44937.0000    39848.0180   582370   11.32%
   9861  8877    40742.7421   305    44937.0000    39849.3539   589702   11.32%
                                                     Cuts: 14                  
  10022  9034    39945.3510   394    44937.0000    39852.5993   599329   11.31%
  10050  9062    40834.2038   321    44937.0000    39852.5993   606644   11.31%
  10151  9156    40010.7425   403    44937.0000    39852.9873   615106   11.31%
  10193  9198    41799.4768   238    44937.0000    39852.9873   622338   11.31%
  10326  9326    40438.8039   376    44937.0000    39853.5864   629503   11.31%
Elapsed time = 68.41 sec. (88441.44 ticks, tree = 8.44 MB, solutions = 9)
  10387  9387    42931.4102   201    44937.0000    39853.5864   637100   11.31%
  10442  9436    40239.2551   364    44937.0000    39854.9360   642906   11.31%
* 10518+ 9304                        44808.0000    39854.9360            11.05%
Found incumbent of value 44807.999999 after 70.39 sec. (91096.59 ticks)
  10610  9398    44394.7032    76    44808.0000    39854.9360   651713   11.05%
  10673  9453    40469.6435   357    44808.0000    39857.4196   657033   11.05%
                                                      Cuts: 7                  
  10852  9623    39980.1623   400    44808.0000    39861.8545   665774   11.04%
                                                     Cuts: 11                  
* 10878+ 9516                        44719.0000    39861.8545            10.86%
Found incumbent of value 44719.000000 after 74.36 sec. (96245.76 ticks)
* 10878+ 9233                        44556.0000    39861.8545            10.54%
Found incumbent of value 44556.000000 after 76.64 sec. (98762.45 ticks)
* 10878+ 9190                        44532.0000    39861.8545            10.49%
Found incumbent of value 44532.000000 after 77.28 sec. (99486.39 ticks)
* 10878+ 9089                        44475.0000    39861.8545            10.37%
Found incumbent of value 44475.000000 after 77.30 sec. (99494.23 ticks)
* 10878+ 8866                        44352.0000    39861.8545            10.12%
Found incumbent of value 44352.000000 after 77.64 sec. (99891.50 ticks)
* 10878+ 8736                        44290.0000    39861.8545            10.00%
Found incumbent of value 44290.000000 after 77.76 sec. (100009.05 ticks)
* 10878+ 8685                        44272.0000    39861.8545             9.96%
Found incumbent of value 44272.000000 after 78.69 sec. (101078.31 ticks)
* 10878+ 8677                        44268.0000    39861.8545             9.95%
Found incumbent of value 44268.000000 after 78.73 sec. (101128.72 ticks)
* 10878+ 8554                        44220.0000    39861.8545             9.86%
Found incumbent of value 44220.000000 after 78.75 sec. (101132.39 ticks)
* 10878+ 8526                        44207.0000    39861.8545             9.83%
Found incumbent of value 44207.000000 after 79.69 sec. (101913.42 ticks)
* 10878+ 8505                        44197.0000    39861.8545             9.81%
Found incumbent of value 44197.000000 after 79.73 sec. (101962.65 ticks)
* 10878+ 8378                        44137.0000    39861.8545             9.69%
Found incumbent of value 44137.000000 after 79.81 sec. (102022.08 ticks)
  10878  8380    40731.0723   324    44137.0000    39861.8545   671386    9.69%
* 10879+ 8054                        43975.0000    39861.8545             9.35%
Found incumbent of value 43975.000000 after 85.70 sec. (109005.86 ticks)
* 10879+ 7747                        43823.0000    39861.8545             9.04%
Found incumbent of value 43823.000000 after 85.80 sec. (109125.22 ticks)
* 10879+ 7582                        43745.0000    39861.8545             8.88%
Found incumbent of value 43745.000000 after 86.47 sec. (109807.76 ticks)
* 10879+ 7239                        43613.0000    39861.8545             8.60%
Found incumbent of value 43613.000000 after 86.64 sec. (110033.63 ticks)
* 10879+ 7138                        43572.0000    39861.8545             8.51%
Found incumbent of value 43572.000000 after 86.66 sec. (110041.63 ticks)
* 10879+ 7107                        43560.0000    39861.8545             8.49%
Found incumbent of value 43560.000000 after 87.34 sec. (110795.69 ticks)
* 10879+ 7033                        43532.0000    39861.8545             8.43%
Found incumbent of value 43532.000000 after 87.48 sec. (110907.60 ticks)
* 10879+ 6997                        43520.0000    39861.8545             8.41%
Found incumbent of value 43520.000000 after 87.66 sec. (111026.26 ticks)
  10879  6999    40017.9821   418    43520.0000    39864.3055   672243    8.40%
* 10880+ 6874                        43465.0000    39864.3055             8.28%
Found incumbent of value 43465.000000 after 92.20 sec. (116068.08 ticks)
* 10880+ 6797                        43432.0000    39864.3055             8.21%
Found incumbent of value 43432.000000 after 95.31 sec. (119369.83 ticks)
* 10880+ 6667                        43380.0000    39864.3055             8.10%
Found incumbent of value 43380.000000 after 95.50 sec. (119500.31 ticks)
* 10880+ 6550                        43330.0000    39864.3055             8.00%
Found incumbent of value 43330.000000 after 95.51 sec. (119509.99 ticks)
  10880  6552    39916.4734   408    43330.0000    39864.4658   672827    8.00%
  10914  6586    41228.6703   298    43330.0000    39866.1589   679479    7.99%
  11232  6885    39916.7041   409    43330.0000    39868.7733   709875    7.99%
Elapsed time = 99.78 sec. (124794.94 ticks, tree = 6.38 MB, solutions = 35)
  11566  7198    40294.4973   402    43330.0000    39870.4373   741646    7.98%
                                                     Cuts: 16                  
  11793  7412    41867.9478   194    43330.0000    39873.4323   773293    7.98%
                                                     Cuts: 13                  
  12137  7726    41289.2210   265    43330.0000    39876.6722   805405    7.97%
  12417  7984    39955.6214   407    43330.0000    39878.6225   835970    7.97%
  12654  8208    41652.4787   229    43330.0000    39882.9698   861919    7.96%
                                                     Cuts: 11                  
  12860  8402    40158.1531   387    43330.0000    39885.1569   889448    7.95%
  13100  8631    41289.6596   252    43330.0000    39887.2391   917114    7.95%
  13419  8933    43198.0135   187    43330.0000    39890.0169   946923    7.94%
  13709  9200    41208.6951   254    43330.0000    39890.7544   975992    7.94%
                                                     Cuts: 20                  
  13978  9452    41870.9526   281    43330.0000    39893.3552  1005466    7.93%
                                                      Cuts: 9                  
Elapsed time = 128.55 sec. (163225.57 ticks, tree = 8.56 MB, solutions = 35)
  14307  9761    40502.1567   322    43330.0000    39895.3541  1037062    7.93%
  14548  9987    41230.7072   322    43330.0000    39896.4227  1067445    7.92%
  14844 10258    41163.0825   346    43330.0000    39899.7305  1099088    7.92%
  15142 10535    40555.5245   365    43330.0000    39900.7075  1124159    7.91%
                                                     Cuts: 14                  
  15401 10776    41395.1191   228    43330.0000    39903.3521  1152911    7.91%
  15799 11147    40190.2263   399    43330.0000    39904.7586  1181601    7.91%
  16024 11360    40052.5511   391    43330.0000    39905.0028  1208891    7.90%
                                                      Cuts: 6                  
  16276 11594    40874.8505   297    43330.0000    39905.6998  1236228    7.90%
  16536 11833    39950.3942   412    43330.0000    39906.5280  1267408    7.90%
                                                      Cuts: 6                  
  16762 12046    41118.1910   261    43330.0000    39906.8160  1298927    7.90%
Elapsed time = 157.53 sec. (201759.25 ticks, tree = 10.77 MB, solutions = 35)
  17021 12294    42727.4475   170    43330.0000    39908.2747  1328449    7.90%
  17425 12679    40922.5749   308    43330.0000    39909.3767  1359357    7.89%
  17672 12908    41764.4301   264    43330.0000    39909.9606  1392163    7.89%
  17990 13202    40253.1289   397    43330.0000    39910.7753  1424218    7.89%
  18184 13369    40344.9223   401    43330.0000    39911.5250  1450442    7.89%
                                                     Cuts: 12                  
  18433 13605    40861.0706   270    43330.0000    39912.3262  1478958    7.89%
  18738 13888    41362.2131   321    43330.0000    39914.2584  1506968    7.88%
  19013 14150    42023.2997   235    43330.0000    39916.1452  1535498    7.88%
                                                     Cuts: 13                  
  19338 14439    40329.6386   382    43330.0000    39916.5365  1564550    7.88%
  19586 14679    40990.8243   298    43330.0000    39917.4390  1595801    7.88%
Elapsed time = 186.72 sec. (240066.75 ticks, tree = 13.03 MB, solutions = 36)
  19999 15079    40260.0445   372    43330.0000    39917.9785  1628644    7.87%
  20282 15341    41821.3380   254    43330.0000    39919.8067  1660804    7.87%
  20644 15676    40289.1602   380    43330.0000    39922.8939  1693119    7.86%
  20902 15917    42286.8365   197    43330.0000    39923.5016  1725576    7.86%
  21203 16193    40784.3585   384    43330.0000    39924.4541  1758120    7.86%
  21426 16396    42003.2338   167    43330.0000    39926.1632  1788365    7.86%

Performing restart 2

Repeating presolve.
Tried aggregator 1 time.
MIP Presolve modified 225 coefficients.
Reduced MIP has 1139 rows, 1480 columns, and 3358 nonzeros.
Reduced MIP has 740 binaries, 0 generals, 0 SOSs, and 0 indicators.
Presolve time = 0.00 sec. (5.30 ticks)
Tried aggregator 1 time.
MIP Presolve modified 11 coefficients.
Reduced MIP has 1139 rows, 1480 columns, and 3358 nonzeros.
Reduced MIP has 740 binaries, 0 generals, 0 SOSs, and 0 indicators.
Presolve time = 0.03 sec. (5.90 ticks)
Represolve time = 0.06 sec. (32.64 ticks)
Tried aggregator 1 time.
LP Presolve eliminated 13 rows and 13 columns.
Aggregator did 5 substitutions.
Reduced LP has 2393 rows, 1462 columns, and 14868 nonzeros.
Presolve time = 0.00 sec. (1.72 ticks)

Iteration log . . .
Iteration:     1   Dual objective     =           205.000000
Iteration:   163   Dual objective     =          5477.000000
Iteration:   286   Dual objective     =         13645.500000
Iteration:   374   Dual objective     =         17457.730503
Iteration:   487   Dual objective     =         24219.546633
Iteration:   593   Dual objective     =         30882.671873
Iteration:   690   Dual objective     =         34184.781818
Iteration:   794   Dual objective     =         36330.514065
Iteration:   880   Dual objective     =         37167.063491
Iteration:   961   Dual objective     =         37536.159861
Iteration:  1041   Dual objective     =         38053.088596
Iteration:  1117   Dual objective     =         38395.723420
Iteration:  1185   Dual objective     =         38714.657107
Iteration:  1252   Dual objective     =         38811.700911
Iteration:  1323   Dual objective     =         38977.689602
Iteration:  1389   Dual objective     =         39128.425716
Iteration:  1452   Dual objective     =         39228.993306
Iteration:  1517   Dual objective     =         39314.537960
Iteration:  1582   Dual objective     =         39382.285019
Iteration:  1647   Dual objective     =         39450.989995
Iteration:  1709   Dual objective     =         39504.696653
Iteration:  1775   Dual objective     =         39554.459717
Iteration:  1837   Dual objective     =         39596.807400
Iteration:  1905   Dual objective     =         39626.521029
Iteration:  1967   Dual objective     =         39648.661943
Iteration:  2032   Dual objective     =         39666.994809
Iteration:  2102   Dual objective     =         39683.550006
Iteration:  2169   Dual objective     =         39695.878657
Iteration:  2236   Dual objective     =         39701.212968
Iteration:  2306   Dual objective     =         39706.095456
Iteration:  2375   Dual objective     =         39708.505008
Iteration:  2450   Dual objective     =         39710.688114
Initializing dual steep norms . . .
  21462     0    39791.2800   428    43330.0000      Cuts: 72  1793030    7.86%
  21462     0    39809.6864   414    43330.0000      Cuts: 58  1793231    7.86%
  21462     0    39828.6157   413    43330.0000     Cuts: 169  1793415    7.86%
  21462     0    39834.0819   398    43330.0000     Cuts: 160  1793541    7.86%
  21462     0    39842.0090   403    43330.0000      Cuts: 94  1793683    7.86%
  21462     0    39843.5214   412    43330.0000      Cuts: 69  1793748    7.86%
  21462     0    39849.0034   405    43330.0000      Cuts: 61  1793855    7.86%
  21462     0    39852.9291   404    43330.0000     Cuts: 108  1793971    7.86%
  21462     0    39855.7782   406    43330.0000      Cuts: 54  1794042    7.86%
  21462     0    39858.0903   402    43330.0000      Cuts: 58  1794133    7.86%
  21462     0    39866.1911   402    43330.0000      Cuts: 77  1794269    7.86%
  21462     0    39882.8684   414    43330.0000     Cuts: 178  1794462    7.86%
  21462     0    39889.3290   408    43330.0000     Cuts: 104  1794622    7.86%
  21462     0    39895.8058   407    43330.0000     Cuts: 107  1794785    7.86%
  21462     0    39898.0363   410    43330.0000      Cuts: 88  1794871    7.86%
  21462     2    39898.0363   411    43330.0000    39926.1632  1794871    7.86%
  21466     6    40155.9149   378    43330.0000    39926.1632  1795458    7.86%
  21472    12    39950.1056   373    43330.0000    39926.1632  1796507    7.86%
  21482    22    40086.1014   347    43330.0000    39926.1632  1798997    7.86%
Elapsed time = 218.78 sec. (280664.24 ticks, tree = 0.07 MB, solutions = 37)
  21507    47    40259.1385   348    43330.0000    39926.1632  1804443    7.86%
  21750   282    40017.4604   398    43330.0000    39944.8261  1817638    7.81%
                                                     Cuts: 38                  
  21976   501    41653.6295   209    43330.0000    39960.5416  1834245    7.78%
                                                     Cuts: 54                  
  22449   963    40640.7615   285    43330.0000    39972.8867  1856341    7.75%
                                                     Cuts: 29                  
  22923  1413    41269.3405   322    43330.0000    40020.7421  1878424    7.64%
                                                     Cuts: 38                  
  23367  1828    40746.3598   331    43330.0000    40041.6365  1901862    7.59%
  23852  2281    41424.7705   336    43330.0000    40047.6439  1926053    7.58%
                                                     Cuts: 42                  
  24341  2746    41092.4776   316    43330.0000    40057.9164  1950261    7.55%
                                                     Cuts: 30                  
  24968  3346    42749.8344   122    43330.0000    40070.1605  1977060    7.52%
  25422  3769    40711.7780   351    43330.0000    40091.8104  2001539    7.47%
                                                     Cuts: 14                  
Elapsed time = 249.09 sec. (319063.51 ticks, tree = 36.16 MB, solutions = 37)
  25813  4125    40508.1874   388    43330.0000    40114.0050  2023751    7.42%
                                                     Cuts: 45                  
  26106  4380    40265.5826   412    43330.0000    40115.2711  2047668    7.42%
                                                     Cuts: 38                  
  26499  4743    42304.6432   254    43330.0000    40120.1718  2073198    7.41%
  26815  5031    40920.0771   396    43330.0000    40128.5007  2096816    7.39%
                                                     Cuts: 17                  
  27242  5427    41157.2907   369    43330.0000    40132.8495  2121713    7.38%
  27559  5726    40398.0574   329    43330.0000    40133.6787  2144049    7.38%
                                                      Cuts: 7                  
  27948  6095    42219.2750   275    43330.0000    40137.6423  2169530    7.37%
  28360  6475    42376.4123   296    43330.0000    40142.4583  2195050    7.36%
                                                     Cuts: 10                  
  28689  6772    41060.0124   324    43330.0000    40147.1812  2219020    7.35%
  29133  7182    41382.4458   299    43330.0000    40150.0718  2245019    7.34%
Elapsed time = 279.80 sec. (357351.39 ticks, tree = 72.38 MB, solutions = 37)
  29628  7656    40809.5597   370    43330.0000    40151.2927  2271096    7.34%
  29945  7952    40871.3365   342    43330.0000    40154.3260  2296002    7.33%
                                                    Covers: 1                  
  30326  8313    40663.0125   388    43330.0000    40155.3095  2322030    7.33%
  30637  8595    40303.4062   385    43330.0000    40158.9176  2346298    7.32%
                                                     Cuts: 10                  
  31002  8940    41391.5746   289    43330.0000    40166.2196  2371573    7.30%
  31309  9222    40171.5258   390    43330.0000    40170.1877  2395526    7.29%
  31766  9655    40650.2711   379    43330.0000    40172.0764  2421246    7.29%
  32151  9996    41522.7740   353    43330.0000    40173.7783  2447400    7.28%
  32393 10213    41316.0843   293    43330.0000    40175.5217  2472527    7.28%
  32842 10639    40264.9015   406    43330.0000    40178.0664  2499071    7.27%
Elapsed time = 312.26 sec. (395806.25 ticks, tree = 111.12 MB, solutions = 38)
  33171 10949    42578.4097   235    43330.0000    40180.4093  2525330    7.27%
  33530 11283    41882.9860   283    43330.0000    40185.3300  2550268    7.26%
  33942 11663    42546.3180   223    43330.0000    40188.3447  2574681    7.25%
                                                     Cuts: 24                  
  34231 11911    40498.2993   383    43330.0000    40189.2260  2598680    7.25%
  34635 12300    41584.8811   350    43330.0000    40191.1459  2623562    7.24%
  34864 12509    41910.4119   242    43330.0000    40194.8397  2647403    7.24%
  35235 12856    41591.3350   324    43330.0000    40199.3824  2672816    7.23%
  35674 13253    41928.3443   265    43330.0000    40200.4179  2697278    7.22%
                                                     Cuts: 13                  
  36071 13618    41213.0152   357    43330.0000    40203.7369  2721072    7.22%
                                                     Cuts: 25                  
  36502 14029    40361.3534   410    43330.0000    40205.2318  2744313    7.21%
                                                      Cuts: 7                  
Elapsed time = 342.55 sec. (434021.12 ticks, tree = 142.32 MB, solutions = 38)
  36749 14258    42030.3247   284    43330.0000    40205.8270  2767909    7.21%
                                                     Cuts: 17                  
  37055 14538    42224.3692   323    43330.0000    40207.6609  2793241    7.21%
  37351 14804    40245.4893   403    43330.0000    40209.0092  2817029    7.20%
  37762 15187    40416.6674   374    43330.0000    40215.1486  2842535    7.19%
  38041 15450    43011.1373   153    43330.0000    40215.6506  2866643    7.19%
  38251 15641    41683.4042   334    43330.0000    40217.8100  2889792    7.18%
                                                      Cuts: 9                  
  38681 16042    41359.6153   351    43330.0000    40218.2585  2914492    7.18%
  39056 16394    40721.1251   397    43330.0000    40220.4104  2939875    7.18%
                                                     Cuts: 16                  
  39376 16690    40323.1271   356    43330.0000    40223.2968  2965096    7.17%
  39592 16887    41958.0451   343    43330.0000    40223.8258  2988769    7.17%
Elapsed time = 372.66 sec. (472536.63 ticks, tree = 167.00 MB, solutions = 38)
  39958 17229    42606.9500   272    43330.0000    40226.4248  3013917    7.16%
  40191 17437    40941.2850   376    43330.0000    40227.8171  3037025    7.16%
                                                     Cuts: 25                  
  40538 17752    40981.9476   363    43330.0000    40230.1414  3060991    7.15%
                                                  Flowcuts: 1                  
  40849 18034    41872.2325   313    43330.0000    40231.0650  3085739    7.15%
  41112 18274    42010.2961   291    43330.0000    40233.0805  3110101    7.15%
  41331 18474    41678.4162   354    43330.0000    40235.8606  3133769    7.14%
                                                     Cuts: 15                  
  41609 18733    42796.5744   306    43330.0000    40236.4564  3158364    7.14%
  41905 19001    40746.1988   377    43330.0000    40237.3991  3181863    7.14%
                                                      Cuts: 5                  
  42162 19242    42001.0025   282    43330.0000    40239.8892  3205801    7.13%
  42462 19509    40633.2094   383    43330.0000    40240.8956  3229831    7.13%
Elapsed time = 405.00 sec. (510797.14 ticks, tree = 200.29 MB, solutions = 38)
  42769 19801    41026.4146   356    43330.0000    40242.0574  3253318    7.13%
  43005 20030    42933.7558   194    43330.0000    40243.1681  3277772    7.12%
  43324 20326    41001.1339   359    43330.0000    40243.7144  3302565    7.12%
  43628 20603    40548.6429   369    43330.0000    40244.3160  3327740    7.12%
  43848 20812    41293.7094   358    43330.0000    40244.7552  3352123    7.12%
  44139 21071    41540.0930   325    43330.0000    40247.7024  3376091    7.11%
  44355 21251    40425.4037   401    43330.0000    40249.3052  3400663    7.11%
  44599 21476    42969.3223   204    43330.0000    40250.0238  3425475    7.11%
  44845 21699    43084.0185   264    43330.0000    40250.9515  3448404    7.11%
  45148 21968    40620.1486   366    43330.0000    40253.1916  3472593    7.10%
                                                     Cuts: 10                  
Elapsed time = 462.70 sec. (549301.48 ticks, tree = 224.76 MB, solutions = 39)
  45395 22182    41014.7522   406    43330.0000    40254.4157  3495955    7.10%
  45636 22395    40347.5561   410    43330.0000    40254.9452  3519621    7.10%
                                                      Cuts: 7                  
  45908 22645    40279.2515   429    43330.0000    40255.5954  3543411    7.10%
  46128 22848    42414.0803   293    43330.0000    40256.8219  3568273    7.09%
  46364 23059    43131.7775   259    43330.0000    40257.1675  3591736    7.09%
  46708 23370    42173.4622   262    43330.0000    40258.3833  3616203    7.09%
  46912 23550    42958.0962   285    43330.0000    40259.1394  3639876    7.09%
  47136 23752    42358.7984   309    43330.0000    40260.5944  3664144    7.08%
  47421 24011        cutoff          43330.0000    40262.6312  3687458    7.08%
  47707 24270    40601.6397   372    43330.0000    40263.7449  3711209    7.08%
Elapsed time = 514.47 sec. (587510.18 ticks, tree = 249.65 MB, solutions = 39)
  47894 24427    40703.8832   362    43330.0000    40263.9882  3734100    7.08%
  48250 24767    43083.5737   198    43330.0000    40264.0816  3759705    7.08%
  48471 24957    41057.6751   346    43330.0000    40265.5774  3783278    7.07%
  48711 25176    40556.2068   387    43330.0000    40266.2820  3807569    7.07%
  48890 25339    41016.7946   408    43330.0000    40267.7341  3830435    7.07%
  49166 25586    41216.4748   368    43330.0000    40269.8310  3855385    7.06%
  49462 25862    41206.1066   377    43330.0000    40271.5375  3880219    7.06%
  49841 26213    41468.7014   385    43330.0000    40272.6383  3905164    7.06%
  50024 26381    42241.2220   314    43330.0000    40272.8550  3926989    7.06%
                                                      Cuts: 6                  
  50275 26608    41394.5507   351    43330.0000    40273.2791  3950542    7.05%
Elapsed time = 550.58 sec. (626244.36 ticks, tree = 274.99 MB, solutions = 39)
  50621 26923    40444.2817   395    43330.0000    40275.1140  3976566    7.05%
  50938 27206    40398.4519   396    43330.0000    40276.4653  4001014    7.05%
  51119 27375    41446.4450   366    43330.0000    40276.9757  4024097    7.05%
  51432 27660    41504.6957   324    43330.0000    40277.2588  4049692    7.05%
  51671 27868    41203.3679   360    43330.0000    40278.1351  4073505    7.04%
  51927 28100    42647.1786   325    43330.0000    40278.7669  4097834    7.04%
  52167 28302    41830.0604   311    43330.0000    40279.4049  4122408    7.04%
  52461 28570    40737.4179   387    43330.0000    40280.3219  4146003    7.04%
  52708 28785    40810.9563   392    43330.0000    40282.0497  4170747    7.03%
  53011 29066    42910.8953   282    43330.0000    40282.1846  4194813    7.03%
Elapsed time = 580.45 sec. (664693.52 ticks, tree = 308.41 MB, solutions = 39)
  53290 29310        cutoff          43330.0000    40283.3947  4219307    7.03%
  53595 29575    40805.8163   374    43330.0000    40284.7172  4244549    7.03%
  53949 29903    40520.1333   428    43330.0000    40286.9096  4269519    7.02%
  54121 30048    42371.1917   305    43330.0000    40287.2441  4292906    7.02%
  54378 30276    40953.2651   389    43330.0000    40288.0870  4317276    7.02%
  54791 30662    40413.1847   398    43330.0000    40288.4696  4342031    7.02%
  55072 30921    43160.1377   316    43330.0000    40289.6933  4366608    7.02%
  55380 31187    40368.8274   410    43330.0000    40291.7676  4390833    7.01%
  55586 31380    41299.5676   349    43330.0000    40292.0795  4415289    7.01%
  56076 31832    40996.9938   356    43330.0000    40293.3948  4440360    7.01%
Elapsed time = 610.42 sec. (703048.52 ticks, tree = 336.43 MB, solutions = 40)
  56288 32029    41413.1314   375    43330.0000    40293.4422  4463723    7.01%
  56602 32296    40677.7632   403    43330.0000    40294.8607  4489348    7.00%
  56798 32461    41690.6425   357    43330.0000    40295.4213  4513671    7.00%
  57062 32701    42209.0094   282    43330.0000    40296.7756  4537739    7.00%
                                                     Cuts: 14                  
  57285 32900    41738.6567   308    43330.0000    40297.2974  4560258    7.00%
                                                      Cuts: 7                  
  57498 33100    41757.9599   325    43330.0000    40298.0916  4584424    7.00%
  57820 33396    40584.2254   379    43330.0000    40298.5667  4607778    7.00%
  58073 33621    40677.8064   399    43330.0000    40299.5181  4631907    6.99%
  58258 33791    40323.6601   385    43330.0000    40300.8936  4655760    6.99%
  58560 34080    42394.4205   213    43330.0000    40301.3973  4679602    6.99%
Elapsed time = 640.48 sec. (741758.35 ticks, tree = 360.93 MB, solutions = 40)
  58852 34354    41531.9810   365    43330.0000    40301.4743  4702895    6.99%
  59067 34542    41801.8726   310    43330.0000    40301.9542  4726641    6.99%
  59351 34807    42061.9427   303    43330.0000    40302.5816  4751371    6.99%
  59590 35012    40430.7686   388    43330.0000    40303.4161  4774229    6.98%
  59908 35304    40865.7034   404    43330.0000    40303.8102  4798921    6.98%
  60085 35464    41362.2580   380    43330.0000    40304.3941  4822759    6.98%
  60394 35757    41754.1935   293    43330.0000    40304.8443  4847273    6.98%
  60668 35997    40504.8956   396    43330.0000    40305.4892  4871752    6.98%
  60977 36289    40475.1792   368    43330.0000    40306.0196  4896467    6.98%
  61280 36566    43061.8513   130    43330.0000    40306.4075  4921843    6.98%
Elapsed time = 670.09 sec. (780097.11 ticks, tree = 388.95 MB, solutions = 40)
  61559 36824    41529.4827   338    43330.0000    40306.8359  4946219    6.98%
  61930 37149    40913.8400   381    43330.0000    40307.0457  4970748    6.98%
  62134 37340    41941.1015   323    43330.0000    40307.2474  4994450    6.98%
  62348 37527    41965.8711   304    43330.0000    40308.0436  5017329    6.97%
  62688 37843    40464.8896   412    43330.0000    40309.1914  5041608    6.97%
  62917 38050    40657.2712   389    43330.0000    40310.2659  5065556    6.97%
  63139 38257    40829.3382   375    43330.0000    40310.4079  5088347    6.97%
  63490 38590    43193.2394    69    43330.0000    40310.6637  5113536    6.97%
  63725 38786    40778.6696   385    43330.0000    40311.2465  5137983    6.97%
  64043 39077    40435.7427   373    43330.0000    40312.6384  5162790    6.96%
Elapsed time = 701.89 sec. (818404.90 ticks, tree = 420.86 MB, solutions = 40)
  64328 39345    41185.4464   348    43330.0000    40312.8078  5187754    6.96%
  64542 39547    40721.6669   386    43330.0000    40314.0826  5212112    6.96%
  64857 39826    40534.5787   421    43330.0000    40314.2855  5236678    6.96%
  65154 40097    40438.8582   388    43330.0000    40314.3740  5259666    6.96%
                                                      Cuts: 6                  
  65397 40322    42362.4718   238    43330.0000    40315.0799  5282833    6.96%
  65597 40504    41294.2573   346    43330.0000    40316.1216  5306547    6.96%
  66034 40914    40489.5048   392    43330.0000    40316.5327  5331013    6.95%
  66267 41127    40755.3359   420    43330.0000    40316.6108  5351320    6.95%
  66447 41282    42158.2587   330    43330.0000    40316.8973  5375018    6.95%
  66671 41482    40881.4406   350    43330.0000    40317.0985  5398373    6.95%
Elapsed time = 733.19 sec. (856701.53 ticks, tree = 451.91 MB, solutions = 41)
  66926 41716    40818.4556   377    43330.0000    40317.4197  5421979    6.95%
  67208 41981    41748.5991   358    43330.0000    40317.8602  5445429    6.95%
  67491 42236    42136.6130   249    43330.0000    40318.4024  5469414    6.95%
                                                      Cuts: 5                  
  67903 42619    40671.3294   375    43330.0000    40318.9617  5492803    6.95%
                                                     Cuts: 11                  
  68110 42810    42785.7343   237    43330.0000    40319.2210  5515656    6.95%
                                                     Cuts: 18                  
  68336 43016    41946.7229   287    43330.0000    40319.6348  5538492    6.95%
  68677 43314    41570.8649   364    43330.0000    40320.3274  5562254    6.95%
  68892 43520    42431.7634   287    43330.0000    40322.0565  5585019    6.94%
                                                     Cuts: 10                  
  69154 43753    41020.0587   361    43330.0000    40322.3739  5608275    6.94%
  69409 43990    42456.9304   322    43330.0000    40322.5568  5632026    6.94%
Elapsed time = 762.95 sec. (895031.70 ticks, tree = 481.68 MB, solutions = 41)
  69713 44267    41666.7958   363    43330.0000    40322.5973  5655689    6.94%
  69943 44484    42169.5843   314    43330.0000    40323.2465  5677984    6.94%
                                                      Cuts: 4                  
  70183 44698    41601.3119   337    43330.0000    40323.6425  5701604    6.94%
  70368 44869    42490.6163   271    43330.0000    40324.4437  5723919    6.94%
                                                      Cuts: 4                  
  70581 45052    42016.2143   304    43330.0000    40324.8762  5747432    6.94%
  70806 45250    41175.7395   351    43330.0000    40325.2464  5770592    6.93%
  71117 45534    40902.6588   399    43330.0000    40326.0434  5794208    6.93%
  71296 45708    42583.9522   284    43330.0000    40326.2357  5817148    6.93%
  71536 45930    42088.7425   302    43330.0000    40326.6081  5840529    6.93%
  71875 46249    40345.4850   421    43330.0000    40327.6057  5864665    6.93%
Elapsed time = 792.76 sec. (933292.91 ticks, tree = 511.90 MB, solutions = 41)
  72076 46427    40464.5764   404    43330.0000    40328.3464  5888301    6.93%
  72341 46667    40953.2129   338    43330.0000    40328.9390  5912371    6.93%
  72526 46830    40803.4480   362    43330.0000    40329.1814  5936193    6.93%
  72796 47071    40437.9838   405    43330.0000    40329.2054  5960380    6.93%
  73006 47266    43158.0987   213    43330.0000    40329.3187  5984448    6.93%
  73156 47399    42752.2063   307    43330.0000    40330.2762  6007821    6.92%
  73331 47553    43214.0391   287    43330.0000    40330.6881  6031783    6.92%
  73549 47756    42953.3582   293    43330.0000    40331.0570  6054569    6.92%
  73813 47994    42463.3786   281    43330.0000    40331.7671  6078758    6.92%
  74055 48204    40487.0140   389    43330.0000    40331.9610  6102778    6.92%
Elapsed time = 822.67 sec. (971706.01 ticks, tree = 536.20 MB, solutions = 41)
  74312 48443    40472.3852   408    43330.0000    40332.5328  6127369    6.92%
  74504 48619    41758.8917   327    43330.0000    40332.9752  6151332    6.92%
  74707 48808    42006.0187   336    43330.0000    40333.0612  6174656    6.92%
  74906 48982    40855.6122   370    43330.0000    40333.9021  6199043    6.91%
  75188 49245    40495.9379   408    43330.0000    40335.1887  6223725    6.91%
  75395 49440    43218.2056   209    43330.0000    40335.3823  6247878    6.91%
  75631 49651    42713.6534   276    43330.0000    40335.8003  6270550    6.91%
                                                     Cuts: 10                  
  75852 49843    42496.7759   311    43330.0000    40337.1532  6293555    6.91%
  76195 50157    40901.7033   358    43330.0000    40338.0631  6316998    6.91%
                                                      Cuts: 5                  
  76419 50356    40457.4264   391    43330.0000    40338.2288  6340905    6.90%
Elapsed time = 854.30 sec. (1010098.67 ticks, tree = 559.21 MB, solutions = 41)
  76614 50530    42048.5909   313    43330.0000    40338.5495  6364699    6.90%
  76833 50723    40634.4488   400    43330.0000    40338.9962  6386861    6.90%
  77035 50897    42063.5690   349    43330.0000    40339.2472  6409978    6.90%
  77251 51091    41416.4305   360    43330.0000    40339.7334  6433851    6.90%
  77462 51280    42466.4048   322    43330.0000    40340.4846  6456886    6.90%
  77642 51441    42114.2137   288    43330.0000    40340.8020  6480118    6.90%
  77864 51651    42396.9258   317    43330.0000    40341.3038  6503448    6.90%
  78042 51813    41154.2860   368    43330.0000    40341.6051  6527022    6.90%
  78272 52025    41031.7669   381    43330.0000    40341.7575  6548074    6.90%
  78495 52228    42302.2246   275    43330.0000    40341.9291  6572085    6.90%
Elapsed time = 884.09 sec. (1048498.92 ticks, tree = 581.38 MB, solutions = 41)
  78738 52441    40924.5341   396    43330.0000    40342.6224  6595764    6.89%
  78937 52625    42408.5821   297    43330.0000    40342.8260  6619365    6.89%
  79184 52851    40958.3302   395    43330.0000    40343.1252  6643191    6.89%
  79384 53032    40549.2740   381    43330.0000    40343.3001  6666845    6.89%
  79576 53207    41711.0096   339    43330.0000    40343.6422  6688184    6.89%
  79803 53413    42680.7307   285    43330.0000    40343.8529  6712006    6.89%
  80030 53625    41391.2635   347    43330.0000    40344.1027  6735784    6.89%
  80372 53932    40597.5584   383    43330.0000    40344.5213  6760462    6.89%
  80556 54099    41849.6437   341    43330.0000    40344.6660  6783830    6.89%
  80796 54307    41327.7080   360    43330.0000    40344.7134  6808021    6.89%
Elapsed time = 915.70 sec. (1086827.40 ticks, tree = 612.57 MB, solutions = 41)
  80999 54494    42515.2793   307    43330.0000    40345.2641  6831920    6.89%
  81180 54645    42054.1673   309    43330.0000    40345.4457  6854979    6.89%
  81340 54793    42041.6121   342    43330.0000    40345.7499  6877351    6.89%
  81533 54959    41343.4604   325    43330.0000    40346.5774  6900982    6.89%
  81763 55178    42393.6222   284    43330.0000    40346.8571  6924880    6.88%
  81997 55380    42036.8542   325    43330.0000    40347.4501  6949635    6.88%
  82277 55621    40513.5102   380    43330.0000    40347.7328  6973796    6.88%
  82708 56024    40483.6437   383    43330.0000    40347.9831  6998625    6.88%
  82898 56196    40439.0008   414    43330.0000    40348.0457  7021877    6.88%
  83196 56472    40978.5734   402    43330.0000    40348.2434  7045426    6.88%
Elapsed time = 946.01 sec. (1125113.93 ticks, tree = 640.50 MB, solutions = 41)
  83371 56633    41073.2153   395    43330.0000    40348.4430  7068505    6.88%
  83588 56839    41769.0548   240    43330.0000    40348.5977  7091902    6.88%
                                                      Cuts: 3                  
  83929 57152    40766.3480   394    43330.0000    40348.7636  7115430    6.88%
  84231 57427    40474.2767   406    43330.0000    40350.0770  7139996    6.88%
  84417 57597    41446.1052   335    43330.0000    40350.1873  7163698    6.88%
  84627 57793    42278.9484   331    43330.0000    40350.7161  7188110    6.88%
  84854 57997    40461.0019   382    43330.0000    40351.0064  7212095    6.88%
                                                      Cuts: 2                  
  85039 58168    42327.8929   338    43330.0000    40351.2475  7234758    6.87%
                                                      Cuts: 5                  
  85217 58332    42263.6608   322    43330.0000    40351.4484  7257146    6.87%
  85469 58567    41383.3208   363    43330.0000    40351.8388  7280929    6.87%
Elapsed time = 980.83 sec. (1163638.85 ticks, tree = 672.76 MB, solutions = 41)
  85663 58735    40571.2022   391    43330.0000    40352.4478  7304764    6.87%
  85946 58997    41944.4526   278    43330.0000    40352.5688  7330146    6.87%
  86184 59211    41243.7906   370    43330.0000    40352.7276  7354640    6.87%
  86371 59374    40823.0873   407    43330.0000    40352.9598  7378193    6.87%
  86570 59557    42607.4972   295    43330.0000    40353.0420  7402157    6.87%
  86780 59743    41150.8080   367    43330.0000    40353.6235  7425338    6.87%
  87026 59970    42145.1946   248    43330.0000    40353.7034  7449428    6.87%
  87328 60247    41223.8496   395    43330.0000    40354.0295  7472708    6.87%
  87495 60398    43005.5451   282    43330.0000    40354.2219  7495986    6.87%
  87691 60574    41596.5047   370    43330.0000    40354.6705  7519544    6.87%
Elapsed time = 1013.03 sec. (1202025.49 ticks, tree = 698.70 MB, solutions = 41)
  87934 60781    40431.4673   400    43330.0000    40354.9807  7543717    6.87%
  88237 61064    41992.7704   319    43330.0000    40355.4350  7568431    6.86%
  88469 61276    41278.2370   374    43330.0000    40355.8425  7592635    6.86%
  88662 61452    41382.6181   337    43330.0000    40356.2233  7614840    6.86%
  88850 61611    40829.1114   406    43330.0000    40356.4829  7638507    6.86%
  89028 61771    41943.7736   352    43330.0000    40356.8858  7661533    6.86%
  89266 61990    40572.0992   402    43330.0000    40357.1725  7685729    6.86%
  89508 62218    42322.0433   330    43330.0000    40357.3610  7710278    6.86%
  89795 62473    40603.8205   392    43330.0000    40358.1506  7734106    6.86%
  90015 62682    42583.0856   264    43330.0000    40358.4030  7756723    6.86%
Elapsed time = 1045.05 sec. (1240340.42 ticks, tree = 723.01 MB, solutions = 41)
  90271 62912    41779.1679   338    43330.0000    40358.9706  7781043    6.86%
  90556 63177    42592.7034   241    43330.0000    40359.2123  7805194    6.86%
                                                      Cuts: 9                  
  90817 63412    41307.8470   366    43330.0000    40359.7023  7828892    6.86%
  91030 63613    41758.2112   255    43330.0000    40359.9874  7852507    6.85%
  91343 63897    40437.3196   389    43330.0000    40360.0423  7875806    6.85%
  91562 64106    41736.3067   377    43330.0000    40360.1388  7899228    6.85%
  91785 64306    40991.0324   369    43330.0000    40360.2659  7923439    6.85%
  92061 64564    41518.1564   309    43330.0000    40360.5470  7946667    6.85%
  92305 64781    40558.7957   412    43330.0000    40360.7271  7969911    6.85%
  92529 64984    41405.0059   285    43330.0000    40360.9409  7993921    6.85%
Elapsed time = 1075.41 sec. (1278623.81 ticks, tree = 746.56 MB, solutions = 41)
  92720 65160    40391.7364   385    43330.0000    40361.4877  8017201    6.85%
  92940 65364    41209.1729   348    43330.0000    40361.7099  8040951    6.85%
  93279 65670    40684.4383   380    43330.0000    40362.0553  8065331    6.85%
  93442 65818    41072.7886   375    43330.0000    40362.4595  8088343    6.85%
  93678 66031    40436.3355   390    43330.0000    40363.0985  8112884    6.85%
  93892 66217    41283.2179   332    43330.0000    40363.6689  8135068    6.85%
  94173 66479    42487.2872   246    43330.0000    40364.0217  8159366    6.85%
  94355 66634    41067.9951   364    43330.0000    40364.5236  8182518    6.84%
  94534 66800    41998.4920   318    43330.0000    40364.7878  8206377    6.84%
  94762 67001    40770.7596   384    43330.0000    40365.7658  8230219    6.84%
Elapsed time = 1105.19 sec. (1316967.40 ticks, tree = 778.59 MB, solutions = 41)
  95007 67231    43136.4048   243    43330.0000    40366.0907  8254762    6.84%
  95241 67430    41181.7802   371    43330.0000    40366.2253  8277715    6.84%
                                                      Cuts: 2                  
  95456 67632    42021.2693   260    43330.0000    40366.3295  8301656    6.84%
  95684 67845    41257.9882   356    43330.0000    40366.7859  8324887    6.84%
  95947 68090    42197.8390   296    43330.0000    40366.8837  8347886    6.84%
  96293 68402    41198.6288   361    43330.0000    40367.5834  8371655    6.84%
                                                      Cuts: 9                  
  96519 68607    42361.9004   228    43330.0000    40367.9863  8395493    6.84%
  96769 68842    41061.6248   369    43330.0000    40368.0419  8419257    6.84%
  96962 69010    40482.4745   399    43330.0000    40368.4711  8442916    6.83%
  97144 69172    40871.8511   366    43330.0000    40368.8099  8464783    6.83%
Elapsed time = 1134.75 sec. (1355250.58 ticks, tree = 808.32 MB, solutions = 41)
  97356 69372    42781.1595   202    43330.0000    40369.0219  8488698    6.83%
  97642 69624    40906.6335   398    43330.0000    40369.6894  8511499    6.83%
  97903 69861    41380.7787   372    43330.0000    40369.8130  8535889    6.83%
  98316 70249    40873.7142   397    43330.0000    40370.0809  8560810    6.83%
  98495 70410    41301.8833   392    43330.0000    40370.3311  8584034    6.83%
  98779 70665    40648.4991   420    43330.0000    40370.7863  8608147    6.83%
  98931 70806    41506.8273   371    43330.0000    40371.1395  8630773    6.83%
  99263 71112    40478.4022   414    43330.0000    40371.2732  8654523    6.83%
  99395 71239    42759.2063   289    43330.0000    40371.3467  8677813    6.83%
  99578 71397    41187.6245   341    43330.0000    40371.7180  8701552    6.83%
Elapsed time = 1164.38 sec. (1393661.37 ticks, tree = 837.58 MB, solutions = 41)
  99859 71669    40881.4358   374    43330.0000    40371.8309  8726327    6.83%
 100117 71894    40545.1621   414    43330.0000    40372.5300  8750285    6.83%
 100285 72039    41812.4225   336    43330.0000    40372.9086  8773818    6.82%
 100543 72275    41167.8874   374    43330.0000    40373.4547  8797540    6.82%
 100719 72430    42039.2832   350    43330.0000    40373.8036  8820547    6.82%
 100960 72650    41540.3741   317    43330.0000    40374.0647  8844387    6.82%
 101185 72845    41788.0878   353    43330.0000    40374.1167  8868577    6.82%
 101387 73026    40859.4141   371    43330.0000    40374.4762  8892470    6.82%
 101663 73275    40609.4657   402    43330.0000    40374.5704  8915791    6.82%
 101972 73562    42238.0092   270    43330.0000    40374.7111  8940120    6.82%
Elapsed time = 1193.91 sec. (1432055.54 ticks, tree = 874.61 MB, solutions = 41)
 102179 73755    41537.9880   341    43330.0000    40374.9212  8963108    6.82%
 102480 74024    40381.1569   407    43330.0000    40374.9844  8987538    6.82%
 102677 74204    41642.7984   353    43330.0000    40375.0830  9011560    6.82%
 102880 74385    41261.7277   341    43330.0000    40375.4841  9035478    6.82%
 103039 74532    41544.8826   361    43330.0000    40375.6510  9059324    6.82%
 103231 74711    42344.6641   266    43330.0000    40375.8113  9082196    6.82%
                                                      Cuts: 6                  
 103492 74950    40684.5037   378    43330.0000    40376.0116  9105670    6.82%
 103701 75128    42357.6849   275    43330.0000    40376.0532  9129163    6.82%
 103986 75391    41140.6126   366    43330.0000    40376.4501  9152893    6.82%
 104185 75578    40682.7831   379    43330.0000    40376.8781  9176837    6.82%
Elapsed time = 1223.88 sec. (1470441.25 ticks, tree = 893.73 MB, solutions = 42)
 104404 75773    41479.1701   346    43330.0000    40377.1307  9200875    6.81%
 104687 76017    41205.1667   364    43330.0000    40377.4538  9225555    6.81%
 105024 76331    42202.1066   320    43330.0000    40377.6296  9249825    6.81%
 105294 76569    40799.6423   382    43330.0000    40378.3939  9274132    6.81%
 105561 76822    43209.7285   317    43330.0000    40378.6165  9297979    6.81%
 105766 77005    42782.0383   306    43330.0000    40378.7732  9321557    6.81%
 105973 77191    40426.8345   416    43330.0000    40378.8720  9344796    6.81%
 106161 77364    42846.8860   238    43330.0000    40378.8973  9368179    6.81%
                                                  Flowcuts: 3                  
 106382 77562    42837.4766   314    43330.0000    40379.2696  9390687    6.81%
 106632 77778    41751.8141   324    43330.0000    40380.0714  9414730    6.81%
Elapsed time = 1253.45 sec. (1508764.28 ticks, tree = 916.66 MB, solutions = 42)
 106935 78059    42481.2270   285    43330.0000    40380.2932  9438426    6.81%
 107232 78319    40565.7870   391    43330.0000    40380.9726  9461627    6.81%
 107471 78541    41159.1610   359    43330.0000    40381.6869  9484814    6.80%
 107660 78712    42130.7150   294    43330.0000    40381.7759  9508440    6.80%
 107909 78931    40814.0675   393    43330.0000    40382.0325  9531817    6.80%
 108121 79120    41774.0267   370    43330.0000    40382.1728  9554610    6.80%
 108293 79273    40915.7702   391    43330.0000    40382.4679  9577983    6.80%
 108550 79512    41174.9298   359    43330.0000    40382.9360  9602031    6.80%
 108847 79794    42849.6804   156    43330.0000    40383.0646  9625904    6.80%
 109028 79948    42398.5160   269    43330.0000    40383.1370  9649125    6.80%
Elapsed time = 1283.09 sec. (1547086.17 ticks, tree = 944.99 MB, solutions = 42)
 109352 80230    41856.9523   327    43330.0000    40383.4142  9673548    6.80%
 109507 80364    40712.0420   398    43330.0000    40383.8968  9695555    6.80%
                                                      Cuts: 2                  
 109855 80692    40459.8138   397    43330.0000    40384.2210  9719793    6.80%
 110018 80847    43171.2084   282    43330.0000    40384.4287  9741660    6.80%
 110232 81031    42648.2085   255    43330.0000    40384.6026  9764996    6.80%
 110434 81197    40859.2395   396    43330.0000    40384.8004  9787330    6.80%
 110677 81429    41870.4229   328    43330.0000    40384.8956  9811032    6.80%
 110905 81641    42914.2570   237    43330.0000    40385.0741  9835497    6.80%
 111135 81838    43033.3321   278    43330.0000    40385.2956  9858992    6.80%
 111307 81988    40800.0377   391    43330.0000    40385.6465  9882363    6.80%
Elapsed time = 1313.20 sec. (1585436.61 ticks, tree = 973.16 MB, solutions = 42)
 111566 82219    40666.9775   382    43330.0000    40386.1796  9906606    6.79%
 111785 82417    41250.0293   363    43330.0000    40386.3069  9930723    6.79%
 112049 82657    40863.2884   380    43330.0000    40386.7128  9954553    6.79%
 112236 82822    41254.5941   360    43330.0000    40386.8556  9978247    6.79%
 112494 83060    42425.6443   315    43330.0000    40387.2580 10002470    6.79%
 112698 83245    40436.2947   405    43330.0000    40387.7146 10025853    6.79%
 112914 83449    42423.9840   255    43330.0000    40387.8557 10049944    6.79%
 113272 83773    40584.0181   428    43330.0000    40388.0911 10074252    6.79%
 113505 83986    42649.1325   272    43330.0000    40388.1304 10097202    6.79%
 113702 84158    42001.7867   316    43330.0000    40388.3793 10119763    6.79%
Elapsed time = 1344.47 sec. (1623783.69 ticks, tree = 996.92 MB, solutions = 43)
 114022 84457    41443.2874   333    43330.0000    40389.5323 10144052    6.79%
 114280 84675    40516.2103   396    43330.0000    40389.9022 10167988    6.79%
 114490 84871    42881.6386   273    43330.0000    40389.9376 10192405    6.79%
 114709 85070    42404.2765   241    43330.0000    40390.2076 10216364    6.78%
 114888 85223    41043.2479   382    43330.0000    40390.4802 10239484    6.78%
                                                      Cuts: 8                  
 115062 85385    41482.2804   328    43330.0000    40390.7034 10261239    6.78%
 115349 85645    41226.1788   377    43330.0000    40391.1732 10285059    6.78%
 115610 85894    41391.6401   361    43330.0000    40391.3453 10308885    6.78%
 115890 86155    43121.5015    75    43330.0000    40391.4352 10333097    6.78%
 116250 86471    40819.8327   381    43330.0000    40391.5084 10356929    6.78%
Elapsed time = 1374.33 sec. (1662146.57 ticks, tree = 1020.78 MB, solutions = 43)
 116453 86649    41289.3205   322    43330.0000    40391.7444 10380863    6.78%
 116642 86824    41126.8802   394    43330.0000    40392.2101 10403944    6.78%
 116945 87112    42138.6276   256    43330.0000    40392.2699 10428109    6.78%
 117200 87334    40938.9205   360    43330.0000    40392.6512 10451297    6.78%
 117461 87575    41554.7692   330    43330.0000    40392.9300 10475386    6.78%
 117680 87772    42937.9318   270    43330.0000    40393.1557 10498933    6.78%
 117950 87998    41438.2526   322    43330.0000    40393.5254 10522568    6.78%
 118127 88165    41252.8205   325    43330.0000    40393.6825 10545978    6.78%
 118360 88382    40550.6306   410    43330.0000    40394.1488 10569329    6.78%
 118582 88595    41134.0534   347    43330.0000    40394.3818 10592756    6.78%
Elapsed time = 1403.88 sec. (1700407.76 ticks, tree = 1047.01 MB, solutions = 43)
 118765 88761    40787.7377   394    43330.0000    40394.5326 10615485    6.77%
 118956 88929    41179.9683   366    43330.0000    40394.6882 10638250    6.77%
 119147 89102    42519.7018   286    43330.0000    40395.0183 10661850    6.77%
 119377 89305    40694.1787   355    43330.0000    40395.3328 10685859    6.77%
 119567 89474    42045.1867   284    43330.0000    40395.4283 10709306    6.77%
                                                    Covers: 1                  
 119832 89718    42679.5047   220    43330.0000    40396.0628 10735823    6.77%
 120114 89964    43079.1318   113    43330.0000    40396.2954 10759553    6.77%
 120321 90145    41407.2766   366    43330.0000    40396.5876 10782987    6.77%
 120507 90314    42178.6210   340    43330.0000    40396.8248 10806345    6.77%
 120700 90487    41528.3289   332    43330.0000    40397.1401 10829568    6.77%
Elapsed time = 1433.44 sec. (1738694.54 ticks, tree = 1076.48 MB, solutions = 43)
 120886 90657    42742.9058   238    43330.0000    40397.4256 10853343    6.77%
 121110 90843    42361.3382   294    43330.0000    40397.6152 10876362    6.77%
 121281 90985    40739.5115   398    43330.0000    40397.9421 10899398    6.77%
 121592 91271    42021.5859   326    43330.0000    40398.2040 10922751    6.77%
                                                      Cuts: 3                  
 121727 91396    40805.9332   380    43330.0000    40398.5303 10945048    6.77%
 122022 91664    43063.4147   158    43330.0000    40398.9976 10968719    6.76%
 122221 91846    43085.5585   272    43330.0000    40399.1497 10992090    6.76%
 122428 92024    41948.6826   303    43330.0000    40399.3079 11014722    6.76%
 122605 92188    41941.7842   280    43330.0000    40399.5349 11037226    6.76%
 122960 92517    40976.7551   376    43330.0000    40399.6290 11061349    6.76%
Elapsed time = 1463.00 sec. (1776961.66 ticks, tree = 1097.24 MB, solutions = 43)
 123150 92682    41202.6410   339    43330.0000    40399.7551 11083738    6.76%
 123382 92888    40482.4381   390    43330.0000    40399.8561 11107793    6.76%
 123534 93028    42225.9055   335    43330.0000    40399.9090 11130256    6.76%
 123728 93197    41237.8133   343    43330.0000    40400.0185 11153673    6.76%
 123955 93387    42001.0966   343    43330.0000    40400.2524 11177056    6.76%
 124192 93595    41568.3641   348    43330.0000    40400.8175 11201085    6.76%
                                                      Cuts: 9                  
 124367 93753    43123.0679   237    43330.0000    40400.9717 11224330    6.76%
                                                      Cuts: 6                  
 124561 93925    42723.5278   229    43330.0000    40401.3297 11246972    6.76%
 124727 94075    42090.1711   334    43330.0000    40401.3982 11268503    6.76%
 124982 94310    41269.6288   354    43330.0000    40401.7029 11292381    6.76%
Elapsed time = 1492.76 sec. (1815396.03 ticks, tree = 1117.78 MB, solutions = 43)
 125152 94465    42285.9102   270    43330.0000    40401.7836 11315186    6.76%
                                                      Cuts: 7                  
 125341 94628    41213.3644   373    43330.0000    40401.8325 11338429    6.76%
 125517 94789    41477.6182   369    43330.0000    40402.0287 11360419    6.76%
 125737 94989    41407.7193   352    43330.0000    40402.1805 11382712    6.76%
                                                     Cuts: 11                  
 125907 95139    40795.2794   395    43330.0000    40402.3285 11405619    6.76%
 126065 95284    41309.4565   370    43330.0000    40402.8084 11428794    6.76%
 126442 95635    41948.6370   265    43330.0000    40402.9970 11451785    6.76%
 126660 95825    41401.9801   385    43330.0000    40403.0634 11474640    6.75%
 126918 96063    43243.6344   184    43330.0000    40403.0728 11498674    6.75%
 127149 96254    40460.3640   412    43330.0000    40403.2461 11520715    6.75%
Elapsed time = 1522.45 sec. (1853760.83 ticks, tree = 1136.79 MB, solutions = 43)
 127428 96518    42571.7526   243    43330.0000    40403.4423 11544376    6.75%
 127648 96710    40751.0921   415    43330.0000    40403.7532 11567256    6.75%
 127902 96944    41832.8948   280    43330.0000    40403.8914 11591034    6.75%
 128139 97164    42681.2155   347    43330.0000    40403.9453 11614562    6.75%
 128329 97325    40748.3197   383    43330.0000    40404.0259 11636676    6.75%
 128525 97500    41420.7777   369    43330.0000    40404.1865 11660155    6.75%
 128707 97657    43252.1978   184    43330.0000    40404.3174 11683028    6.75%
 128918 97843    41172.1090   381    43330.0000    40404.5022 11705953    6.75%
 129162 98069    41215.8834   363    43330.0000    40404.6444 11729568    6.75%
 129475 98364    42881.4102   228    43330.0000    40404.8108 11753142    6.75%
Elapsed time = 1551.89 sec. (1892073.04 ticks, tree = 1163.52 MB, solutions = 43)
 129671 98542    42876.2148   238    43330.0000    40405.1095 11777057    6.75%
 129880 98725    42966.4024   241    43330.0000    40405.4084 11800610    6.75%
 130080 98898    40616.0410   381    43330.0000    40405.7124 11823132    6.75%
 130310 99117    43139.5646   171    43330.0000    40405.9376 11847236    6.75%
 130456 99244    42453.3924   300    43330.0000    40406.0014 11869815    6.75%
 130712 99474    40631.5606   381    43330.0000    40406.2766 11893822    6.75%
 130911 99668    42426.2511   257    43330.0000    40406.3336 11916500    6.75%
 131098 99826    40730.4749   393    43330.0000    40406.4278 11939970    6.75%
                                                      Cuts: 2                  
 131306 100001    41502.8563   323    43330.0000    40406.8907 11962779    6.75%
 131587 100250    41510.1898   371    43330.0000    40407.1286 11986248    6.75%
Elapsed time = 1581.38 sec. (1930344.02 ticks, tree = 1192.94 MB, solutions = 43)
 131904 100530    42216.1682   316    43330.0000    40407.3285 12008831    6.75%
 132135 100741    40753.6212   401    43330.0000    40407.6306 12032591    6.74%
 132349 100942    41390.8616   360    43330.0000    40407.7193 12055059    6.74%
 132623 101183    42425.8741   246    43330.0000    40407.8294 12079672    6.74%
 132867 101397    41581.8103   325    43330.0000    40408.0724 12103049    6.74%
 133098 101602    40743.9103   392    43330.0000    40408.4134 12126260    6.74%
 133273 101767    42746.3378   290    43330.0000    40408.5621 12150019    6.74%
 133462 101932    41239.1412   399    43330.0000    40408.7938 12172670    6.74%
                                                    Covers: 1                  
 133674 102124    41417.9677   314    43330.0000    40408.9324 12195928    6.74%
 133953 102374    40531.9410   379    43330.0000    40409.0486 12220132    6.74%
Elapsed time = 1612.01 sec. (1968638.98 ticks, tree = 1221.33 MB, solutions = 43)
 134152 102552    41726.9464   336    43330.0000    40409.1949 12243765    6.74%
 134410 102773    41093.1543   404    43330.0000    40409.4608 12266471    6.74%
 134594 102938    42099.0764   348    43330.0000    40409.6345 12289678    6.74%
 134799 103117    40474.9257   415    43330.0000    40409.8926 12312549    6.74%
 135031 103332    40931.1083   345    43330.0000    40409.9030 12336484    6.74%
 135244 103529    42936.6829   228    43330.0000    40409.9814 12360145    6.74%
 135422 103689    41006.3561   368    43330.0000    40410.1261 12382332    6.74%
 135624 103872    42639.6960   256    43330.0000    40410.4118 12405733    6.74%
 135826 104046    40956.2022   387    43330.0000    40410.7007 12429185    6.74%
 135974 104187    41261.0645   352    43330.0000    40410.9093 12451336    6.74%
Elapsed time = 1648.20 sec. (2007015.27 ticks, tree = 1238.98 MB, solutions = 43)
 136213 104397    40545.7714   398    43330.0000    40411.4127 12475521    6.74%
 136371 104539    42679.8645   251    43330.0000    40411.5003 12498854    6.74%
 136746 104896    40480.9575   401    43330.0000    40411.6105 12522731    6.74%
 136915 105047    40707.2289   357    43330.0000    40411.9613 12545951    6.73%
 137148 105264    43187.0921   215    43330.0000    40412.0011 12569539    6.73%
 137354 105431    40878.7521   370    43330.0000    40412.2372 12592822    6.73%
 137600 105664    40987.0794   374    43330.0000    40412.6536 12616401    6.73%
 137836 105883    40480.7473   402    43330.0000    40412.8039 12640363    6.73%
 138016 106052    42467.1564   314    43330.0000    40413.0962 12663256    6.73%
 138215 106233    40900.4116   370    43330.0000    40413.2838 12686023    6.73%
Elapsed time = 1686.95 sec. (2045429.94 ticks, tree = 1266.16 MB, solutions = 44)
 138407 106406    40703.2242   402    43330.0000    40413.4243 12710186    6.73%
 138596 106574    40756.8417   384    43330.0000    40413.5460 12733738    6.73%
 138822 106763    40517.7489   390    43330.0000    40413.8275 12757725    6.73%
 138969 106907    42382.7458   274    43330.0000    40413.9314 12780969    6.73%
 139182 107092    41474.5927   327    43330.0000    40414.1033 12804662    6.73%
 139479 107370    42793.9724   298    43330.0000    40414.4482 12828512    6.73%
 139713 107579    40841.8491   371    43330.0000    40414.5966 12852511    6.73%
 139929 107772    41282.9633   308    43330.0000    40414.7057 12875599    6.73%
 140159 107970    40929.2996   367    43330.0000    40414.9449 12900171    6.73%
 140338 108131    41884.1141   384    43330.0000    40415.0038 12923539    6.73%
Elapsed time = 1716.38 sec. (2083864.05 ticks, tree = 1283.90 MB, solutions = 45)
 140515 108288    41819.7511   290    43330.0000    40415.1721 12946493    6.73%
 140745 108491    40779.3296   389    43330.0000    40415.4709 12969951    6.73%
 140906 108636    41822.2180   350    43330.0000    40415.7150 12993388    6.73%
 141127 108823    40637.1235   403    43330.0000    40416.0071 13016510    6.73%
 141323 109006    40781.7965   375    43330.0000    40416.0721 13040152    6.72%
 141575 109236    40542.7022   380    43330.0000    40416.1819 13063984    6.72%
 141786 109423    41914.4826   325    43330.0000    40416.2442 13087820    6.72%
 141975 109590    40731.0163   374    43330.0000    40416.5361 13111693    6.72%
 142181 109783    41619.2192   310    43330.0000    40416.5884 13135619    6.72%
 142429 110004    40891.7323   383    43330.0000    40416.6850 13158773    6.72%
Elapsed time = 1745.88 sec. (2122260.97 ticks, tree = 1305.99 MB, solutions = 46)
 142616 110173    42219.2194   308    43330.0000    40416.7682 13182528    6.72%
 142921 110437    40751.6004   388    43330.0000    40416.8815 13206870    6.72%
 143121 110619    40896.3764   380    43330.0000    40417.2238 13229550    6.72%
 143343 110822    40972.1830   383    43330.0000    40417.2734 13253941    6.72%
 143557 111017    41353.7919   332    43330.0000    40417.3249 13278199    6.72%
 143885 111320    40466.7240   419    43330.0000    40417.4657 13302574    6.72%
 144071 111493    41912.0714   359    43330.0000    40417.7146 13325772    6.72%
 144262 111666    40675.3111   402    43330.0000    40417.9308 13348445    6.72%
 144428 111811    40809.1680   407    43330.0000    40418.1757 13371959    6.72%
 144662 112033    43282.6192   128    43330.0000    40418.2306 13395160    6.72%
Elapsed time = 1775.61 sec. (2161009.63 ticks, tree = 1331.71 MB, solutions = 47)
 144812 112161    41942.1703   284    43330.0000    40418.4393 13418208    6.72%
 145077 112395    42154.3230   320    43330.0000    40418.8068 13442400    6.72%
 145230 112531    40858.1661   419    43330.0000    40419.1144 13464897    6.72%
 145467 112754    41884.4359   315    43330.0000    40419.2655 13487915    6.72%
 145630 112907    42604.1489   303    43330.0000    40419.5090 13510793    6.72%
 145814 113074    41990.7838   343    43330.0000    40419.5772 13534613    6.72%
 145951 113197    41894.6069   331    43330.0000    40419.6262 13556592    6.72%
 146153 113381    41351.4633   362    43330.0000    40419.7145 13580402    6.72%
 146330 113539    41823.0799   300    43330.0000    40419.8192 13603299    6.72%
 146497 113694    40982.1459   380    43330.0000    40419.8959 13627517    6.72%
Elapsed time = 1804.86 sec. (2199338.03 ticks, tree = 1347.27 MB, solutions = 47)
 146673 113852    41016.3257   389    43330.0000    40420.0469 13650729    6.72%
 146916 114076    41874.1862   336    43330.0000    40420.2816 13674619    6.72%
 147100 114247    41956.7948   311    43330.0000    40420.3419 13697207    6.72%
 147312 114428    41099.8210   351    43330.0000    40420.5914 13720911    6.71%
 147462 114567    42242.6611   313    43330.0000    40420.7057 13743179    6.71%
 147765 114840    41367.3685   317    43330.0000    40420.9947 13767521    6.71%
 148023 115087    40488.3836   395    43330.0000    40421.1249 13791259    6.71%
 148284 115321    40864.3297   389    43330.0000    40421.2519 13814809    6.71%
 148434 115456    41062.4977   383    43330.0000    40421.5013 13838132    6.71%
 148689 115681    40506.2597   394    43330.0000    40421.7285 13862886    6.71%
Elapsed time = 1834.23 sec. (2237844.17 ticks, tree = 1371.67 MB, solutions = 47)
 148833 115810    40580.4410   418    43330.0000    40421.9062 13886031    6.71%
 149070 116035    43212.4873   103    43330.0000    40422.0319 13910435    6.71%
 149216 116155    40832.3586   383    43330.0000    40422.2533 13932918    6.71%
 149515 116423        cutoff          43330.0000    40422.3011 13956655    6.71%
                                                      Cuts: 2                  
 149682 116580    42997.0894   245    43330.0000    40422.4736 13979621    6.71%
 149866 116735    41403.9306   334    43330.0000    40422.5443 14002494    6.71%
 150056 116915    42448.3607   295    43330.0000    40422.7096 14025919    6.71%
 150314 117139    40905.9566   354    43330.0000    40422.9653 14048298    6.71%
 150506 117310    40914.9065   378    43330.0000    40423.1494 14071447    6.71%
 150830 117600    40551.7499   411    43330.0000    40423.3047 14095238    6.71%
Elapsed time = 1863.61 sec. (2276158.84 ticks, tree = 1395.63 MB, solutions = 47)
 150985 117739    41137.8579   345    43330.0000    40423.4606 14118174    6.71%
 151242 117956    41295.4304   347    43330.0000    40423.5822 14141916    6.71%
 151461 118143    40680.8882   387    43330.0000    40423.8798 14165769    6.71%
 151668 118336    40918.8552   365    43330.0000    40424.0125 14187531    6.71%
 151956 118611    40488.8030   382    43330.0000    40424.4336 14210749    6.71%
 152127 118768    40542.2778   413    43330.0000    40424.4998 14235056    6.71%
 152318 118944    42868.1774   267    43330.0000    40424.5409 14259205    6.71%
 152462 119073    42433.0977   338    43330.0000    40424.7390 14281409    6.70%
                                                      Cuts: 8                  
 152674 119257    41066.2142   360    43330.0000    40425.1619 14304607    6.70%
 152891 119455    43049.0425   246    43330.0000    40425.2932 14328542    6.70%
Elapsed time = 1893.36 sec. (2314691.75 ticks, tree = 1422.03 MB, solutions = 47)
 153080 119626    42432.2092   280    43330.0000    40425.3944 14350605    6.70%
                                                      Cuts: 5                  
 153311 119842    41041.7496   365    43330.0000    40425.4160 14374554    6.70%
 153692 120203    43085.1771   131    43330.0000    40425.6145 14399073    6.70%
 153831 120331    42656.8506   299    43330.0000    40425.7020 14421186    6.70%
 154107 120580    42037.2295   306    43330.0000    40425.9414 14445153    6.70%
 154397 120840    40644.3077   405    43330.0000    40426.0604 14468862    6.70%
                                                      Cuts: 6                  
 154595 121015    42498.2966   291    43330.0000    40426.1482 14491562    6.70%
 154783 121187    42440.4053   269    43330.0000    40426.2536 14514223    6.70%
 154977 121361    42826.5188   243    43330.0000    40426.5293 14537812    6.70%
 155121 121492    42096.4559   345    43330.0000    40426.6138 14558927    6.70%
Elapsed time = 1923.17 sec. (2353138.19 ticks, tree = 1450.22 MB, solutions = 47)
 155348 121688    40479.5692   404    43330.0000    40426.6840 14582028    6.70%
 155572 121893    41136.5242   355    43330.0000    40426.7224 14605118    6.70%
 155919 122204    43312.0290   195    43330.0000    40426.7876 14629150    6.70%
 156115 122375    41931.5071   327    43330.0000    40427.3615 14653110    6.70%
 156301 122537    43213.6880   207    43330.0000    40427.3784 14676194    6.70%
 156466 122684    41356.3364   350    43330.0000    40427.4723 14699599    6.70%
 156634 122836    41651.0100   331    43330.0000    40427.7310 14723213    6.70%
 156807 122994    40770.0829   384    43330.0000    40427.9870 14746082    6.70%
 157013 123174    41949.5767   244    43330.0000    40428.0063 14769707    6.70%
 157230 123373    41777.4875   340    43330.0000    40428.1971 14793408    6.70%
Elapsed time = 1952.42 sec. (2391395.53 ticks, tree = 1474.81 MB, solutions = 47)
 157425 123558    42598.3284   246    43330.0000    40428.4810 14817179    6.70%
 157610 123726    42035.7120   293    43330.0000    40428.8761 14840817    6.70%
 157787 123892    42191.0055   285    43330.0000    40428.8881 14863784    6.70%
 158117 124195    41248.7853   350    43330.0000    40429.1025 14886380    6.69%
 158278 124340    40563.8463   362    43330.0000    40429.3356 14908742    6.69%
 158559 124597    40583.3135   416    43330.0000    40429.5126 14932881    6.69%
 158741 124763    41317.0482   358    43330.0000    40429.5950 14956107    6.69%
 159127 125099    40739.0134   383    43330.0000    40430.0527 14981322    6.69%
 159313 125266    41661.9572   362    43330.0000    40430.2268 15004731    6.69%
 159530 125464    41159.4772   386    43330.0000    40430.3934 15028254    6.69%
Elapsed time = 1981.88 sec. (2429790.34 ticks, tree = 1500.89 MB, solutions = 47)
 159716 125633    40855.6397   380    43330.0000    40430.4521 15051950    6.69%
 159969 125866    43122.6082   215    43330.0000    40430.6964 15075834    6.69%
 160118 126000    42688.7814   293    43330.0000    40430.7886 15098304    6.69%
 160440 126289    41540.3250   333    43330.0000    40430.9166 15122582    6.69%
 160646 126483    42476.5389   315    43330.0000    40431.1733 15145853    6.69%
 160888 126699    41962.0652   328    43330.0000    40431.4493 15169740    6.69%
 161106 126884    40681.6899   382    43330.0000    40431.5200 15193087    6.69%
 161349 127104    40646.3771   383    43330.0000    40431.9162 15217156    6.69%
 161550 127290    40756.1497   387    43330.0000    40432.1661 15240106    6.69%
 161804 127502    40512.1377   408    43330.0000    40432.3929 15264179    6.69%
Elapsed time = 2011.26 sec. (2468117.47 ticks, tree = 1530.18 MB, solutions = 47)
 162018 127693    40967.4311   383    43330.0000    40432.4624 15286963    6.69%
 162345 128003    41994.4635   274    43330.0000    40432.5183 15311651    6.69%
 162569 128213    42280.0227   308    43330.0000    40432.6487 15335634    6.69%
 162766 128384    41286.0395   321    43330.0000    40432.8478 15358000    6.69%
 162979 128585    42094.6840   333    43330.0000    40433.0273 15381725    6.69%
 163344 128920    40748.4577   423    43330.0000    40433.1410 15405757    6.69%
 163521 129081    41475.5250   326    43330.0000    40433.2222 15428306    6.69%
 163893 129428    40447.2110   394    43330.0000    40433.2499 15452496    6.69%
 164052 129566    41107.8555   353    43330.0000    40433.3760 15475483    6.69%
                                                    Covers: 1                  
 164247 129748    41280.7837   309    43330.0000    40433.5321 15498952    6.68%
Elapsed time = 2040.88 sec. (2506398.46 ticks, tree = 1551.03 MB, solutions = 47)
 164474 129959    43143.5766   212    43330.0000    40433.6161 15523668    6.68%
 164609 130084    42101.5925   307    43330.0000    40433.6522 15545801    6.68%
 164811 130268    41593.4362   228    43330.0000    40433.8059 15568809    6.68%
 165065 130488    41328.7463   358    43330.0000    40433.9224 15591373    6.68%
 165263 130665    40987.4772   364    43330.0000    40433.9943 15614933    6.68%
 165503 130889    43271.7699   228    43330.0000    40434.0180 15638383    6.68%
 165845 131197    41557.7119   359    43330.0000    40434.2563 15662720    6.68%
 166021 131357    40911.8830   369    43330.0000    40434.3387 15685502    6.68%
 166389 131712    42917.5683   124    43330.0000    40434.5219 15710497    6.68%
 166540 131848    42009.3502   329    43330.0000    40434.5686 15732846    6.68%
Elapsed time = 2070.59 sec. (2544712.83 ticks, tree = 1589.78 MB, solutions = 47)
 166748 132017    41573.5956   345    43330.0000    40434.7107 15755626    6.68%
 166942 132193    43287.9599   265    43330.0000    40434.9438 15779071    6.68%
 167150 132379        cutoff          43330.0000    40435.0752 15801991    6.68%
 167306 132530    42728.5169   262    43330.0000    40435.4032 15824962    6.68%
 167530 132732    41000.5150   352    43330.0000    40435.5896 15848609    6.68%
 167788 132974    41931.0528   368    43330.0000    40435.7727 15872272    6.68%
 167982 133149    41858.2611   221    43330.0000    40436.0795 15896249    6.68%
 168250 133401    41721.1277   371    43330.0000    40436.2213 15920248    6.68%
 168503 133619    43197.7140   208    43330.0000    40436.3170 15944280    6.68%
 168750 133834    41578.0309   344    43330.0000    40436.3728 15968032    6.68%
Elapsed time = 2099.94 sec. (2583031.39 ticks, tree = 1613.28 MB, solutions = 47)
 168977 134036    40810.1305   365    43330.0000    40436.4855 15992349    6.68%
 169181 134221    41373.1391   366    43330.0000    40436.5496 16014745    6.68%
 169462 134489    42780.5303   252    43330.0000    40436.6351 16038615    6.68%
 169691 134698    41248.9681   345    43330.0000    40436.9091 16062487    6.68%
 169902 134887    40769.3171   402    43330.0000    40436.9951 16085352    6.68%
 170164 135123    41017.0363   381    43330.0000    40437.1023 16108888    6.68%
 170340 135285    41932.8399   316    43330.0000    40437.2084 16131624    6.68%
 170519 135446    40986.4944   386    43330.0000    40437.3150 16155043    6.68%
 170681 135598    41029.7493   373    43330.0000    40437.3769 16177790    6.68%
 170889 135781    40764.1201   388    43330.0000    40437.4768 16202350    6.68%
Elapsed time = 2130.14 sec. (2621427.38 ticks, tree = 1647.35 MB, solutions = 47)
 171090 135963    41669.9632   358    43330.0000    40437.5964 16226002    6.68%
 171338 136195    42977.4987   202    43330.0000    40437.6457 16250588    6.68%
 171518 136356    41819.3524   256    43330.0000    40437.7263 16273111    6.67%
 171889 136712    41448.2988   347    43330.0000    40437.9394 16297649    6.67%
 172116 136923    40528.1138   408    43330.0000    40438.1614 16320714    6.67%
 172323 137111    42600.2632   292    43330.0000    40438.1799 16344444    6.67%
 172536 137291    43018.8155   301    43330.0000    40438.2004 16367692    6.67%
 172728 137461    41779.9988   298    43330.0000    40438.3404 16391331    6.67%
 172946 137652    42426.3865   286    43330.0000    40438.3788 16415526    6.67%
 173180 137858    40952.3121   371    43330.0000    40438.5461 16439730    6.67%
Elapsed time = 2159.95 sec. (2659661.58 ticks, tree = 1678.43 MB, solutions = 47)
 173353 138021    41770.5744   326    43330.0000    40438.6227 16462757    6.67%
 173572 138207    40913.1353   359    43330.0000    40438.7207 16486749    6.67%
 173727 138343    41378.0824   357    43330.0000    40438.7759 16509242    6.67%
 173917 138510    43128.1316   261    43330.0000    40438.8480 16532892    6.67%
 174079 138654    41529.2020   367    43330.0000    40438.9553 16555419    6.67%
 174270 138818    41084.5784   404    43330.0000    40439.0275 16579085    6.67%
 174492 139030    40880.3289   375    43330.0000    40439.2958 16602788    6.67%
 174763 139279    40817.0046   374    43330.0000    40439.3540 16627175    6.67%
 174994 139490    40658.2419   413    43330.0000    40439.5079 16651136    6.67%
 175155 139639    43231.1856   242    43330.0000    40439.5528 16674121    6.67%
Elapsed time = 2190.30 sec. (2698062.95 ticks, tree = 1700.82 MB, solutions = 47)
 175409 139853    40496.6251   394    43330.0000    40439.8357 16698774    6.67%
 175568 140001    43094.8812   244    43330.0000    40439.8921 16720905    6.67%
 175767 140185    42959.9664   276    43330.0000    40440.1251 16744753    6.67%
 175926 140326    41710.5822   344    43330.0000    40440.2421 16767744    6.67%
 176152 140527    40770.6039   379    43330.0000    40440.3692 16791873    6.67%
 176262 140632    42751.9103   316    43330.0000    40440.4281 16812973    6.67%
 176476 140810    41334.5122   353    43330.0000    40440.6186 16836118    6.67%
 176723 141048    41812.3992   337    43330.0000    40440.7272 16860131    6.67%
 177015 141304    40921.7163   391    43330.0000    40440.8099 16884787    6.67%
 177239 141501    42100.9480   269    43330.0000    40441.1166 16908654    6.67%
Elapsed time = 2220.17 sec. (2736495.08 ticks, tree = 1723.29 MB, solutions = 47)
 177623 141854    43268.1238    80    43330.0000    40441.2890 16933967    6.67%
 177829 142040    41520.6715   365    43330.0000    40441.5384 16957298    6.67%
 178056 142236    40926.5983   378    43330.0000    40441.8332 16981106    6.67%
 178262 142433    41138.6721   377    43330.0000    40441.9339 17004133    6.67%
 178532 142687    41641.6097   324    43330.0000    40442.0304 17027015    6.67%
 178742 142875    40875.7839   383    43330.0000    40442.0920 17049820    6.66%
 178914 143032    42145.6697   347    43330.0000    40442.1735 17073032    6.66%
 179139 143225    40524.9519   395    43330.0000    40442.2817 17097018    6.66%
 179316 143394    41094.4535   378    43330.0000    40442.4600 17120164    6.66%
 179602 143638    40667.6818   383    43330.0000    40442.9142 17144654    6.66%
Elapsed time = 2249.83 sec. (2775103.37 ticks, tree = 1744.38 MB, solutions = 47)
 179784 143800    40503.1055   402    43330.0000    40443.0186 17167958    6.66%
 179977 143973    41027.0514   389    43330.0000    40443.0940 17190313    6.66%
 180206 144182    41819.0302   321    43330.0000    40443.4125 17213797    6.66%
 180503 144452    41298.4935   352    43330.0000    40443.8723 17237750    6.66%
 180694 144625    40942.0830   387    43330.0000    40443.9486 17261990    6.66%
 180972 144882    40991.8517   348    43330.0000    40444.1794 17286073    6.66%
 181160 145057    42543.4653   281    43330.0000    40444.2382 17308329    6.66%
 181440 145312    40896.3559   372    43330.0000    40444.3376 17332448    6.66%
 181590 145447    41689.8356   358    43330.0000    40444.7583 17354082    6.66%
 181805 145639    41007.7692   380    43330.0000    40444.9812 17377999    6.66%
Elapsed time = 2282.70 sec. (2813485.57 ticks, tree = 1768.95 MB, solutions = 48)

Cover cuts applied:  211
Flow cuts applied:  996
Mixed integer rounding cuts applied:  160
Flow path cuts applied:  56
Zero-half cuts applied:  63
Multi commodity flow cuts applied:  22
Lift and project cuts applied:  26
Gomory fractional cuts applied:  24

Root node processing (before b&c):
  Real time             =    1.12 sec. (1140.99 ticks)
Sequential b&c:
  Real time             = 5433.58 sec. (2812748.98 ticks)
                          ------------
Total (root+branch&cut) = 5434.70 sec. (2813889.97 ticks)

--- MIP status (107): time limit exceeded.
--- Cplex Time: 5435.38sec (det. 2813889.98 ticks)

--- Fixing integer variables and solving final LP...

Version identifier: 20.1.0.0 | 2020-11-10 | 9bedb6d68
CPXPARAM_Advance                                 2
CPXPARAM_Threads                                 1
CPXPARAM_MIP_Display                             4
CPXPARAM_TimeLimit                               3600
CPXPARAM_MIP_Tolerances_AbsMIPGap                0
CPXPARAM_MIP_Tolerances_MIPGap                   0
Tried aggregator 1 time.
LP Presolve eliminated 930 rows and 1471 columns.
Aggregator did 10 substitutions.
All rows and columns eliminated.
Presolve time = 0.00 sec. (0.57 ticks)

--- Fixed MIP status (1): optimal.
--- Cplex Time: 0.00sec (det. 0.97 ticks)


Resource limit exceeded
MIP Solution:        43330.000000    (17379497 iterations, 181815 nodes)
Final Solve:         43330.000000    (0 iterations)

Best possible:       40444.981163
Absolute gap:         2885.018837
Relative gap:            0.066582

--- Reading solution for model master
*** Status: Normal completion
--- Job bchfcnet.gms Stop 02/08/22 14:00:47 elapsed 1:30:38.359
