
--- Job bchfcnet.gms Start 02/08/22 15:34:43 34.3.0 rac355f3 WEX-WEI x86 64bit/MS Windows
--- Applying:
    C:\GAMS\34\gmsprmNT.txt
--- GAMS Parameters defined
    Input C:\Users\dekhi\Desktop\gamsworld\FCNetLib\test\bchfcnet.gms
    PageSize 0
    ScrDir C:\Users\dekhi\Desktop\gamsworld\FCNetLib\test\225a\
    SysDir C:\GAMS\34\
    LogOption 3
    ErrMsg 1
    ErrorLog 99
    IDE 1
    ResLim 3600
    LstTitleLeftAligned 1
Licensee: Eval License                                   S211214|0002AW-GEN
          Ostfalia Hochschule fuer angewandte Wissenschaften        DCE1645
          C:\Users\dekhi\Documents\GAMS\gamslice.txt
          License Admin: Mohamed Ali Dekhil, dekhil.medali@gmail.com       
          Evaluation license: Not for commercial or production use
GAMS 34.3.0   Copyright (C) 1987-2021 GAMS Development. All rights reserved
--- Starting compilation
--- bchfcnet.gms(34) 2 Mb
--- . decl.gms(15) 2 Mb
--- bchfcnet.gms(38) 2 Mb
--- . g200x740i.inc(1705) 3 Mb
--- bchfcnet.gms(67) 3 Mb
--- . equs.gms(20) 3 Mb
--- bchfcnet.gms(97) 3 Mb
--- call rm -f bchout_i.gdx startcut.txt startheur.txt cuthist.gdx agap.txt rgap.txt cntfail.txt
--- bchfcnet.gms(118) 3 Mb
--- Starting execution: elapsed 0:00:00.149
--- bchfcnet.gms(1763) 4 Mb
--- GDX File (execute_unload) C:\Users\dekhi\Desktop\gamsworld\FCNetLib\test\net.gdx
--- bchfcnet.gms(1854) 4 Mb
--- GDXin=C:\Users\dekhi\Desktop\gamsworld\FCNetLib\test\points\g200x740i.gdx
--- GDX File (execute_load) C:\Users\dekhi\Desktop\gamsworld\FCNetLib\test\points\g200x740i.gdx
--- Generating MIP model master
--- bchfcnet.gms(1858) 5 Mb
---   941 rows  1,481 columns  4,441 non-zeroes
---   740 discrete-columns
--- Executing CPLEX (Solvelink=2): elapsed 0:00:00.193

IBM ILOG CPLEX   34.3.0 rac355f3 Released Feb 25, 2021 WEI x86 64bit/MS Window

--- GAMS/Cplex Link licensed for continuous and discrete problems.

Reading parameter(s) from "C:\Users\dekhi\Desktop\gamsworld\FCNetLib\test\cplex.op2"
>>  mipstart 1
Finished reading from "C:\Users\dekhi\Desktop\gamsworld\FCNetLib\test\cplex.op2"

--- Space for names approximately 0.05 Mb
--- Use option 'names no' to turn use of names off
--- GMO memory 0.78 Mb (peak 0.79 Mb)
--- Dictionary memory 0.00 Mb
--- Cplex 20.1.0.0 link memory 0.04 Mb (peak 0.16 Mb)
--- Starting Cplex

Version identifier: 20.1.0.0 | 2020-11-10 | 9bedb6d68
CPXPARAM_Threads                                 1
CPXPARAM_MIP_Display                             4
CPXPARAM_TimeLimit                               3600
CPXPARAM_MIP_Tolerances_AbsMIPGap                0
CPXPARAM_MIP_Tolerances_MIPGap                   0
Generic callback                                 0x50
Processing 1 MIP starts.
MIP start 'm1' defined solution with objective 31628.0000.
1 of 1 MIP starts provided solutions.
MIP start 'm1' defined initial solution with objective 31628.0000.
Tried aggregator 1 time.
MIP Presolve eliminated 199 rows and 1 columns.
MIP Presolve added 398 rows and 0 columns.
Reduced MIP has 1139 rows, 1480 columns, and 3358 nonzeros.
Reduced MIP has 740 binaries, 0 generals, 0 SOSs, and 0 indicators.
Presolve time = 0.00 sec. (6.83 ticks)
Probing fixed 0 vars, tightened 6 bounds.
Probing time = 0.00 sec. (0.20 ticks)
Tried aggregator 1 time.
Detecting symmetries...
MIP Presolve modified 12 coefficients.
Reduced MIP has 1139 rows, 1480 columns, and 3358 nonzeros.
Reduced MIP has 740 binaries, 0 generals, 0 SOSs, and 0 indicators.
Presolve time = 0.00 sec. (5.90 ticks)
Probing time = 0.00 sec. (0.20 ticks)
Clique table members: 8.
MIP emphasis: balance optimality and feasibility.
MIP search method: dynamic search.
Parallel mode: none, using 1 thread.
Tried aggregator 1 time.
LP Presolve eliminated 541 rows and 541 columns.
Aggregator did 199 substitutions.
Reduced LP has 399 rows, 740 columns, and 1878 nonzeros.
Presolve time = 0.02 sec. (0.86 ticks)

Iteration log . . .
Iteration:     1   Dual objective     =            16.550000
Iteration:    88   Dual objective     =           905.820000
Iteration:   175   Dual objective     =          1479.010000
Iteration:   241   Dual objective     =          1952.015653
Iteration:   309   Dual objective     =          2247.910000
Initializing dual steep norms . . .
Root relaxation solution time = 0.02 sec. (4.01 ticks)

        Nodes                                         Cuts/
   Node  Left     Objective  IInf  Best Integer    Best Bound    ItCnt     Gap

*     0+    0                        31628.0000        0.0000           100.00%
Found incumbent of value 31628.000000 after 0.02 sec. (19.46 ticks)
      0     0     2292.4650   171    31628.0000     2292.4650      325   92.75%
      0     0    20813.1432   275    31628.0000     Cuts: 384      807   34.19%
      0     0    23268.0718   281    31628.0000     Cuts: 384     1128   26.43%
      0     0    24760.3316   337    31628.0000     Cuts: 332     1391   21.71%
      0     0    25417.6635   353    31628.0000     Cuts: 316     1690   19.64%
*     0+    0                        31557.0000    25417.6635            19.45%
Found incumbent of value 31557.000000 after 0.20 sec. (192.12 ticks)
      0     0  -1.00000e+75     0    31557.0000    25417.6635     1690   19.45%
      0     0    25985.4136   326    31557.0000     Cuts: 228     1944   17.66%
Detecting symmetries...
      0     0    26270.4355   328    31557.0000     Cuts: 212     2197   16.75%
      0     0    26437.6285   331    31557.0000     Cuts: 154     2417   16.22%
      0     0    26598.2024   342    31557.0000     Cuts: 129     2582   15.71%
      0     0    26662.5344   327    31557.0000     Cuts: 129     2707   15.51%
      0     0    26774.9472   347    31557.0000     Cuts: 140     2878   15.15%
      0     0    26812.4144   346    31557.0000     Cuts: 126     3007   15.03%
      0     0    26855.9899   322    31557.0000     Cuts: 165     3142   14.90%
      0     0    26883.1652   334    31557.0000      Cuts: 86     3242   14.81%
      0     0    26909.4177   340    31557.0000      Cuts: 91     3328   14.73%
      0     0    26930.9615   338    31557.0000      Cuts: 83     3405   14.66%
      0     0    26936.6489   354    31557.0000      Cuts: 67     3460   14.64%
      0     0    26949.1909   352    31557.0000      Cuts: 71     3536   14.60%
      0     0    26955.8426   338    31557.0000      Cuts: 66     3605   14.58%
      0     0    26960.9301   352    31557.0000      Cuts: 35     3646   14.56%
      0     0    26967.1302   353    31557.0000      Cuts: 14     3696   14.54%
      0     0    26973.8381   355    31557.0000      Cuts: 71     3740   14.52%
      0     0    26989.5996   349    31557.0000      Cuts: 26     3820   14.47%
      0     0    26996.9405   350    31557.0000      Cuts: 44     3874   14.45%
      0     0    27007.2001   347    31557.0000      Cuts: 31     3936   14.42%
      0     0    27013.9178   344    31557.0000      Cuts: 37     4014   14.40%
Detecting symmetries...
      0     2    27013.9178   344    31557.0000    27014.0246     4014   14.40%
Elapsed time = 1.02 sec. (992.04 ticks, tree = 0.01 MB, solutions = 3)
     20    22    27137.3760   307    31557.0000    27027.3322     5097   14.35%
     70    72    27975.1489   231    31557.0000    27027.3322     6961   14.35%
    199   191    27212.2689   232    31557.0000    27034.2920     9622   14.33%
                                                    Covers: 1                  
    247   239    29337.6001   173    31557.0000    27034.2920    11220   14.33%
    325   309    27429.0500   237    31557.0000    27034.5347    13577   14.33%
                                                    Covers: 3                  
    416   386    27386.2823   281    31557.0000    27043.4414    16125   14.30%
                                                    Covers: 2                  
    515   479    27129.4190   340    31557.0000    27046.9623    18872   14.29%
                                                     Cuts: 22                  

Performing restart 1

Repeating presolve.
Tried aggregator 1 time.
Reduced MIP has 1139 rows, 1480 columns, and 3358 nonzeros.
Reduced MIP has 740 binaries, 0 generals, 0 SOSs, and 0 indicators.
Presolve time = 0.00 sec. (5.26 ticks)
Tried aggregator 1 time.
Reduced MIP has 1139 rows, 1480 columns, and 3358 nonzeros.
Reduced MIP has 740 binaries, 0 generals, 0 SOSs, and 0 indicators.
Presolve time = 0.00 sec. (5.94 ticks)
Represolve time = 0.01 sec. (15.67 ticks)
Tried aggregator 1 time.
LP Presolve eliminated 31 rows and 31 columns.
Aggregator did 8 substitutions.
Reduced LP has 1780 rows, 1441 columns, and 7698 nonzeros.
Presolve time = 0.00 sec. (1.17 ticks)

Iteration log . . .
Iteration:     1   Dual objective     =            15.000000
Iteration:   138   Dual objective     =          4080.000000
Iteration:   255   Dual objective     =          5304.600000
Iteration:   356   Dual objective     =          6847.420000
Iteration:   496   Dual objective     =         14644.260000
Iteration:   637   Dual objective     =         23279.631557
Iteration:   751   Dual objective     =         25679.635924
Iteration:   843   Dual objective     =         26399.910517
Iteration:   914   Dual objective     =         26629.778343
Iteration:   981   Dual objective     =         26806.468686
Iteration:  1044   Dual objective     =         26902.758754
Iteration:  1106   Dual objective     =         26973.536371
Iteration:  1168   Dual objective     =         27004.449768
Iteration:  1230   Dual objective     =         27017.674332
Iteration:  1292   Dual objective     =         27024.228498
Initializing dual steep norms . . .
    518     0    27145.9166   368    31557.0000     Cuts: 129    20457   13.98%
    518     0    27260.5023   362    31557.0000     Cuts: 228    20688   13.62%
    518     0    27367.1974   384    31557.0000     Cuts: 384    20938   13.28%
    518     0    27432.1333   373    31557.0000     Cuts: 237    21177   13.07%
    518     0    27484.7944   393    31557.0000     Cuts: 201    21471   12.90%
    518     0    27525.1697   393    31557.0000     Cuts: 231    21744   12.78%
    518     0    27557.5478   395    31557.0000     Cuts: 319    21951   12.67%
    518     0    27586.9013   394    31557.0000     Cuts: 210    22151   12.58%
    518     0    27621.2477   409    31557.0000     Cuts: 160    22396   12.47%
    518     0    27652.5208   391    31557.0000     Cuts: 272    22665   12.37%
    518     0    27701.4953   395    31557.0000     Cuts: 240    23032   12.22%
    518     0    27736.9201   402    31557.0000     Cuts: 186    23303   12.11%
    518     0    27764.1287   399    31557.0000     Cuts: 188    23516   12.02%
    518     0    27790.4219   377    31557.0000     Cuts: 177    23716   11.94%
    518     0    27812.6312   407    31557.0000     Cuts: 133    23923   11.87%
    518     0    27839.5587   402    31557.0000     Cuts: 170    24176   11.78%
    518     0    27860.0785   396    31557.0000     Cuts: 179    24385   11.72%
    518     0    27894.3767   410    31557.0000     Cuts: 161    24625   11.61%
    518     0    27912.3309   410    31557.0000     Cuts: 190    24835   11.55%
    518     0    27926.0191   403    31557.0000     Cuts: 190    25034   11.51%
    518     0    27938.7104   398    31557.0000     Cuts: 119    25219   11.47%
    518     0    27951.8650   413    31557.0000     Cuts: 160    25466   11.42%
    518     0    27964.3045   411    31557.0000     Cuts: 168    25700   11.38%
    518     0    27979.3503   396    31557.0000     Cuts: 141    25912   11.34%
    518     0    27991.5835   397    31557.0000     Cuts: 240    26111   11.30%
    518     0    28002.7439   414    31557.0000     Cuts: 215    26311   11.26%
    518     0    28009.6976   408    31557.0000     Cuts: 114    26461   11.24%
    518     0    28018.5204   413    31557.0000     Cuts: 138    26632   11.21%
    518     0    28023.5510   419    31557.0000     Cuts: 120    26793   11.20%
    518     0    28030.8418   412    31557.0000     Cuts: 101    26916   11.17%
    518     0    28036.3150   424    31557.0000     Cuts: 117    27070   11.16%
    518     0    28041.5162   433    31557.0000     Cuts: 115    27206   11.14%
    518     0    28048.1726   433    31557.0000     Cuts: 141    27378   11.12%
    518     0    28051.7129   436    31557.0000      Cuts: 94    27519   11.11%
*   518+    0                        31277.0000    28051.7129            10.31%
Found incumbent of value 31276.999999 after 7.05 sec. (7157.73 ticks)
    518     2    28051.7129   439    31277.0000    28051.7226    27519   10.31%
    519     3    28051.8244   438    31277.0000    28051.8312    27523   10.31%
    522     6    28074.7115   413    31277.0000    28074.9501    28108   10.24%
Elapsed time = 8.34 sec. (9047.12 ticks, tree = 0.01 MB, solutions = 5)
    525     9    28079.8335   413    31277.0000    28077.5415    28500   10.23%
    534    18    28124.9703   398    31277.0000    28077.5415    30449   10.23%
    554    38    28400.7224   381    31277.0000    28077.5415    35979   10.23%
    622   106    29601.0362   294    31277.0000    28077.5415    41758   10.23%
    757   229    28218.6984   414    31277.0000    28079.9600    47096   10.22%
                                                     Cuts: 48                  
    794   266    28879.1441   321    31277.0000    28079.9600    55105   10.22%
    874   346    29619.3212   212    31277.0000    28079.9600    61891   10.22%
   1070   527    28447.3944   409    31277.0000    28102.4096    68984   10.15%
                                                     Cuts: 46                  
   1095   552    29265.5487   273    31277.0000    28110.0310    75652   10.13%
                                                    Covers: 3                  
   1121   578    28701.4757   403    31277.0000    28128.7740    79812   10.07%
                                                     Cuts: 41                  
Elapsed time = 15.91 sec. (19385.30 ticks, tree = 0.56 MB, solutions = 5)
   1164   621    29702.8957   296    31277.0000    28128.7740    86174   10.07%
   1268   716    28464.9329   401    31277.0000    28133.8380    90976   10.05%
                                                     Cuts: 38                  
   1284   732    28899.5793   340    31277.0000    28133.8380    97120   10.05%
   1329   777    29691.4820   267    31277.0000    28133.8380   103317   10.05%
   1408   850    28905.0350   369    31277.0000    28141.4610   109702   10.03%
   1458   896    31150.8096   253    31277.0000    28141.4610   116408   10.03%
   1477   911    28809.1073   336    31277.0000    28190.3214   120635    9.87%
   1618  1034    28292.8438   415    31277.0000    28195.2705   128956    9.85%
   1640  1056    29036.9678   339    31277.0000    28195.2705   134969    9.85%
   1748  1153    28406.8032   404    31277.0000    28195.7065   141841    9.85%
Elapsed time = 24.41 sec. (29690.41 ticks, tree = 1.06 MB, solutions = 5)
   1798  1203    30149.6457   265    31277.0000    28195.7065   148312    9.85%
   1867  1265    28390.0953   409    31277.0000    28202.3736   153168    9.83%
                                                     Cuts: 25                  
   1888  1286    29883.1211   318    31277.0000    28202.3736   159229    9.83%
   1951  1342    28397.9824   413    31277.0000    28208.5240   166834    9.81%
   1996  1387    29507.0092   228    31277.0000    28208.5240   173196    9.81%
   2041  1428    28981.8164   362    31277.0000    28215.6708   179117    9.79%
   2103  1478    28728.4634   408    31277.0000    28216.3995   187779    9.79%
                                                     Cuts: 29                  
   2163  1533    31014.4021   250    31277.0000    28216.3995   194768    9.79%
   2175  1541    28627.2556   402    31277.0000    28216.4698   199017    9.79%
                                                     Cuts: 22                  
   2218  1584    29797.2283   286    31277.0000    28216.4698   205254    9.79%
Elapsed time = 32.05 sec. (39740.50 ticks, tree = 1.43 MB, solutions = 5)
   2302  1656    28853.0470   408    31277.0000    28218.7470   211787    9.78%
   2317  1671    29396.7601   329    31277.0000    28218.7470   216855    9.78%
   2410  1757    28303.1552   416    31277.0000    28231.0558   225419    9.74%
   2427  1774    28868.1017   388    31277.0000    28231.0558   231392    9.74%
   2485  1832    29944.6676   272    31277.0000    28231.0558   237603    9.74%
   2530  1871    28552.5965   371    31277.0000    28244.3531   242972    9.70%
   2562  1903    29582.9496   318    31277.0000    28244.3531   249504    9.70%
   2607  1942    28453.9822   397    31277.0000    28259.5744   254498    9.65%
                                                      Cuts: 9                  
   2628  1963    29240.2252   343    31277.0000    28259.5744   260133    9.65%
   2745  2066    28465.5069   341    31277.0000    28259.6798   267764    9.65%
Elapsed time = 39.91 sec. (50051.30 ticks, tree = 1.93 MB, solutions = 5)
   2774  2095    29708.9139   333    31277.0000    28259.6798   273951    9.65%
   2808  2124    28564.1194   348    31277.0000    28265.1678   280082    9.63%
   2835  2151    29835.4805   314    31277.0000    28265.1678   286880    9.63%
   2888  2203    31060.3085   259    31277.0000    28265.1678   295192    9.63%
   2918  2228    29508.4992   283    31277.0000    28271.6796   301518    9.61%
   3036  2339    28484.4171   410    31277.0000    28271.7581   310010    9.61%
                                                     Cuts: 20                  
   3061  2364    29794.6937   300    31277.0000    28271.7581   316965    9.61%
   3101  2401    28476.3178   380    31277.0000    28293.0843   323054    9.54%
   3140  2438    29455.5330   262    31277.0000    28293.0843   329682    9.54%
   3321  2610    28419.9747   403    31277.0000    28297.9167   336775    9.52%
                                                     Cuts: 12                  
Elapsed time = 47.52 sec. (60513.98 ticks, tree = 2.41 MB, solutions = 5)
   3350  2639    29303.2226   306    31277.0000    28297.9167   342479    9.52%
   3445  2734    30893.2002   204    31277.0000    28297.9167   349735    9.52%
   3488  2769    28575.0708   368    31277.0000    28298.5080   354529    9.52%
                                                      Cuts: 5                  
   3506  2787    28979.5017   329    31277.0000    28298.5080   360578    9.52%
   3602  2883    30460.1012   260    31277.0000    28298.5080   367429    9.52%
   3658  2928    28580.8348   381    31277.0000    28302.7876   373015    9.51%
                                                     Cuts: 11                  
   3678  2948    29333.8472   315    31277.0000    28302.7876   379491    9.51%
   3785  3054    31099.2522   172    31277.0000    28302.7876   387098    9.51%
   3810  3073    28909.4968   356    31277.0000    28303.2179   392086    9.51%
   3836  3099    30103.5920   285    31277.0000    28303.2179   398707    9.51%
Elapsed time = 54.72 sec. (70254.08 ticks, tree = 2.83 MB, solutions = 5)
   3914  3172    28433.1960   392    31277.0000    28309.0113   404251    9.49%
   3933  3191    29232.3724   328    31277.0000    28309.0113   410819    9.49%
   4006  3254    28461.7377   373    31277.0000    28309.4097   417035    9.49%
   4044  3292    30198.3923   272    31277.0000    28309.4097   424425    9.49%
   4119  3359    28762.9972   390    31277.0000    28310.4976   430746    9.48%
   4153  3393    30539.5739   273    31277.0000    28310.4976   438237    9.48%
   4184  3419    28695.1306   398    31277.0000    28316.2440   445610    9.47%
   4227  3462    30262.6831   297    31277.0000    28316.2440   453305    9.47%
   4284  3509    28811.1183   387    31277.0000    28317.7529   460849    9.46%
   4365  3590    30856.2872   256    31277.0000    28317.7529   468172    9.46%
Elapsed time = 62.09 sec. (80085.30 ticks, tree = 3.24 MB, solutions = 5)
   4389  3605    28984.2689   332    31277.0000    28317.8865   474381    9.46%
                                                     Cuts: 14                  
   4495  3701    28512.2487   393    31277.0000    28318.2760   482429    9.46%
                                                      Cuts: 8                  
   4520  3726    29527.7868   338    31277.0000    28318.2760   489078    9.46%
   4568  3768    28671.2487   393    31277.0000    28319.9556   495036    9.45%
   4598  3798    29903.1969   265    31277.0000    28319.9556   501718    9.45%
   4704  3886    28491.0696   342    31277.0000    28325.6207   510658    9.44%
   4763  3945    30676.9014   307    31277.0000    28325.6207   517359    9.44%
   4792  3966    28812.4588   404    31277.0000    28326.8806   523085    9.43%
                                                      Cuts: 6                  
   4830  4004    29757.8380   217    31277.0000    28326.8806   529922    9.43%
   4884  4052    28874.7219   332    31277.0000    28327.0390   536362    9.43%
Elapsed time = 71.45 sec. (90532.76 ticks, tree = 3.62 MB, solutions = 5)
   4941  4109    30865.4276   255    31277.0000    28327.0390   542491    9.43%
   5009  4164    28869.6575   352    31277.0000    28329.7390   548216    9.42%
   5031  4186    29730.9462   337    31277.0000    28329.7390   554226    9.42%
   5079  4230    28479.5006   375    31277.0000    28334.9137   560644    9.41%
   5103  4254    29307.9771   330    31277.0000    28334.9137   566967    9.41%
   5188  4338    30815.2447   214    31277.0000    28334.9137   573984    9.41%
   5217  4361    28924.0516   336    31277.0000    28336.0546   579378    9.40%
                                                     Cuts: 15                  
   5264  4408    30344.5542   269    31277.0000    28336.0546   586551    9.40%
   5333  4469    28745.5154   329    31277.0000    28336.5231   593154    9.40%
   5550  4676    29814.5837   270    31277.0000    28338.0106   622321    9.40%
Elapsed time = 81.19 sec. (103198.70 ticks, tree = 4.38 MB, solutions = 5)
   5793  4889    29951.4482   311    31277.0000    28339.8613   650069    9.39%
   6146  5217    28549.1700   403    31277.0000    28342.4745   679844    9.38%
                                                     Cuts: 19                  
   6313  5377    31118.2126   256    31277.0000    28343.2055   709816    9.38%
   6502  5539    28652.5944   398    31277.0000    28350.8132   737923    9.36%
                                                     Cuts: 23                  
   6626  5652    30156.8756   300    31277.0000    28357.3986   761512    9.33%
   6842  5837    28920.4484   386    31277.0000    28359.3943   787985    9.33%
   7098  6078    28970.4098   364    31277.0000    28361.9861   814923    9.32%
   7207  6179    31004.7836   299    31277.0000    28362.9224   839561    9.32%
   7353  6311    30041.9975   246    31277.0000    28367.6632   865983    9.30%
   7590  6530    29445.4114   289    31277.0000    28368.1877   893427    9.30%
                                                     Cuts: 15                  
Elapsed time = 109.83 sec. (141832.47 ticks, tree = 5.98 MB, solutions = 5)
   7770  6697    28971.7636   386    31277.0000    28371.7630   921315    9.29%
                                                      Cuts: 4                  
   7909  6823    28960.9002   378    31277.0000    28374.0017   949288    9.28%
                                                      Cuts: 6                  
   8137  7035    31164.3783   191    31277.0000    28375.4830   980074    9.28%
   8245  7127    29405.9854   317    31277.0000    28376.7038  1009042    9.27%
   8438  7307    29516.4049   368    31277.0000    28379.8107  1036514    9.26%
   8663  7513    29572.8305   352    31277.0000    28385.7304  1062750    9.24%
   8789  7620    29063.7478   372    31277.0000    28388.1018  1087883    9.24%
   9053  7866    28736.0066   389    31277.0000    28390.1261  1112553    9.23%
                                                      Cuts: 6                  
   9173  7975    28713.9325   388    31277.0000    28393.4829  1137865    9.22%
   9386  8181    28579.5385   389    31277.0000    28396.0357  1164028    9.21%
Elapsed time = 140.11 sec. (180409.22 ticks, tree = 7.33 MB, solutions = 5)
   9514  8294    28616.3876   410    31277.0000    28397.3127  1191040    9.21%
   9601  8373    29596.3696   372    31277.0000    28398.0490  1218908    9.20%
   9775  8528    29216.9625   367    31277.0000    28399.8689  1246327    9.20%
  10035  8768    29590.7705   366    31277.0000    28401.8094  1276193    9.19%
  10277  8981    28797.1732   402    31277.0000    28404.3311  1306015    9.18%
  10429  9120    30420.4188   292    31277.0000    28406.8122  1334700    9.18%
  10586  9263    29497.8994   336    31277.0000    28406.8363  1362800    9.18%
  10724  9386    29868.0396   380    31277.0000    28408.0023  1387316    9.17%
                                                      Cuts: 4                  
* 10878+ 7998                        30950.0000    28408.8359             8.21%
                                                      Cuts: 7                  
Found incumbent of value 30950.000000 after 166.33 sec. (213983.91 ticks)
* 10878+ 7726                        30880.0000    28408.8359             8.00%
Found incumbent of value 30880.000000 after 166.69 sec. (214333.75 ticks)
* 10878+ 7466                        30822.0000    28408.8359             7.83%
Found incumbent of value 30822.000000 after 166.84 sec. (214455.53 ticks)
* 10878+ 6923                        30706.0000    28408.8359             7.48%
Found incumbent of value 30706.000000 after 166.92 sec. (214528.22 ticks)
* 10878+ 6317                        30568.0000    28408.8359             7.06%
Found incumbent of value 30568.000000 after 171.13 sec. (219263.35 ticks)
* 10878+ 6285                        30561.0000    28408.8359             7.04%
Found incumbent of value 30561.000000 after 171.47 sec. (219656.75 ticks)
* 10878+ 6238                        30550.0000    28408.8359             7.01%
Found incumbent of value 30550.000000 after 171.91 sec. (220145.28 ticks)
  10878  6237    30550.0000     0    30550.0000    28408.8359  1403390    7.01%
* 10879+ 6114                        30522.0000    28408.8359             6.92%
Found incumbent of value 30522.000000 after 176.42 sec. (225000.23 ticks)
* 10879+ 6082                        30514.0000    28408.8359             6.90%
Found incumbent of value 30514.000000 after 176.84 sec. (225495.23 ticks)
  10879  6084    28579.1942   407    30514.0000    28411.0530  1404283    6.89%
Elapsed time = 188.74 sec. (238626.43 ticks, tree = 5.90 MB, solutions = 17)
* 10880+ 6082                        30513.0000    28411.0530             6.89%
Found incumbent of value 30513.000000 after 194.02 sec. (244993.68 ticks)
* 10880+ 5970                        30490.0000    28411.0530             6.82%
Found incumbent of value 30490.000000 after 195.88 sec. (247073.51 ticks)
  10880  5972    28631.4731   415    30490.0000    28411.3848  1406251    6.82%
  10982  6062    30457.3899   294    30490.0000    28413.8172  1431330    6.81%
  11068  6138    29217.0150   363    30490.0000    28416.3132  1455193    6.80%
  11212  6262    29193.8979   373    30490.0000    28422.7725  1481425    6.78%
  11318  6355    29549.4176   376    30490.0000    28425.3317  1505447    6.77%
  11419  6433    28941.4730   349    30490.0000    28428.3727  1531310    6.76%
  11674  6661    28878.1236   387    30490.0000    28434.5900  1560565    6.74%
  11829  6802    29259.7937   376    30490.0000    28435.0807  1587973    6.74%
                                                     Cuts: 14                  
  12020  6968    28652.2541   403    30490.0000    28436.2306  1616867    6.74%
  12141  7064    28650.9857   408    30490.0000    28438.8006  1646541    6.73%
Elapsed time = 229.00 sec. (287956.59 ticks, tree = 6.72 MB, solutions = 19)
  12254  7164    28882.8848   393    30490.0000    28439.8452  1674772    6.72%
  12353  7254    29095.4581   345    30490.0000    28441.2960  1702504    6.72%
  12473  7355    29023.0608   380    30490.0000    28445.9164  1731169    6.70%
  12630  7498    30290.0578   299    30490.0000    28447.4044  1757172    6.70%
  12757  7602    29779.9112   310    30490.0000    28447.8535  1783084    6.70%
  12953  7787    30411.3907   260    30490.0000    28449.5526  1808159    6.69%
  13112  7928    30437.6627   169    30490.0000    28450.1876  1835246    6.69%
  13220  8020    29141.9475   405    30490.0000    28452.1649  1860138    6.68%
  13367  8146        cutoff          30490.0000    28453.2138  1887676    6.68%
  13499  8267    29289.6699   344    30490.0000    28455.7280  1913448    6.67%
Elapsed time = 259.47 sec. (326484.81 ticks, tree = 7.76 MB, solutions = 19)
  13669  8414    28897.1939   397    30490.0000    28458.0615  1941179    6.66%
  13820  8554    28877.2123   350    30490.0000    28461.1371  1969756    6.65%
  13984  8699    29155.4202   347    30490.0000    28464.9447  1999717    6.64%
                                                      Cuts: 7                  
  14096  8803    29374.3174   369    30490.0000    28465.4572  2028389    6.64%
  14204  8899    29862.0164   221    30490.0000    28466.3568  2055711    6.64%
  14361  9044    29378.7258   316    30490.0000    28467.3376  2084338    6.63%
  14487  9151    28959.0918   389    30490.0000    28468.5504  2113247    6.63%
  14599  9253    29548.2637   356    30490.0000    28469.7443  2138735    6.63%
                                                      Cuts: 6                  
  14703  9348    29853.9530   362    30490.0000    28470.0757  2166167    6.62%
  14819  9454    29355.0106   329    30490.0000    28471.3628  2191414    6.62%
Elapsed time = 290.80 sec. (364910.35 ticks, tree = 8.76 MB, solutions = 20)
  14918  9541    29500.9252   340    30490.0000    28471.8977  2216389    6.62%
  15002  9610    29434.2558   347    30490.0000    28472.1817  2240096    6.62%
  15221  9813    28825.0787   388    30490.0000    28473.4644  2267956    6.61%
  15356  9926    29133.4728   404    30490.0000    28476.0956  2295029    6.61%
  15474 10037    29019.0257   347    30490.0000    28476.4423  2321755    6.60%
  15563 10115    28653.3684   409    30490.0000    28476.7223  2346418    6.60%
  15682 10221    28911.9338   400    30490.0000    28476.9412  2372672    6.60%
  15849 10380    29627.3742   341    30490.0000    28478.3227  2400994    6.60%
  15968 10489    29752.3872   321    30490.0000    28483.5946  2429623    6.58%
  16185 10685    28706.2291   369    30490.0000    28484.6457  2459836    6.58%
                                                      Cuts: 6                  
Elapsed time = 324.03 sec. (403692.10 ticks, tree = 9.81 MB, solutions = 20)
  16311 10792    29038.7817   376    30490.0000    28489.5578  2487534    6.56%
  16447 10911    29554.0839   280    30490.0000    28492.2113  2516700    6.55%
  16589 11034    29038.5930   368    30490.0000    28493.0696  2544930    6.55%
  16717 11146    28839.1390   378    30490.0000    28493.9507  2573751    6.55%
  16870 11287    29140.3650   385    30490.0000    28494.2487  2603580    6.55%
  16990 11394    29284.6867   353    30490.0000    28494.6382  2632206    6.54%
  17154 11539    28714.8214   400    30490.0000    28495.0171  2659197    6.54%
  17288 11660    29512.6799   287    30490.0000    28497.0401  2685639    6.54%
  17401 11763    30372.9929   338    30490.0000    28497.8651  2712520    6.53%
  17490 11842    30048.4742   346    30490.0000    28498.4479  2737533    6.53%
Elapsed time = 354.91 sec. (442167.27 ticks, tree = 10.77 MB, solutions = 21)
  17628 11958    28750.3501   374    30490.0000    28499.5518  2764317    6.53%
  17766 12085    29185.8564   392    30490.0000    28500.1828  2788765    6.53%
  17859 12159    29131.7334   408    30490.0000    28501.5985  2815384    6.52%
  17991 12277    29888.4230   310    30490.0000    28502.9331  2842688    6.52%
  18099 12368    30347.5253   249    30490.0000    28503.1474  2868587    6.52%
  18310 12554    28958.8949   386    30490.0000    28504.1115  2895389    6.51%
  18397 12628    29013.1022   399    30490.0000    28504.5701  2923096    6.51%
                                                     Cuts: 12                  
  18561 12780    28697.8633   386    30490.0000    28505.0710  2949821    6.51%
                                                  Flowcuts: 9                  
  18680 12894    30167.0284   310    30490.0000    28505.7787  2978051    6.51%
  18837 13033    29641.0013   335    30490.0000    28509.2504  3006385    6.50%
                                                      Cuts: 6                  
Elapsed time = 386.33 sec. (480761.54 ticks, tree = 11.81 MB, solutions = 21)
  18995 13168        cutoff          30490.0000    28509.7837  3034986    6.49%
  19148 13309    30447.1408   308    30490.0000    28511.3288  3063767    6.49%
  19303 13442    28868.4898   400    30490.0000    28512.2834  3092532    6.49%
                                                    Covers: 2                  
  19411 13538    29250.1746   356    30490.0000    28512.6322  3121122    6.49%
  19554 13666    29077.6341   356    30490.0000    28513.3338  3149760    6.48%
  19688 13785    28597.5756   381    30490.0000    28514.2803  3176376    6.48%
  19785 13873    29488.6860   344    30490.0000    28515.0001  3200755    6.48%
                                                     Cuts: 19                  
  19953 14024    30072.2492   329    30490.0000    28516.1334  3228672    6.47%
  20189 14228    29003.7717   358    30490.0000    28518.0433  3255660    6.47%
  20264 14289    29258.0148   371    30490.0000    28518.5072  3280786    6.47%
Elapsed time = 416.42 sec. (519217.49 ticks, tree = 12.87 MB, solutions = 21)
  20450 14455    28822.1120   404    30490.0000    28520.3786  3301977    6.46%
  20595 14585    29405.0601   327    30490.0000    28521.8608  3322209    6.46%
  20798 14759    29145.6018   392    30490.0000    28522.1730  3342935    6.45%
  20947 14891    29414.2245   296    30490.0000    28523.4029  3363440    6.45%
                                                  Flowcuts: 3                  
  21097 15028    28941.2810   417    30490.0000    28524.1439  3382747    6.45%
  21227 15140    29285.2794   340    30490.0000    28524.6552  3403390    6.45%
  21350 15249    28855.9049   364    30490.0000    28525.5998  3421979    6.44%

Performing restart 2

Repeating presolve.
Tried aggregator 1 time.
MIP Presolve modified 2 coefficients.
Reduced MIP has 1139 rows, 1480 columns, and 3358 nonzeros.
Reduced MIP has 740 binaries, 0 generals, 0 SOSs, and 0 indicators.
Presolve time = 0.00 sec. (5.26 ticks)
Tried aggregator 1 time.
Reduced MIP has 1139 rows, 1480 columns, and 3358 nonzeros.
Reduced MIP has 740 binaries, 0 generals, 0 SOSs, and 0 indicators.
Presolve time = 0.00 sec. (5.94 ticks)
Represolve time = 0.06 sec. (44.33 ticks)
Tried aggregator 1 time.
LP Presolve eliminated 12 rows and 12 columns.
Aggregator did 4 substitutions.
Reduced LP has 2400 rows, 1464 columns, and 17645 nonzeros.
Presolve time = 0.02 sec. (1.92 ticks)

Iteration log . . .
Iteration:     1   Dual objective     =           465.000000
Iteration:   138   Dual objective     =          8481.865000
Iteration:   260   Dual objective     =          9772.756824
Iteration:   354   Dual objective     =         11096.537277
Iteration:   449   Dual objective     =         15684.306224
Iteration:   579   Dual objective     =         23575.173829
Iteration:   675   Dual objective     =         25023.417828
Iteration:   781   Dual objective     =         26120.388762
Iteration:   869   Dual objective     =         26702.666310
Iteration:   950   Dual objective     =         27059.310937
Iteration:  1021   Dual objective     =         27282.952733
Iteration:  1093   Dual objective     =         27433.438859
Iteration:  1162   Dual objective     =         27575.039289
Iteration:  1230   Dual objective     =         27758.346214
Iteration:  1299   Dual objective     =         27838.470186
Iteration:  1367   Dual objective     =         27932.930822
Iteration:  1433   Dual objective     =         27991.464985
Iteration:  1495   Dual objective     =         28022.918457
Iteration:  1562   Dual objective     =         28058.339791
Iteration:  1627   Dual objective     =         28101.587824
Iteration:  1695   Dual objective     =         28129.999910
Iteration:  1762   Dual objective     =         28143.765773
Iteration:  1827   Dual objective     =         28158.527444
Iteration:  1898   Dual objective     =         28169.732473
Iteration:  1965   Dual objective     =         28185.803741
Iteration:  2034   Dual objective     =         28199.734404
Iteration:  2102   Dual objective     =         28210.248334
Iteration:  2174   Dual objective     =         28216.967516
Iteration:  2242   Dual objective     =         28222.129803
Iteration:  2310   Dual objective     =         28226.132517
Iteration:  2378   Dual objective     =         28228.074867
Iteration:  2455   Dual objective     =         28229.028741
Iteration:  2477   Dual objective     =         28229.063285
Initializing dual steep norms . . .
  21462     0    28273.0218   436    30490.0000     Cuts: 109  3441819    6.44%
  21462     0    28288.2275   419    30490.0000      Cuts: 63  3442056    6.44%
  21462     0    28307.3062   421    30490.0000     Cuts: 232  3442350    6.44%
  21462     0    28317.8844   424    30490.0000     Cuts: 224  3442547    6.44%
  21462     0    28327.3101   417    30490.0000     Cuts: 145  3442689    6.44%
  21462     0    28341.3139   438    30490.0000     Cuts: 150  3442904    6.44%
  21462     0    28354.2216   424    30490.0000     Cuts: 184  3443104    6.44%
  21462     0    28362.3249   426    30490.0000     Cuts: 112  3443289    6.44%
  21462     0    28365.3173   426    30490.0000     Cuts: 109  3443410    6.44%
  21462     0    28369.1070   424    30490.0000      Cuts: 86  3443542    6.44%
  21462     2    28369.1070   428    30490.0000    28526.2522  3443542    6.44%
  21464     4    28393.3502   390    30490.0000    28526.2522  3444415    6.44%
  21467     7    28429.7893   398    30490.0000    28526.2522  3445134    6.44%
Elapsed time = 451.33 sec. (562115.62 ticks, tree = 0.04 MB, solutions = 25)
  21514    54    29338.9548   313    30490.0000    28526.2522  3453946    6.44%
  21747   251    29187.5450   332    30490.0000    28526.2522  3474819    6.44%
                                                     Cuts: 33                  
  22141   616    28820.7924   418    30490.0000    28526.2522  3500237    6.44%
                                                     Cuts: 64                  
  22518   952    28485.8513   408    30490.0000    28526.2522  3527824    6.44%
                                                     Cuts: 26                  
  22762  1174    28902.9373   390    30490.0000    28526.2522  3556391    6.44%
                                                     Cuts: 48                  
  23001  1393    28803.2252   381    30490.0000    28526.2522  3587757    6.44%
  23292  1660    28606.8713   410    30490.0000    28526.2522  3618740    6.44%
  23699  2049    28902.0909   416    30490.0000    28526.2522  3650266    6.44%
                                                     Cuts: 23                  
  24016  2341    28836.6830   407    30490.0000    28526.2522  3679642    6.44%
                                                     Cuts: 30                  
  24388  2680    29047.4824   380    30490.0000    28526.2522  3710721    6.44%
Elapsed time = 481.28 sec. (600639.90 ticks, tree = 2.36 MB, solutions = 27)
  24695  2971    29161.1800   340    30490.0000    28526.2522  3742040    6.44%
  25041  3286    30174.1940   306    30490.0000    28526.2522  3772839    6.44%
                                                     Cuts: 14                  
  25299  3526    29639.7639   388    30490.0000    28526.2522  3802958    6.44%
  25581  3790    28834.1228   394    30490.0000    28526.2522  3832734    6.44%
                                                     Cuts: 34                  
  25788  3972    28906.1311   407    30490.0000    28536.2087  3862866    6.41%
                                                     Cuts: 12                  
  26158  4326    29045.7888   418    30490.0000    28542.4681  3895821    6.39%
                                                     Cuts: 14                  
  26396  4542    29926.9244   268    30490.0000    28549.1843  3926796    6.37%
  26728  4851    29035.5815   388    30490.0000    28563.3350  3956542    6.32%
                                                     Cuts: 16                  
  26984  5085    29468.9138   344    30490.0000    28568.2520  3988302    6.30%
  27230  5314    30394.0504   234    30490.0000    28569.6441  4018924    6.30%
Elapsed time = 511.50 sec. (639576.38 ticks, tree = 4.63 MB, solutions = 28)
  27443  5506    29013.9019   391    30490.0000    28573.3515  4048696    6.29%
                                                     Cuts: 10                  
  27635  5682    29902.6699   202    30490.0000    28573.5140  4078325    6.29%
  27907  5930    30446.7031   249    30490.0000    28574.7225  4109324    6.28%
                                                     Cuts: 17                  
  28146  6146    29065.4552   380    30490.0000    28575.6441  4138698    6.28%
                                                     Cuts: 11                  
  28351  6330    29229.4287   389    30490.0000    28576.3318  4168921    6.28%
  28575  6539    29364.4619   386    30490.0000    28578.1223  4199555    6.27%
  28687  6638    29222.4365   323    30490.0000    28579.1699  4228798    6.27%
  28991  6921    30386.8965   284    30490.0000    28580.7909  4261287    6.26%
  29323  7224    29009.4124   400    30490.0000    28588.6725  4292772    6.24%
  29517  7397    29314.5923   366    30490.0000    28593.4470  4323137    6.22%
Elapsed time = 541.97 sec. (677965.60 ticks, tree = 6.32 MB, solutions = 29)
  29780  7644    29690.1223   371    30490.0000    28594.2027  4352681    6.22%
                                                      Cuts: 5                  
  29991  7832    30050.6236   325    30490.0000    28601.4869  4381300    6.19%
                                                     Cuts: 17                  
  30200  8020    30115.6711   265    30490.0000    28603.0783  4412147    6.19%
  30502  8291    28737.3663   375    30490.0000    28609.2634  4443856    6.17%
  30662  8430    29018.2132   376    30490.0000    28611.3709  4473616    6.16%
  30805  8552    29125.6800   320    30490.0000    28617.0574  4503954    6.14%
  31020  8751    29518.2005   361    30490.0000    28619.9553  4534270    6.13%
  31189  8901    29683.9159   340    30490.0000    28620.7006  4564436    6.13%
  31380  9076    29078.5256   378    30490.0000    28622.4288  4595251    6.13%
  31585  9256    28744.9980   404    30490.0000    28625.8120  4626122    6.11%
Elapsed time = 576.30 sec. (716617.87 ticks, tree = 8.15 MB, solutions = 30)
  31793  9440    29335.1888   348    30490.0000    28628.9123  4656453    6.10%
  32000  9630    30156.0158   323    30490.0000    28631.9041  4687836    6.09%
  32200  9800    28787.9249   399    30490.0000    28634.6479  4718585    6.09%
  32390  9978    30004.6199   291    30490.0000    28635.9978  4750660    6.08%
  32658 10218    30224.5742   320    30490.0000    28636.6020  4781989    6.08%
  32874 10413    28781.7996   382    30490.0000    28642.0683  4813352    6.06%
  33134 10642    28732.6448   393    30490.0000    28644.1039  4845207    6.05%
  33378 10868    29080.8172   392    30490.0000    28645.9527  4877221    6.05%
  33530 10998    29051.6710   376    30490.0000    28646.8584  4904953    6.05%
                                                     Cuts: 15                  
  33764 11204    29172.0027   349    30490.0000    28648.2705  4934995    6.04%
                                                     Cuts: 11                  
Elapsed time = 607.81 sec. (754982.20 ticks, tree = 9.75 MB, solutions = 30)
  33927 11350    29151.1100   361    30490.0000    28650.3160  4965029    6.03%
  34124 11532    30010.3390   283    30490.0000    28651.6836  4996134    6.03%
  34292 11678    29261.7635   356    30490.0000    28653.0961  5026632    6.02%
  34480 11841    29264.1373   329    30490.0000    28655.4699  5056832    6.02%
                                                     Cuts: 19                  
  34725 12057    29576.1394   313    30490.0000    28656.5069  5088145    6.01%
  34935 12241    30171.4788   316    30490.0000    28658.1769  5119002    6.01%
  35076 12359    29934.7871   335    30490.0000    28662.1261  5148705    5.99%
  35284 12538    29279.0107   380    30490.0000    28665.9850  5179017    5.98%
  35480 12713    30051.6770   324    30490.0000    28668.8816  5207569    5.97%
  35640 12851    29049.3661   357    30490.0000    28675.1676  5237938    5.95%
                                                      Cuts: 6                  
Elapsed time = 642.70 sec. (793322.87 ticks, tree = 11.09 MB, solutions = 30)
  35878 13056    29018.8268   347    30490.0000    28676.3657  5268587    5.95%
                                                     Cuts: 10                  
  36219 13372    29691.0889   358    30490.0000    28678.2441  5299589    5.94%
  36409 13537    29701.4375   350    30490.0000    28680.1596  5327911    5.94%
                                                     Cuts: 14                  
  36562 13669    29499.8457   312    30490.0000    28683.4649  5358355    5.93%
  36839 13922    29489.9846   319    30490.0000    28685.8601  5389324    5.92%
  37054 14113    28846.5208   423    30490.0000    28691.1781  5419984    5.90%
  37252 14292    30474.4267   244    30490.0000    28694.7448  5448695    5.89%
  37481 14499    29621.0849   350    30490.0000    28697.4686  5479000    5.88%
                                                  Flowcuts: 5                  
  37670 14674    30344.8711   298    30490.0000    28698.2664  5509066    5.88%
                                                     Cuts: 10                  
  37844 14826    29465.9986   356    30490.0000    28698.2664  5539426    5.88%
Elapsed time = 673.58 sec. (831625.95 ticks, tree = 12.71 MB, solutions = 30)
  37992 14951    28859.9538   357    30490.0000    28702.4399  5568346    5.86%
  38139 15087    30046.0991   359    30490.0000    28703.3225  5598378    5.86%
  38322 15249    29174.5371   373    30490.0000    28706.7067  5629165    5.85%
  38530 15433    29108.3230   344    30490.0000    28707.5058  5660051    5.85%
  38816 15694    29535.5519   330    30490.0000    28709.4867  5691621    5.84%
  39010 15869    28829.7078   401    30490.0000    28710.1683  5722648    5.84%
  39156 16000    29592.0989   361    30490.0000    28710.5673  5752857    5.84%
  39313 16136    29369.5182   365    30490.0000    28713.5050  5782803    5.83%
  39482 16283    28881.0157   419    30490.0000    28717.7174  5813538    5.81%
  39707 16489    28974.3596   379    30490.0000    28719.1919  5844917    5.81%
                                                     Cuts: 16                  
Elapsed time = 704.66 sec. (870222.71 ticks, tree = 14.75 MB, solutions = 31)
  39925 16690    29142.0451   379    30490.0000    28720.2235  5876089    5.80%
  40087 16833    29695.8242   278    30490.0000    28726.2345  5905918    5.78%
                                                      Cuts: 5                  
  40318 17044    29639.0304   301    30490.0000    28728.1756  5935393    5.78%
  40588 17292    30396.2679   131    30490.0000    28729.5391  5966180    5.77%
                                                      Cuts: 7                  
  40767 17433    30023.2069   328    30490.0000    28730.4579  5995417    5.77%
  40935 17581    29030.8550   389    30490.0000    28734.0322  6025649    5.76%
  41169 17792    29437.7252   384    30490.0000    28735.9719  6055185    5.75%
  41342 17944    29699.4129   219    30490.0000    28739.2419  6085906    5.74%
  41597 18179    29448.1837   371    30490.0000    28740.2696  6116010    5.74%
  41828 18383    29358.3288   354    30490.0000    28740.7567  6146962    5.74%
Elapsed time = 734.88 sec. (908534.21 ticks, tree = 16.42 MB, solutions = 32)
  42018 18559    29562.2419   368    30490.0000    28744.4657  6176725    5.72%
  42215 18736    29295.2702   366    30490.0000    28746.3217  6207558    5.72%
  42406 18911    30141.5177   359    30490.0000    28746.7695  6237881    5.72%
  42639 19106    29130.1555   362    30490.0000    28748.3767  6269101    5.71%
  42934 19378    30035.1182   260    30490.0000    28749.7965  6301492    5.71%
  43079 19499    29236.6935   388    30490.0000    28750.3879  6330844    5.71%
  43245 19645    30274.0490   239    30490.0000    28750.9465  6361709    5.70%
  43449 19827    30088.4472   299    30490.0000    28752.3465  6392278    5.70%
  43633 19987    28882.3238   365    30490.0000    28753.3976  6422615    5.70%
  43867 20201    29381.6796   399    30490.0000    28753.9439  6453899    5.69%
Elapsed time = 765.28 sec. (946894.19 ticks, tree = 17.98 MB, solutions = 32)
  44040 20352    29547.1554   334    30490.0000    28754.7769  6484072    5.69%
  44225 20512    28890.4444   373    30490.0000    28756.7176  6514923    5.68%
  44386 20658    29651.1197   342    30490.0000    28757.3949  6544615    5.68%
  44614 20861    29692.6557   319    30490.0000    28758.8192  6576517    5.68%
  44802 21024    28828.0115   388    30490.0000    28760.0371  6606500    5.67%
  45011 21206    29206.4618   339    30490.0000    28760.8722  6638026    5.67%
  45226 21405    29690.1279   346    30490.0000    28761.0028  6669169    5.67%
  45471 21610    29564.2230   301    30490.0000    28761.7764  6700375    5.67%
                                                  Flowcuts: 4                  
  45653 21775    30375.7515   285    30490.0000    28762.7591  6731026    5.66%
  45820 21919    29412.7015   361    30490.0000    28764.5105  6760928    5.66%
Elapsed time = 800.47 sec. (985177.56 ticks, tree = 19.44 MB, solutions = 33)
  45992 22071    29826.8996   215    30490.0000    28765.6109  6790570    5.66%
  46253 22296    30142.7013   328    30490.0000    28766.4688  6822288    5.65%
  46435 22459    29629.0050   350    30490.0000    28767.5113  6852415    5.65%
  46590 22592    29343.3854   337    30490.0000    28768.9878  6881095    5.64%
                                                     Cuts: 10                  
  46777 22759    29651.4225   320    30490.0000    28770.8992  6911283    5.64%
  47054 23016    30092.0378   174    30490.0000    28771.7662  6941923    5.64%
  47253 23190    29594.0266   339    30490.0000    28772.2747  6972054    5.63%
  47447 23367    29251.5823   363    30490.0000    28773.5981  7003380    5.63%
                                                      Cuts: 3                  
  47606 23505    29690.0388   298    30490.0000    28774.4722  7033403    5.63%
  47802 23676    29534.5946   347    30490.0000    28776.7712  7063585    5.62%
                                                  Flowcuts: 4                  
Elapsed time = 831.66 sec. (1023642.57 ticks, tree = 20.89 MB, solutions = 35)
  48015 23874    29296.8953   344    30490.0000    28777.6727  7094188    5.62%
  48286 24113    28937.5775   388    30490.0000    28778.5977  7125150    5.61%
  48468 24279    29168.3492   378    30490.0000    28780.0106  7156308    5.61%
  48675 24469    29113.6445   358    30490.0000    28780.8284  7186455    5.61%
                                                 Flowcuts: 10                  
  48926 24694    29887.6665   279    30490.0000    28781.6456  7217933    5.60%
                                                  Flowcuts: 3                  
  49177 24920    29441.1715   371    30490.0000    28783.4893  7247826    5.60%
  49376 25102    29992.5930   231    30490.0000    28783.6683  7278176    5.60%
  49605 25310    29345.1020   361    30490.0000    28784.6049  7308142    5.59%
                                                     Cuts: 10                  
  49919 25589    28933.8175   406    30490.0000    28786.5468  7339459    5.59%
  50194 25852    29471.2489   280    30490.0000    28788.1243  7370299    5.58%
Elapsed time = 862.42 sec. (1062102.71 ticks, tree = 22.77 MB, solutions = 35)
  50456 26088    29164.7264   378    30490.0000    28789.5795  7401294    5.58%
  50703 26309    29271.4205   386    30490.0000    28790.4870  7431437    5.57%
  50886 26470    29746.4114   295    30490.0000    28790.8020  7461568    5.57%
  51201 26756    29710.4248   318    30490.0000    28791.1571  7492967    5.57%
  51502 27041    29695.5253   243    30490.0000    28792.0326  7521724    5.57%
  51663 27185    29156.4037   398    30490.0000    28792.6011  7551319    5.57%
  51859 27365    30085.6459   281    30490.0000    28792.9313  7581967    5.57%
  52200 27676    29100.4467   403    30490.0000    28793.9521  7613366    5.56%
  52440 27899    30122.4120   340    30490.0000    28794.3339  7643942    5.56%
  52771 28191    29494.1139   329    30490.0000    28795.2917  7675506    5.56%
Elapsed time = 893.08 sec. (1100528.65 ticks, tree = 24.78 MB, solutions = 36)
  53066 28460    29362.9082   291    30490.0000    28796.0024  7707037    5.56%
  53275 28651    30105.4314   316    30490.0000    28796.2352  7737621    5.56%
  53470 28821    29908.5453   262    30490.0000    28797.4048  7766718    5.55%
  53677 29012    30136.3991   322    30490.0000    28798.1454  7796976    5.55%
  53935 29246    29498.4781   316    30490.0000    28799.1038  7827823    5.55%
  54198 29475    29973.0748   297    30490.0000    28799.2882  7858471    5.55%
  54399 29656    30045.0285   322    30490.0000    28799.5374  7887502    5.54%
  54674 29914    28909.4848   386    30490.0000    28801.1470  7917544    5.54%
                                                      Cuts: 2                  
  54862 30092    30302.5081   197    30490.0000    28801.7804  7947394    5.54%
  55072 30271    29407.0707   357    30490.0000    28803.0042  7975382    5.53%
Elapsed time = 923.75 sec. (1138891.66 ticks, tree = 26.55 MB, solutions = 36)
  55357 30533    29637.5788   274    30490.0000    28803.8332  8005488    5.53%
  55530 30687    30432.9858   368    30490.0000    28804.7095  8033692    5.53%
  55694 30831    29101.2565   398    30490.0000    28805.5402  8063889    5.52%
  56019 31117    29050.1462   396    30490.0000    28806.3148  8092936    5.52%
  56209 31292    29327.1799   370    30490.0000    28806.6336  8123207    5.52%
  56417 31485    29872.5560   229    30490.0000    28806.9224  8152370    5.52%
  56728 31765    29229.4165   384    30490.0000    28808.8605  8183812    5.51%
  56957 31965    30423.7719   291    30490.0000    28809.9679  8215125    5.51%
  57175 32151    29160.0711   369    30490.0000    28810.4090  8245595    5.51%
  57397 32342    28846.2060   396    30490.0000    28811.4231  8276811    5.51%
Elapsed time = 955.31 sec. (1177387.96 ticks, tree = 28.44 MB, solutions = 37)
  57583 32517    29941.5425   365    30490.0000    28811.6939  8307695    5.50%
  57898 32778    29040.5660   385    30490.0000    28812.3619  8339499    5.50%
  58075 32933    29027.8907   365    30490.0000    28812.7170  8369210    5.50%
  58303 33144    29476.1249   396    30490.0000    28814.3065  8399163    5.50%
  58562 33376    29438.6018   391    30490.0000    28814.8109  8430543    5.49%
                                                      Cuts: 7                  
  58722 33514    29589.5911   335    30490.0000    28815.5059  8458886    5.49%
  58912 33688    30482.8244   290    30490.0000    28816.3136  8488949    5.49%
  59137 33879    29188.9865   298    30490.0000    28817.3686  8517072    5.49%
  59358 34071    29693.5574   368    30490.0000    28818.3933  8547197    5.48%
  59570 34265    29557.8370   367    30490.0000    28819.7184  8575995    5.48%
Elapsed time = 985.00 sec. (1215863.91 ticks, tree = 31.67 MB, solutions = 37)
  59733 34410    29484.8642   335    30490.0000    28820.4655  8606470    5.48%
  59893 34544    29149.9720   361    30490.0000    28820.8091  8634613    5.47%
                                                      Cuts: 7                  
  60119 34758    29617.5748   372    30490.0000    28821.7342  8664846    5.47%
  60322 34935    30336.9270   298    30490.0000    28821.8376  8695287    5.47%
  60501 35097    29633.4411   225    30490.0000    28822.6319  8725441    5.47%
  60701 35275    29260.1590   365    30490.0000    28823.3913  8755294    5.47%
  60945 35489    29051.3952   374    30490.0000    28823.6959  8787145    5.47%
  61092 35618    29516.8444   361    30490.0000    28825.3718  8816128    5.46%
  61268 35774    29295.0001   375    30490.0000    28825.8314  8847150    5.46%
  61453 35929    28900.3199   382    30490.0000    28827.1669  8876764    5.45%
                                                  Flowcuts: 4                  
Elapsed time = 1014.30 sec. (1254295.05 ticks, tree = 33.08 MB, solutions = 37)
  61657 36110    29183.0775   374    30490.0000    28827.4339  8906607    5.45%
  61895 36334    29332.5212   385    30490.0000    28828.0531  8938210    5.45%
  62136 36550    28946.0086   396    30490.0000    28829.1609  8970058    5.45%
  62316 36712    28873.3134   413    30490.0000    28829.5415  8999454    5.45%
                                                      Cuts: 5                  
  62474 36860    29888.9053   250    30490.0000    28830.4057  9028873    5.44%
  62655 37020    29749.3907   297    30490.0000    28830.7547  9058400    5.44%
                                                     Cuts: 13                  
  62860 37206    29042.6513   389    30490.0000    28831.5657  9089790    5.44%
  63046 37380    29441.6891   333    30490.0000    28831.7385  9121072    5.44%
  63231 37552    29955.5183   328    30490.0000    28832.4668  9150170    5.44%
  63387 37689        cutoff          30490.0000    28833.1428  9180282    5.43%
Elapsed time = 1043.81 sec. (1292880.17 ticks, tree = 34.58 MB, solutions = 39)
  63547 37833    29882.9107   323    30490.0000    28833.8468  9210173    5.43%
  63692 37960    29001.7141   396    30490.0000    28835.0907  9239346    5.43%
  63852 38107    29603.6141   300    30490.0000    28835.8992  9269667    5.43%
  64068 38296        cutoff          30490.0000    28836.3285  9300384    5.42%
  64303 38510    29048.3086   399    30490.0000    28836.5564  9330989    5.42%
  64516 38703    29240.4563   372    30490.0000    28837.0992  9360791    5.42%
  64693 38865    29667.7083   298    30490.0000    28837.5155  9391165    5.42%
  64866 39018    30054.6282   248    30490.0000    28837.8764  9421469    5.42%
  65045 39172    29552.1281   275    30490.0000    28838.6589  9451309    5.42%
  65197 39300    29338.0176   364    30490.0000    28839.1287  9481459    5.41%
Elapsed time = 1073.14 sec. (1331174.40 ticks, tree = 36.02 MB, solutions = 40)
  65381 39462    29754.4241   371    30490.0000    28839.9332  9512488    5.41%
  65529 39589    29720.5969   331    30490.0000    28840.4914  9540714    5.41%
  65660 39705    29836.8515   306    30490.0000    28840.9117  9570062    5.41%
  65862 39884    29230.4262   312    30490.0000    28841.5446  9601116    5.41%
  66042 40042    28877.4920   378    30490.0000    28842.1182  9631675    5.40%
  66260 40244    29315.3263   378    30490.0000    28842.2890  9662963    5.40%
  66373 40342    29195.8251   397    30490.0000    28843.0071  9691028    5.40%
  66525 40485    30445.4711   333    30490.0000    28843.6078  9721014    5.40%
  66700 40638        cutoff          30490.0000    28844.2718  9751205    5.40%
  66906 40814    29516.3466   336    30490.0000    28844.3036  9781434    5.40%
Elapsed time = 1102.77 sec. (1369603.55 ticks, tree = 37.28 MB, solutions = 40)
  67122 41008    30037.3477   297    30490.0000    28844.7595  9812481    5.40%
  67330 41197    30067.7058   241    30490.0000    28845.2328  9844692    5.39%
  67501 41346    29300.2964   337    30490.0000    28845.8096  9873838    5.39%
  67757 41576    29372.6861   344    30490.0000    28846.1445  9905023    5.39%
  67959 41760    29180.4159   305    30490.0000    28846.3538  9936307    5.39%
  68210 41989    29390.4054   371    30490.0000    28846.6808  9968743    5.39%
  68411 42171    29368.0395   364    30490.0000    28847.8000  9998931    5.39%
  68565 42310    29238.8263   383    30490.0000    28847.8889 10028718    5.39%
                                                  Flowcuts: 4                  
  68730 42456    29045.8703   326    30490.0000    28848.3787 10058491    5.38%
  68997 42709    30344.4701   324    30490.0000    28848.7803 10089232    5.38%
Elapsed time = 1132.11 sec. (1407896.18 ticks, tree = 38.91 MB, solutions = 40)
  69239 42926    29903.4485   309    30490.0000    28848.9878 10119818    5.38%
  69395 43064    29267.9035   404    30490.0000    28849.7552 10148564    5.38%
  69630 43279    29112.8171   402    30490.0000    28850.0615 10179787    5.38%
  69793 43424    30069.6198   350    30490.0000    28850.2550 10209910    5.38%
  69967 43581    29821.9307   290    30490.0000    28850.8321 10239721    5.38%
  70236 43810    30307.0304   302    30490.0000    28851.2338 10271352    5.37%
  70420 43968    29026.5655   389    30490.0000    28852.2308 10301048    5.37%
  70649 44159    29040.9521   393    30490.0000    28852.7241 10327541    5.37%
  70831 44315    29808.4167   312    30490.0000    28853.2496 10349470    5.37%
  71115 44568    29303.5785   351    30490.0000    28854.5904 10373045    5.36%
Elapsed time = 1161.64 sec. (1446286.76 ticks, tree = 44.19 MB, solutions = 40)
  71325 44750    29306.3451   343    30490.0000    28854.9065 10396858    5.36%
  71652 45046    29347.2904   361    30490.0000    28855.3822 10421390    5.36%
  71898 45264    30263.1347   314    30490.0000    28855.6803 10445127    5.36%
  72164 45502    28964.2710   404    30490.0000    28856.1266 10468484    5.36%
  72364 45687    29252.6159   388    30490.0000    28856.6091 10492080    5.36%
  72683 45984    29434.7366   276    30490.0000    28857.2732 10515489    5.35%
  72929 46214    29554.7745   393    30490.0000    28857.8508 10539482    5.35%
  73161 46424    30308.1301   311    30490.0000    28858.0921 10562848    5.35%
  73430 46663        cutoff          30490.0000    28858.4015 10586625    5.35%
  73661 46868    29032.4602   390    30490.0000    28859.2748 10610163    5.35%
Elapsed time = 1191.08 sec. (1484502.09 ticks, tree = 69.95 MB, solutions = 41)
  73926 47102    29434.6947   385    30490.0000    28859.9017 10633466    5.35%
  74134 47286    29319.4223   294    30490.0000    28860.1322 10656745    5.35%
  74419 47546    29498.5991   294    30490.0000    28860.6161 10680721    5.34%
  74645 47748    29452.4761   338    30490.0000    28861.3708 10703990    5.34%
  74949 48024    28914.6395   398    30490.0000    28861.6543 10727869    5.34%
  75135 48193    29521.8715   336    30490.0000    28861.8299 10749758    5.34%
  75307 48342    29395.0165   377    30490.0000    28862.6502 10772494    5.34%
  75511 48524    30116.9237   350    30490.0000    28863.1921 10795698    5.34%
  75744 48724    28977.6450   372    30490.0000    28863.8416 10819290    5.33%
  75954 48908    29584.4075   375    30490.0000    28864.5690 10842728    5.33%
Elapsed time = 1221.88 sec. (1522796.99 ticks, tree = 92.21 MB, solutions = 41)
  76150 49082    29948.2232   313    30490.0000    28864.8150 10866069    5.33%
  76378 49278        cutoff          30490.0000    28865.2759 10889812    5.33%
  76614 49482    29111.7835   392    30490.0000    28865.8642 10913363    5.33%
  76849 49698    30449.4490   288    30490.0000    28866.0338 10936113    5.33%
  77062 49879    29432.3122   326    30490.0000    28867.0353 10959070    5.32%
  77250 50032    29193.5012   367    30490.0000    28867.2624 10981784    5.32%
  77517 50272    30483.8310   228    30490.0000    28867.5223 11003879    5.32%
  77705 50441    29686.1434   364    30490.0000    28868.1947 11026995    5.32%
  77925 50638    29239.9649   358    30490.0000    28868.7190 11050270    5.32%
  78137 50831    30176.1401   263    30490.0000    28869.0469 11074050    5.32%
Elapsed time = 1254.89 sec. (1561155.45 ticks, tree = 113.70 MB, solutions = 42)
  78285 50960    29730.6432   374    30490.0000    28869.1761 11095282    5.32%
  78503 51157    29265.7776   362    30490.0000    28869.6441 11118545    5.31%
  78752 51376    29302.9523   384    30490.0000    28870.1214 11142055    5.31%
  78946 51547    30245.4299   264    30490.0000    28870.4318 11165356    5.31%
  79222 51785    30029.6924   313    30490.0000    28870.7783 11188556    5.31%
  79557 52080    29263.7695   357    30490.0000    28871.0751 11211566    5.31%
  79862 52355    29465.8766   366    30490.0000    28871.6803 11235821    5.31%
  80081 52544    29716.5997   317    30490.0000    28871.9251 11258233    5.31%
  80262 52699    30134.7383   303    30490.0000    28872.4587 11281441    5.31%
  80510 52926    29261.6536   381    30490.0000    28872.8246 11305018    5.30%
Elapsed time = 1284.81 sec. (1599629.71 ticks, tree = 136.54 MB, solutions = 43)
  80680 53071    29126.0223   317    30490.0000    28873.1218 11326757    5.30%
  80960 53321    29302.9187   356    30490.0000    28873.3481 11350438    5.30%
  81202 53535    29281.8187   350    30490.0000    28873.6795 11373768    5.30%
  81367 53678    29072.8231   378    30490.0000    28873.8919 11395169    5.30%
  81591 53879    29053.9370   403    30490.0000    28874.6540 11417512    5.30%
  81764 54030    29420.8663   355    30490.0000    28875.0332 11440905    5.30%
  81971 54209    29481.6422   392    30490.0000    28875.4749 11463166    5.30%
  82200 54407    29255.0178   359    30490.0000    28876.0327 11486437    5.29%
  82521 54690    28943.3280   394    30490.0000    28877.1229 11509762    5.29%
  82762 54913    30127.6164   346    30490.0000    28877.4607 11533005    5.29%
Elapsed time = 1314.77 sec. (1637983.51 ticks, tree = 159.09 MB, solutions = 44)
  82946 55064    28904.4002   397    30490.0000    28877.8142 11555384    5.29%
                                                     Cuts: 12                  
  83136 55235        cutoff          30490.0000    28877.9830 11577429    5.29%
  83372 55452    30036.1708   275    30490.0000    28878.2866 11600466    5.29%
  83594 55644    29182.5749   391    30490.0000    28878.5306 11622373    5.29%
  83829 55858    30458.3312   283    30490.0000    28878.8513 11645200    5.28%
  84102 56102    29964.9833   328    30490.0000    28879.4772 11668547    5.28%
  84306 56286    29701.6182   339    30490.0000    28879.9038 11690215    5.28%
  84541 56472        cutoff          30490.0000    28880.0297 11713499    5.28%
  84742 56652    29635.7406   311    30490.0000    28880.5141 11735932    5.28%
  84970 56856    29359.9679   387    30490.0000    28881.0396 11759302    5.28%
Elapsed time = 1344.41 sec. (1676336.90 ticks, tree = 180.65 MB, solutions = 44)
  85195 57062    29112.0095   396    30490.0000    28881.1618 11783124    5.28%
  85420 57269    28989.7931   389    30490.0000    28881.5132 11807103    5.28%
  85632 57465    29628.6912   357    30490.0000    28881.8899 11829902    5.27%
  85862 57662    29070.1971   387    30490.0000    28882.3077 11851621    5.27%
  86043 57814    29340.0582   420    30490.0000    28882.7910 11874286    5.27%
  86279 58025    30214.6993   188    30490.0000    28882.9327 11897995    5.27%
  86517 58233    29182.1128   336    30490.0000    28883.4618 11921504    5.27%
  86801 58486    29396.1849   403    30490.0000    28883.6001 11945276    5.27%
  87052 58699    29317.9024   373    30490.0000    28883.7295 11969452    5.27%
  87270 58893    30060.1514   339    30490.0000    28883.9182 11992285    5.27%
Elapsed time = 1374.36 sec. (1715094.17 ticks, tree = 203.01 MB, solutions = 45)
  87481 59078    29161.2676   380    30490.0000    28884.3854 12015244    5.27%
  87657 59228    29319.6981   399    30490.0000    28884.4579 12038674    5.27%
  87827 59383    30075.6629   267    30490.0000    28884.7580 12061577    5.26%
  87991 59528    29141.6886   389    30490.0000    28885.2901 12084467    5.26%
  88169 59693    29338.3684   361    30490.0000    28885.5372 12106537    5.26%
  88375 59883    29624.4944   360    30490.0000    28885.7333 12129730    5.26%
                                                      Cuts: 7                  
  88576 60054    29875.3761   335    30490.0000    28886.0214 12152141    5.26%
                                                      Cuts: 8                  
  88746 60201    29421.3525   396    30490.0000    28886.8237 12174598    5.26%
  88937 60376    30479.9993   298    30490.0000    28887.0871 12197450    5.26%
  89247 60652    29572.4896   318    30490.0000    28887.2248 12219907    5.26%
Elapsed time = 1403.97 sec. (1753608.08 ticks, tree = 221.43 MB, solutions = 45)
  89547 60928    29846.2609   355    30490.0000    28887.8100 12243720    5.25%
  89790 61148    29802.4312   335    30490.0000    28888.0768 12267474    5.25%
  89978 61310    29882.3954   363    30490.0000    28888.1636 12289876    5.25%
  90199 61496    29902.5149   292    30490.0000    28888.3878 12312794    5.25%
  90431 61703    29497.2404   356    30490.0000    28888.4985 12336222    5.25%
  90625 61873    30140.5805   213    30490.0000    28888.8198 12359000    5.25%
  90901 62119    30465.3225   250    30490.0000    28889.0837 12383106    5.25%
  91101 62291    30118.0366   222    30490.0000    28889.3606 12405769    5.25%
  91324 62480    28972.0173   415    30490.0000    28889.9999 12428999    5.25%
  91526 62670    29659.1438   361    30490.0000    28890.3834 12451311    5.25%
Elapsed time = 1433.33 sec. (1791921.44 ticks, tree = 242.91 MB, solutions = 47)
  91788 62899    29755.9540   252    30490.0000    28890.8538 12474456    5.24%
                                                      Cuts: 6                  
  92032 63111    28982.6937   392    30490.0000    28891.5441 12497157    5.24%
  92219 63276    29242.1181   366    30490.0000    28892.0768 12520227    5.24%
  92462 63495    29393.0399   342    30490.0000    28892.3301 12543732    5.24%
  92675 63684    30077.3988   337    30490.0000    28892.3625 12565675    5.24%
  92922 63896    29875.8287   306    30490.0000    28892.6457 12588517    5.24%
  93170 64112    29125.3981   398    30490.0000    28893.0754 12612500    5.24%
  93406 64321    29735.9046   339    30490.0000    28893.1405 12635864    5.24%
  93685 64578    30080.2025   317    30490.0000    28893.5856 12659722    5.24%
  93930 64795    29308.2643   364    30490.0000    28893.9167 12681503    5.23%
                                                  Flowcuts: 1                  
Elapsed time = 1462.88 sec. (1830222.05 ticks, tree = 262.79 MB, solutions = 47)
  94109 64956    29371.3464   362    30490.0000    28894.1561 12704306    5.23%
  94297 65128    29244.7992   379    30490.0000    28894.3625 12727021    5.23%
  94518 65313    29383.2570   388    30490.0000    28894.6646 12750657    5.23%
  94678 65454    29195.4176   375    30490.0000    28894.9846 12772249    5.23%
                                                  Flowcuts: 3                  
  94851 65613    29882.1848   273    30490.0000    28895.2933 12794805    5.23%
  95152 65867    30231.9817   323    30490.0000    28895.8357 12818922    5.23%
  95376 66065    29122.2608   383    30490.0000    28896.7306 12841709    5.23%
  95568 66239    29366.9217   391    30490.0000    28897.0360 12864127    5.22%
  95764 66408    29423.8588   379    30490.0000    28897.3283 12887062    5.22%
  95965 66585    29574.9464   362    30490.0000    28897.5297 12908457    5.22%
Elapsed time = 1492.28 sec. (1868491.79 ticks, tree = 288.39 MB, solutions = 47)
  96180 66786    29625.6018   392    30490.0000    28897.8805 12932208    5.22%
  96374 66946    30388.0170   238    30490.0000    28898.2881 12954199    5.22%
  96563 67115    29393.2332   394    30490.0000    28898.4297 12976921    5.22%
  96765 67299    29242.2926   369    30490.0000    28898.6625 12999978    5.22%
  96951 67463    30031.7970   303    30490.0000    28898.8819 13023014    5.22%
  97186 67666    29414.0847   352    30490.0000    28899.3251 13046767    5.22%
  97415 67868    30042.5247   239    30490.0000    28899.6155 13070045    5.22%
  97689 68113    30194.0202   399    30490.0000    28900.4486 13092971    5.21%
  97977 68373    28982.3146   403    30490.0000    28900.8798 13116902    5.21%
  98161 68538    28988.3288   369    30490.0000    28900.9703 13140185    5.21%
Elapsed time = 1522.20 sec. (1907081.32 ticks, tree = 310.09 MB, solutions = 47)
  98369 68723    29275.8030   345    30490.0000    28901.1058 13163066    5.21%
  98551 68883    29562.4429   373    30490.0000    28901.3263 13186598    5.21%
  98874 69183    29612.9310   379    30490.0000    28901.7418 13210433    5.21%
  99203 69473    29281.1021   409    30490.0000    28902.4155 13234750    5.21%
  99403 69645    29527.1304   390    30490.0000    28902.9663 13257710    5.21%
  99566 69785    28995.2703   375    30490.0000    28903.4417 13280519    5.20%
  99757 69957    29354.7361   388    30490.0000    28903.8202 13303821    5.20%
  99965 70146    29018.9486   403    30490.0000    28904.0932 13326937    5.20%
 100155 70309    29226.5678   388    30490.0000    28904.1614 13349368    5.20%
 100305 70435    29149.7662   399    30490.0000    28904.5152 13369953    5.20%
Elapsed time = 1551.86 sec. (1945695.48 ticks, tree = 332.87 MB, solutions = 47)
 100473 70583    29300.9788   351    30490.0000    28904.7503 13392207    5.20%
 100688 70766    30450.6996   336    30490.0000    28905.1639 13415839    5.20%
 100869 70926    29231.1384   385    30490.0000    28905.7847 13438851    5.20%
 101122 71142    29385.3616   372    30490.0000    28906.0037 13462391    5.20%
 101297 71297    29356.8514   402    30490.0000    28906.2051 13485145    5.19%
 101497 71480    29672.2370   405    30490.0000    28906.3195 13507780    5.19%
 101714 71677    29743.4087   360    30490.0000    28906.5133 13530564    5.19%
 101905 71837    29001.1299   428    30490.0000    28906.7260 13552931    5.19%
 102084 71989    29480.1273   380    30490.0000    28906.7973 13575767    5.19%
 102334 72212    29581.3096   378    30490.0000    28907.0596 13598757    5.19%
Elapsed time = 1584.97 sec. (1984128.66 ticks, tree = 352.21 MB, solutions = 47)
 102539 72395    29391.0099   365    30490.0000    28907.2431 13621958    5.19%
 102749 72582    30158.7597   253    30490.0000    28907.4424 13644828    5.19%
 102975 72775    29705.9092   288    30490.0000    28907.5286 13667296    5.19%
                                                      Cuts: 9                  
 103123 72896    30064.5809   375    30490.0000    28907.8146 13689322    5.19%
 103372 73106    29519.3191   340    30490.0000    28907.9417 13712334    5.19%
 103599 73299    29385.9979   380    30490.0000    28908.1332 13735462    5.19%
 103793 73476    30114.0973   362    30490.0000    28908.4208 13757917    5.19%
 104073 73718    29371.6227   390    30490.0000    28908.7709 13781295    5.19%
 104271 73898    29990.1858   255    30490.0000    28908.9722 13803967    5.19%
 104477 74085    30250.6003   294    30490.0000    28909.1431 13826355    5.18%
Elapsed time = 1614.61 sec. (2022440.78 ticks, tree = 373.30 MB, solutions = 48)
 104667 74249    30316.2616   264    30490.0000    28909.4500 13848852    5.18%
 104880 74439    29380.0059   364    30490.0000    28909.7648 13872347    5.18%
 105158 74681    29140.8050   389    30490.0000    28910.0422 13896509    5.18%
 105332 74835    30306.7844   260    30490.0000    28910.1566 13918636    5.18%
 105597 75069    30472.0707   313    30490.0000    28910.5615 13941564    5.18%
 105810 75256    29664.9680   375    30490.0000    28910.9225 13964679    5.18%
 105999 75423    29791.5632   364    30490.0000    28911.1846 13986551    5.18%
 106258 75662    29628.1408   332    30490.0000    28911.3016 14010008    5.18%
                                                  Flowcuts: 3                  
 106475 75843    29118.3752   379    30490.0000    28911.4699 14033634    5.18%
 106655 76004    29176.6697   400    30490.0000    28911.5215 14056168    5.18%
Elapsed time = 1644.19 sec. (2060861.88 ticks, tree = 395.88 MB, solutions = 49)
 106864 76175    28990.6260   385    30490.0000    28911.5831 14078841    5.18%
                                                  Flowcuts: 3                  
 107114 76392    29203.8083   377    30490.0000    28912.2578 14101033    5.17%
                                                  Flowcuts: 2                  
 107296 76551    29184.6838   370    30490.0000    28912.5338 14123656    5.17%
 107536 76759    29114.0014   376    30490.0000    28912.8447 14146627    5.17%
                                                      Cuts: 7                  
 107790 76986    29182.4022   392    30490.0000    28913.1947 14169916    5.17%
                                                      Cuts: 4                  
 108050 77229    29719.1381   313    30490.0000    28913.6967 14192105    5.17%
 108282 77432    29589.7900   357    30490.0000    28913.9763 14214599    5.17%
 108476 77600    29095.7713   355    30490.0000    28914.2438 14237218    5.17%
 108682 77787    29695.4092   336    30490.0000    28914.5550 14259879    5.17%
 108862 77950    29145.4595   364    30490.0000    28914.8813 14282129    5.17%
Elapsed time = 1675.27 sec. (2099450.40 ticks, tree = 419.26 MB, solutions = 49)
 109045 78111    29357.2058   372    30490.0000    28915.1806 14305842    5.17%
 109241 78280    29227.1634   401    30490.0000    28915.7414 14329020    5.16%
 109416 78435    29038.2334   396    30490.0000    28916.2056 14352791    5.16%
 109570 78569    29777.5935   368    30490.0000    28916.3176 14375680    5.16%
 109822 78785    30271.5258   235    30490.0000    28916.5898 14398755    5.16%
 110029 78966    30422.0544   313    30490.0000    28916.6690 14419950    5.16%
 110217 79133    29093.7541   404    30490.0000    28916.8024 14442312    5.16%
 110380 79277    29343.6909   341    30490.0000    28916.9547 14464935    5.16%
 110578 79455    29225.7039   375    30490.0000    28917.6910 14486815    5.16%
 110772 79620    28998.8277   386    30490.0000    28917.9265 14509985    5.16%
                                                      Cuts: 2                  
Elapsed time = 1705.28 sec. (2137965.64 ticks, tree = 440.20 MB, solutions = 49)
 110995 79821    30043.6289   356    30490.0000    28918.1150 14533439    5.16%
 111171 79981    30263.9820   323    30490.0000    28918.4259 14556089    5.15%
 111310 80095    29302.9724   361    30490.0000    28918.4948 14577222    5.15%
 111549 80311    29065.3473   320    30490.0000    28918.6503 14600069    5.15%
 111792 80519    29275.6197   349    30490.0000    28918.7550 14623417    5.15%
 112102 80791    29165.7206   384    30490.0000    28919.1451 14646595    5.15%
 112321 80992    29329.4219   297    30490.0000    28919.3075 14669650    5.15%
 112591 81225    29161.3669   348    30490.0000    28919.6539 14693539    5.15%
 112795 81407    29757.2773   333    30490.0000    28919.7668 14716690    5.15%
 113014 81601    29375.2492   374    30490.0000    28919.9958 14739401    5.15%
Elapsed time = 1734.78 sec. (2176302.05 ticks, tree = 460.15 MB, solutions = 50)
 113249 81800    28938.2436   376    30490.0000    28920.3025 14761916    5.15%
 113446 81978    28987.3073   393    30490.0000    28920.5882 14784630    5.15%
 113649 82160    29174.1937   395    30490.0000    28921.0152 14807531    5.15%
 113961 82448    29379.6211   377    30490.0000    28921.2621 14830984    5.15%
 114140 82608    29911.7965   359    30490.0000    28921.6042 14853631    5.14%
 114375 82818    29334.1170   342    30490.0000    28921.8726 14877058    5.14%
 114677 83100    29754.3402   384    30490.0000    28922.2347 14900865    5.14%
 114961 83357    29701.6706   335    30490.0000    28922.3527 14924892    5.14%
 115163 83533    29609.2301   381    30490.0000    28922.5449 14947872    5.14%
 115367 83702    29021.4022   377    30490.0000    28922.8989 14970845    5.14%
Elapsed time = 1764.59 sec. (2214926.06 ticks, tree = 482.69 MB, solutions = 52)
 115576 83878    29203.8794   392    30490.0000    28923.2500 14992503    5.14%
 115722 84009    30237.5046   256    30490.0000    28923.3355 15015230    5.14%
 115994 84237    29704.3899   299    30490.0000    28923.7881 15038415    5.14%
 116219 84441    29919.3917   256    30490.0000    28924.2907 15062353    5.14%
 116453 84650    29837.5217   280    30490.0000    28924.5503 15085575    5.13%
 116615 84793    30330.0713   207    30490.0000    28924.6727 15107648    5.13%
 116834 84993    30273.5285   277    30490.0000    28925.4370 15130931    5.13%
 117075 85192    28991.7726   416    30490.0000    28925.7939 15154273    5.13%
 117273 85369    30010.3797   377    30490.0000    28925.9061 15177155    5.13%
 117491 85567    29375.0710   351    30490.0000    28926.1323 15199400    5.13%
Elapsed time = 1793.97 sec. (2253174.61 ticks, tree = 505.03 MB, solutions = 54)
 117656 85715    30083.7034   315    30490.0000    28926.2832 15221714    5.13%
 117884 85918    29217.7031   360    30490.0000    28926.4314 15244945    5.13%
 118093 86107    29727.3645   369    30490.0000    28926.9171 15268408    5.13%
 118263 86255    30166.8258   321    30490.0000    28927.1844 15289982    5.13%
 118439 86410    29809.6118   361    30490.0000    28927.3992 15312878    5.12%
 118649 86601    29305.2374   303    30490.0000    28927.6918 15336434    5.12%
 118843 86778    29977.6586   300    30490.0000    28928.2470 15359751    5.12%
 119027 86936    29635.2684   337    30490.0000    28928.3324 15382735    5.12%
 119258 87138    28976.5113   387    30490.0000    28928.6285 15405824    5.12%
 119504 87343    29290.3264   352    30490.0000    28929.0006 15429075    5.12%
Elapsed time = 1823.75 sec. (2291486.57 ticks, tree = 527.10 MB, solutions = 54)
 119783 87591    29559.6559   373    30490.0000    28929.4493 15452885    5.12%
 120070 87851    29678.2406   338    30490.0000    28930.0069 15476293    5.12%
 120304 88051    28985.9733   382    30490.0000    28930.3332 15499227    5.12%
 120542 88252    29708.3110   355    30490.0000    28930.4938 15522001    5.11%
 120887 88545    30330.8183   218    30490.0000    28930.6784 15545552    5.11%
 121017 88657    29803.2758   365    30490.0000    28930.9037 15567184    5.11%
 121176 88801    29968.8398   285    30490.0000    28931.1390 15586460    5.11%
 121466 89036        cutoff          30490.0000    28931.2647 15609191    5.11%
 121618 89171    30031.7594   350    30490.0000    28931.4639 15631205    5.11%
 121855 89386    29850.8615   264    30490.0000    28931.7505 15654628    5.11%
Elapsed time = 1853.59 sec. (2330048.21 ticks, tree = 550.57 MB, solutions = 55)
 122117 89620    29404.7846   381    30490.0000    28932.1249 15678325    5.11%
 122386 89865    29905.8202   328    30490.0000    28932.2608 15701338    5.11%
 122645 90098    29291.6533   357    30490.0000    28932.8461 15724888    5.11%
 122869 90296    29366.0748   391    30490.0000    28932.9797 15747605    5.11%
 123086 90487    30418.0485   332    30490.0000    28933.1421 15771292    5.11%
 123263 90643    30163.4697   318    30490.0000    28933.2623 15794249    5.11%
 123435 90792    29569.6490   336    30490.0000    28933.4312 15817244    5.11%
 123621 90957    29804.6038   327    30490.0000    28933.5864 15839775    5.10%
 123781 91097    28969.3806   346    30490.0000    28933.7492 15862067    5.10%
 124022 91314    29030.1829   366    30490.0000    28934.1574 15884374    5.10%
Elapsed time = 1883.33 sec. (2368491.33 ticks, tree = 571.97 MB, solutions = 55)
 124230 91501    28985.9740   378    30490.0000    28934.3426 15907746    5.10%
 124426 91676    29457.7037   394    30490.0000    28934.7246 15930425    5.10%
 124639 91871    29645.8194   336    30490.0000    28934.9098 15953673    5.10%
 124823 92026    29754.8510   333    30490.0000    28935.1504 15975716    5.10%
 125009 92193    29629.6239   374    30490.0000    28935.4449 15998278    5.10%
 125207 92371    30181.3992   334    30490.0000    28935.5747 16021598    5.10%
 125469 92602    29690.7947   320    30490.0000    28935.7300 16044304    5.10%
 125676 92778    29441.5009   375    30490.0000    28936.1229 16067573    5.10%
 125877 92958    30478.0015   257    30490.0000    28936.3199 16089656    5.10%
 126086 93150    30452.1338   285    30490.0000    28936.4646 16113055    5.10%
Elapsed time = 1912.99 sec. (2406876.71 ticks, tree = 592.58 MB, solutions = 56)
 126396 93393    29695.7097   357    30490.0000    28936.6460 16135959    5.09%
                                                      Cuts: 8                  
 126621 93577    30324.4116   317    30490.0000    28936.8403 16158521    5.09%
 126779 93712    29572.6204   367    30490.0000    28937.0288 16181093    5.09%
 127014 93919    29472.4911   313    30490.0000    28937.1392 16204062    5.09%
                                                      Cuts: 2                  
 127335 94214    29609.6622   340    30490.0000    28937.5286 16227414    5.09%
 127553 94401    29074.3164   401    30490.0000    28937.9865 16249977    5.09%
 127731 94554    29980.7200   336    30490.0000    28938.3181 16272352    5.09%
 127896 94696    29729.3998   376    30490.0000    28938.6013 16295211    5.09%
 128054 94836    29618.8525   391    30490.0000    28938.7988 16316888    5.09%
 128241 94998    29106.2144   368    30490.0000    28938.9674 16339398    5.09%
Elapsed time = 1942.49 sec. (2445218.21 ticks, tree = 616.97 MB, solutions = 56)
 128506 95231    29856.8925   391    30490.0000    28939.0168 16361383    5.09%
 128677 95379    29605.8825   397    30490.0000    28939.2678 16383123    5.09%
 128863 95539    29403.6791   385    30490.0000    28939.4813 16406428    5.09%
 129106 95758    30014.8802   331    30490.0000    28939.8441 16430203    5.08%
 129351 95963    29057.3224   402    30490.0000    28940.3809 16453752    5.08%
 129559 96136    28972.9798   394    30490.0000    28940.7291 16476861    5.08%
 129738 96292    29681.2984   296    30490.0000    28940.7580 16499804    5.08%
 130081 96595    29288.5530   377    30490.0000    28941.3073 16523271    5.08%
 130340 96831    29599.2992   361    30490.0000    28941.5909 16546808    5.08%
 130558 97023    29285.2821   401    30490.0000    28941.6974 16569805    5.08%
Elapsed time = 1972.41 sec. (2483785.52 ticks, tree = 642.93 MB, solutions = 58)
 130727 97172    29657.8598   332    30490.0000    28941.9350 16591431    5.08%
 130979 97391    29425.8914   387    30490.0000    28942.1307 16615268    5.08%
 131268 97655    30183.3055   301    30490.0000    28942.6965 16638355    5.07%
                                                  Flowcuts: 4                  
 131548 97910    29105.5034   381    30490.0000    28942.8466 16662188    5.07%
 131767 98106    29548.0018   359    30490.0000    28942.8923 16684478    5.07%
 131988 98297    29300.0866   382    30490.0000    28943.1579 16706062    5.07%
 132167 98462    29883.2392   261    30490.0000    28943.4486 16728804    5.07%
 132406 98676    29722.5653   332    30490.0000    28943.6755 16751967    5.07%
 132594 98843    29643.6259   350    30490.0000    28943.7882 16774109    5.07%
 132808 99018    29292.1861   373    30490.0000    28944.0334 16796682    5.07%
Elapsed time = 2001.91 sec. (2522264.78 ticks, tree = 672.34 MB, solutions = 59)
 133011 99200    29188.1513   406    30490.0000    28944.2392 16820302    5.07%
 133217 99387    29475.9069   316    30490.0000    28944.3649 16843347    5.07%
 133427 99576    29917.9875   277    30490.0000    28944.4164 16866441    5.07%
 133618 99741    29219.0105   354    30490.0000    28944.7015 16888558    5.07%
 133817 99920    29559.4441   388    30490.0000    28944.9463 16911534    5.07%
 134014 100089    29569.7582   365    30490.0000    28944.9778 16933934    5.07%
 134315 100368    29663.8889   307    30490.0000    28945.2170 16957236    5.07%
 134542 100568        cutoff          30490.0000    28945.3860 16980221    5.07%
 134679 100689    30247.5544   292    30490.0000    28945.5723 17000692    5.07%
 134927 100916    30044.7284   284    30490.0000    28945.7311 17023831    5.06%
Elapsed time = 2031.28 sec. (2560742.43 ticks, tree = 695.03 MB, solutions = 60)
 135173 101133    29401.4049   373    30490.0000    28946.0665 17047338    5.06%
 135385 101318    29354.1422   375    30490.0000    28946.3144 17070502    5.06%
 135580 101494    29443.3901   354    30490.0000    28946.4170 17092934    5.06%
 135862 101748    30013.5433   303    30490.0000    28946.8124 17115840    5.06%
 136087 101944    29560.8042   370    30490.0000    28947.1513 17138976    5.06%
 136274 102105    29376.9101   396    30490.0000    28947.2934 17160632    5.06%
 136451 102264    29441.9687   350    30490.0000    28947.3311 17183392    5.06%
 136645 102439    29050.8176   364    30490.0000    28947.4510 17205995    5.06%
 136843 102609    29734.2735   269    30490.0000    28947.5370 17229196    5.06%
 137101 102833    29101.9592   390    30490.0000    28947.9371 17252599    5.06%
Elapsed time = 2060.74 sec. (2599077.07 ticks, tree = 718.85 MB, solutions = 62)
 137337 103032    29609.6777   382    30490.0000    28948.0229 17275818    5.06%
 137607 103275        cutoff          30490.0000    28948.1328 17300279    5.06%
 137815 103456    29191.6884   378    30490.0000    28948.4425 17323245    5.06%
 138061 103669    29578.0177   317    30490.0000    28948.5631 17346595    5.06%
 138271 103857    29431.6989   415    30490.0000    28948.6020 17369465    5.06%
 138595 104155        cutoff          30490.0000    28948.7726 17392778    5.05%
 138790 104326    29433.3500   366    30490.0000    28949.0133 17415271    5.05%
 138979 104478    29124.2038   393    30490.0000    28949.0654 17438587    5.05%
 139177 104656    29297.7426   384    30490.0000    28949.2193 17461247    5.05%
 139387 104841    29304.8701   384    30490.0000    28949.3344 17484622    5.05%
Elapsed time = 2090.13 sec. (2637506.75 ticks, tree = 744.04 MB, solutions = 62)
 139551 104974    29536.1292   379    30490.0000    28949.4778 17506162    5.05%
 139708 105117    30320.9602   373    30490.0000    28949.5709 17528684    5.05%
 139960 105331    29015.8437   406    30490.0000    28949.8605 17551178    5.05%
 140144 105487    29205.6695   385    30490.0000    28950.0219 17573997    5.05%
 140335 105649    29456.5684   381    30490.0000    28950.1363 17596103    5.05%
 140508 105805    30356.5139   374    30490.0000    28950.2416 17618607    5.05%
 140730 106007    30456.9546   321    30490.0000    28950.5286 17641690    5.05%
 140952 106204    30238.6697   326    30490.0000    28950.7247 17664443    5.05%
 141143 106367    29280.3525   370    30490.0000    28951.0710 17686673    5.05%
 141360 106558        cutoff          30490.0000    28951.2166 17709674    5.05%
Elapsed time = 2119.72 sec. (2676038.96 ticks, tree = 765.28 MB, solutions = 62)
 141592 106770    29444.5993   376    30490.0000    28951.4176 17731693    5.05%
 141818 106968    29194.2065   361    30490.0000    28951.5642 17754301    5.05%
 142152 107278    29505.7633   299    30490.0000    28951.6445 17777808    5.05%
 142513 107612    30312.6364   271    30490.0000    28951.9253 17802139    5.04%
 142712 107793    30170.2788   308    30490.0000    28952.0222 17824015    5.04%
 143027 108078    29186.6815   338    30490.0000    28952.2299 17848116    5.04%
 143246 108271    29327.7940   369    30490.0000    28952.3524 17870567    5.04%
 143482 108470    29345.9480   332    30490.0000    28952.6458 17894352    5.04%
                                                    Covers: 1                  
 143708 108664    29746.6098   306    30490.0000    28952.7172 17917172    5.04%
 143955 108884    29248.1460   332    30490.0000    28952.9925 17940182    5.04%
Elapsed time = 2149.31 sec. (2714329.38 ticks, tree = 789.31 MB, solutions = 62)
 144163 109063    29201.0876   321    30490.0000    28953.1297 17962946    5.04%
 144487 109341    29479.2784   351    30490.0000    28953.4473 17986698    5.04%
 144697 109520    29344.7702   397    30490.0000    28953.6062 18010026    5.04%
                                                      Cuts: 3                  
 144885 109694    30397.2950   281    30490.0000    28953.7540 18032309    5.04%
 145079 109865    30224.9362   270    30490.0000    28953.7988 18054654    5.04%
                                                      Cuts: 7                  
 145273 110038    30378.2581   248    30490.0000    28953.8950 18077383    5.04%
 145426 110172    30123.4782   297    30490.0000    28954.0420 18099349    5.04%
 145576 110305    30359.2665   292    30490.0000    28954.2797 18120918    5.04%
 145767 110460    29065.1661   392    30490.0000    28954.4067 18143231    5.04%
                                                  Flowcuts: 2                  
 145952 110625    29064.2803   406    30490.0000    28954.4818 18164731    5.04%
Elapsed time = 2178.64 sec. (2752660.43 ticks, tree = 812.74 MB, solutions = 63)
 146116 110771    29319.7629   353    30490.0000    28954.5691 18186682    5.04%
 146369 111001    30165.7897   200    30490.0000    28954.7890 18209582    5.04%
                                                  Flowcuts: 1                  
 146583 111179    29316.5661   367    30490.0000    28955.0089 18231012    5.03%

Cover cuts applied:  216
Flow cuts applied:  842
Mixed integer rounding cuts applied:  162
Flow path cuts applied:  12
Zero-half cuts applied:  60
Multi commodity flow cuts applied:  15
Lift and project cuts applied:  23
Gomory fractional cuts applied:  9

Root node processing (before b&c):
  Real time             =    1.02 sec. (992.45 ticks)
Sequential b&c:
  Real time             = 4902.86 sec. (2763980.58 ticks)
                          ------------
Total (root+branch&cut) = 4903.88 sec. (2764973.02 ticks)

--- MIP status (107): time limit exceeded.
--- Cplex Time: 4903.88sec (det. 2764973.03 ticks)

--- Fixing integer variables and solving final LP...

Version identifier: 20.1.0.0 | 2020-11-10 | 9bedb6d68
CPXPARAM_Advance                                 2
CPXPARAM_Threads                                 1
CPXPARAM_MIP_Display                             4
CPXPARAM_TimeLimit                               3600
CPXPARAM_MIP_Tolerances_AbsMIPGap                0
CPXPARAM_MIP_Tolerances_MIPGap                   0
Tried aggregator 1 time.
LP Presolve eliminated 940 rows and 1481 columns.
All rows and columns eliminated.
Presolve time = 0.00 sec. (0.55 ticks)

--- Fixed MIP status (1): optimal.
--- Cplex Time: 0.00sec (det. 0.95 ticks)


Resource limit exceeded
MIP Solution:        30490.000000    (18235351 iterations, 146629 nodes)
Final Solve:         30490.000000    (0 iterations)

Best possible:       28955.034620
Absolute gap:         1534.965380
Relative gap:            0.050343

--- Reading solution for model master
*** Status: Normal completion
--- Job bchfcnet.gms Stop 02/08/22 16:56:28 elapsed 1:21:44.827
