
--- Job bchfcnet.gms Start 02/08/22 17:17:12 34.3.0 rac355f3 WEX-WEI x86 64bit/MS Windows
--- Applying:
    C:\GAMS\34\gmsprmNT.txt
--- GAMS Parameters defined
    Input C:\Users\dekhi\Desktop\gamsworld\FCNetLib\test\bchfcnet.gms
    PageSize 0
    ScrDir C:\Users\dekhi\Desktop\gamsworld\FCNetLib\test\225a\
    SysDir C:\GAMS\34\
    LogOption 3
    ErrMsg 1
    ErrorLog 99
    IDE 1
    ResLim 3600
    LstTitleLeftAligned 1
Licensee: Eval License                                   S211214|0002AW-GEN
          Ostfalia Hochschule fuer angewandte Wissenschaften        DCE1645
          C:\Users\dekhi\Documents\GAMS\gamslice.txt
          License Admin: Mohamed Ali Dekhil, dekhil.medali@gmail.com       
          Evaluation license: Not for commercial or production use
GAMS 34.3.0   Copyright (C) 1987-2021 GAMS Development. All rights reserved
--- Starting compilation
--- bchfcnet.gms(34) 2 Mb
--- . decl.gms(15) 2 Mb
--- bchfcnet.gms(38) 2 Mb
--- . k16x240.inc(520) 3 Mb
--- bchfcnet.gms(67) 3 Mb
--- . equs.gms(20) 3 Mb
--- bchfcnet.gms(97) 3 Mb
--- call rm -f bchout_i.gdx startcut.txt startheur.txt cuthist.gdx agap.txt rgap.txt cntfail.txt
--- bchfcnet.gms(118) 3 Mb
--- Starting execution: elapsed 0:00:00.095
--- bchfcnet.gms(578) 4 Mb
--- GDX File (execute_unload) C:\Users\dekhi\Desktop\gamsworld\FCNetLib\test\net.gdx
--- bchfcnet.gms(669) 4 Mb
--- GDXin=C:\Users\dekhi\Desktop\gamsworld\FCNetLib\test\points\k16x240.gdx
--- GDX File (execute_load) C:\Users\dekhi\Desktop\gamsworld\FCNetLib\test\points\k16x240.gdx
--- Generating MIP model master
--- bchfcnet.gms(673) 4 Mb
---   257 rows  481 columns  1,441 non-zeroes
---   240 discrete-columns
--- Executing CPLEX (Solvelink=2): elapsed 0:00:00.114

IBM ILOG CPLEX   34.3.0 rac355f3 Released Feb 25, 2021 WEI x86 64bit/MS Window

--- GAMS/Cplex Link licensed for continuous and discrete problems.

Reading parameter(s) from "C:\Users\dekhi\Desktop\gamsworld\FCNetLib\test\cplex.op2"
>>  mipstart 1
Finished reading from "C:\Users\dekhi\Desktop\gamsworld\FCNetLib\test\cplex.op2"

--- Space for names approximately 0.01 Mb
--- Use option 'names no' to turn use of names off
--- GMO memory 0.59 Mb (peak 0.59 Mb)
--- Dictionary memory 0.00 Mb
--- Cplex 20.1.0.0 link memory 0.01 Mb (peak 0.05 Mb)
--- Starting Cplex

Version identifier: 20.1.0.0 | 2020-11-10 | 9bedb6d68
CPXPARAM_Threads                                 1
CPXPARAM_MIP_Display                             4
CPXPARAM_TimeLimit                               3600
CPXPARAM_MIP_Tolerances_AbsMIPGap                0
CPXPARAM_MIP_Tolerances_MIPGap                   0
Generic callback                                 0x50
Processing 1 MIP starts.
MIP start 'm1' defined solution with objective 10674.0000.
1 of 1 MIP starts provided solutions.
MIP start 'm1' defined initial solution with objective 10674.0000.
Tried aggregator 1 time.
MIP Presolve eliminated 15 rows and 1 columns.
MIP Presolve added 30 rows and 0 columns.
Reduced MIP has 271 rows, 480 columns, and 990 nonzeros.
Reduced MIP has 240 binaries, 0 generals, 0 SOSs, and 0 indicators.
Presolve time = 0.00 sec. (1.02 ticks)
Probing time = 0.00 sec. (0.05 ticks)
Tried aggregator 1 time.
Detecting symmetries...
Reduced MIP has 271 rows, 480 columns, and 990 nonzeros.
Reduced MIP has 240 binaries, 0 generals, 0 SOSs, and 0 indicators.
Presolve time = 0.00 sec. (1.08 ticks)
Probing time = 0.00 sec. (0.05 ticks)
MIP emphasis: balance optimality and feasibility.
MIP search method: dynamic search.
Parallel mode: none, using 1 thread.
Tried aggregator 1 time.
LP Presolve eliminated 225 rows and 225 columns.
Aggregator did 15 substitutions.
Reduced LP has 31 rows, 240 columns, and 510 nonzeros.
Presolve time = 0.00 sec. (0.24 ticks)

Iteration log . . .
Iteration:     1   Dual objective     =           601.513000
Initializing dual steep norms . . .
Root relaxation solution time = 0.00 sec. (0.44 ticks)

        Nodes                                         Cuts/
   Node  Left     Objective  IInf  Best Integer    Best Bound    ItCnt     Gap

*     0+    0                        10674.0000        0.0000           100.00%
Found incumbent of value 10674.000000 after 0.00 sec. (3.31 ticks)
      0     0     2769.8380    14    10674.0000     2769.8380       16   74.05%
      0     0     8027.9591    25    10674.0000      Cuts: 72       72   24.79%
      0     0     8262.3804    32    10674.0000      Cuts: 80      105   22.59%
      0     0     8611.2421    37    10674.0000      Cuts: 84      159   19.33%
      0     0     8803.1970    40    10674.0000      Cuts: 62      221   17.53%
      0     0     8895.2446    45    10674.0000      Cuts: 83      292   16.66%
Detecting symmetries...
      0     0     8973.5155    37    10674.0000      Cuts: 62      342   15.93%
      0     0     9008.5812    46    10674.0000      Cuts: 33      401   15.60%
      0     0     9033.7751    43    10674.0000      Cuts: 41      460   15.37%
      0     0     9098.6811    41    10674.0000      Cuts: 46      516   14.76%
      0     0     9110.8229    28    10674.0000      Cuts: 42      537   14.64%
      0     0     9114.7991    28    10674.0000      Cuts: 35      562   14.61%
      0     0     9126.8547    42    10674.0000      Cuts: 13      589   14.49%
      0     0     9130.9040    27    10674.0000      Cuts: 26      608   14.46%
      0     0     9134.3632    28    10674.0000      Cuts: 15      638   14.42%
      0     0     9134.9169    45    10674.0000      Cuts: 10      649   14.42%
      0     0     9135.9146    26    10674.0000      Cuts: 12      658   14.41%
      0     0     9136.0405    25    10674.0000   Flowcuts: 2      664   14.41%
Detecting symmetries...
      0     2     9136.0405    25    10674.0000     9137.1542      664   14.40%
Elapsed time = 0.39 sec. (308.18 ticks, tree = 0.01 MB, solutions = 1)
    268   182     9932.0559    15    10674.0000     9243.9362     5869   13.40%
                                                     Cuts: 12                  
    582   379     9669.7788    26    10674.0000     9281.2475    10701   13.05%
                                                     Cuts: 17                  
    842   562     9736.4421     9    10674.0000     9306.9605    15126   12.81%
                                                     Cuts: 13                  

Performing restart 1

Repeating presolve.
Tried aggregator 1 time.
MIP Presolve modified 211 coefficients.
Reduced MIP has 271 rows, 480 columns, and 990 nonzeros.
Reduced MIP has 240 binaries, 0 generals, 0 SOSs, and 0 indicators.
Presolve time = 0.00 sec. (0.94 ticks)
Tried aggregator 1 time.
Reduced MIP has 271 rows, 480 columns, and 990 nonzeros.
Reduced MIP has 240 binaries, 0 generals, 0 SOSs, and 0 indicators.
Presolve time = 0.00 sec. (1.08 ticks)
Represolve time = 0.02 sec. (4.69 ticks)
Tried aggregator 1 time.
LP Presolve eliminated 7 rows and 2 columns.
Reduced LP has 428 rows, 478 columns, and 5096 nonzeros.
Presolve time = 0.00 sec. (0.55 ticks)

Iteration log . . .
Iteration:     1   Dual objective     =           367.000000
Iteration:    62   Dual objective     =          7186.678304
Iteration:   124   Dual objective     =          8479.311918
Iteration:   186   Dual objective     =          8979.567909
Iteration:   248   Dual objective     =          9135.804066
Initializing dual steep norms . . .
   1040     0     9141.3223    42    10674.0000       Cuts: 2    17474   12.80%
   1040     0     9142.4354    53    10674.0000      Cuts: 11    17510   12.80%
   1040     0     9142.8493    29    10674.0000      Cuts: 27    17526   12.80%
   1040     0     9143.6320    35    10674.0000   Flowcuts: 2    17539   12.80%
   1040     0     9143.9133    34    10674.0000       Cuts: 8    17545   12.80%
   1040     2     9143.9133    34    10674.0000     9307.3440    17545   12.80%
   1061    22     9877.7221    11    10674.0000     9307.3440    18476   12.80%
   1147    85     9617.4444    25    10674.0000     9307.3440    20843   12.80%
                                                     Cuts: 19                  
   1310   215     9386.5290    19    10674.0000     9324.1310    24907   12.65%
                                                     Cuts: 30                  
   1501   376     9369.5518    26    10674.0000     9369.7283    29752   12.22%
                                                      Cuts: 9                  
   1605   462     9671.8100    23    10674.0000     9391.9302    34036   12.01%
                                                     Cuts: 15                  
   2289  1024    10120.2616     8    10674.0000     9469.9682    54767   11.28%
                                                     Cuts: 23                  
Elapsed time = 2.97 sec. (3600.37 ticks, tree = 0.40 MB, solutions = 1)
   2948  1538        cutoff          10674.0000     9552.5182    76820   10.51%
                                                     Cuts: 18                  
   3480  1925    10515.7073    17    10674.0000     9589.2978    95418   10.16%
                                                      Cuts: 7                  
   3967  2286    10045.2526    19    10674.0000     9623.0559   117818    9.85%
                                                     Cuts: 19                  
   4405  2602     9732.1526    29    10674.0000     9641.0630   138114    9.68%
                                                      Cuts: 7                  
   4915  2969    10246.8099     4    10674.0000     9663.2467   159604    9.47%
                                                  Flowcuts: 1                  
   5438  3358    10149.5125    12    10674.0000     9685.9853   181551    9.26%
                                                      Cuts: 9                  
   5954  3725    10297.2309    14    10674.0000     9711.3690   202119    9.02%
                                                    Covers: 1                  
   6449  4042    10199.4440    18    10674.0000     9739.4682   225048    8.76%
                                                      Cuts: 4                  
   6955  4363     9875.9880    40    10674.0000     9752.5640   247718    8.63%
                                                    Covers: 1                  
   7403  4665    10504.2192    17    10674.0000     9766.6688   266570    8.50%
                                                     Cuts: 13                  
Elapsed time = 9.34 sec. (13194.73 ticks, tree = 1.97 MB, solutions = 1)
   7868  4971    10218.0179    22    10674.0000     9779.1619   285264    8.38%
                                                      Cuts: 8                  
   8241  5218     9864.9259    49    10674.0000     9788.1818   303928    8.30%
   8757  5540    10112.5180    35    10674.0000     9804.8034   326078    8.14%
                                                    Covers: 1                  
   9151  5797    10060.2518    43    10674.0000     9813.6096   345878    8.06%
                                                      Cuts: 4                  
   9570  6057    10107.9212    28    10674.0000     9824.6004   366793    7.96%
                                                    Covers: 1                  
   9969  6310    10528.5024    22    10674.0000     9833.2905   389390    7.88%
                                                      Cuts: 6                  
  10388  6591    10482.3047     9    10674.0000     9843.7118   411339    7.78%
                                                      Cuts: 4                  
  10817  6853    10179.9757    22    10674.0000     9854.5373   432358    7.68%
                                                      Cuts: 2                  
  11199  7096    10409.6208     7    10674.0000     9862.9747   452604    7.60%
  11440  7228        cutoff          10674.0000     9868.2142   462889    7.55%
                                                      Cuts: 5                  
Elapsed time = 17.61 sec. (24744.61 ticks, tree = 2.84 MB, solutions = 1)
  11797  7430    10419.9815    22    10674.0000     9878.3456   483458    7.45%
                                                      Cuts: 5                  
  12151  7595        cutoff          10674.0000     9887.8731   504936    7.36%
                                                     Cuts: 10                  
  12524  7810    10021.5116    25    10674.0000     9896.4058   524622    7.28%
                                                      Cuts: 7                  
  12824  7989    10294.2779    30    10674.0000     9901.9578   541407    7.23%
                                                     Cuts: 19                  
  13109  8150        cutoff          10674.0000     9905.8367   559504    7.20%
                                                  Flowcuts: 1                  
  13443  8361    10619.6508    15    10674.0000     9911.9180   577750    7.14%
                                                      Cuts: 4                  
  13830  8562    10545.3330    28    10674.0000     9917.1134   598533    7.09%
                                                      Cuts: 4                  
  14144  8738    10386.5583     3    10674.0000     9923.2559   617847    7.03%
                                                  Flowcuts: 1                  
  14489  8898    10502.2816    15    10674.0000     9933.5375   639033    6.94%
  14816  9086    10332.5325    14    10674.0000     9937.8123   657107    6.90%
                                                  Flowcuts: 7                  
Elapsed time = 23.78 sec. (34324.45 ticks, tree = 3.96 MB, solutions = 1)
  15117  9255    10487.9504    17    10674.0000     9944.2725   675404    6.84%
                                                      Cuts: 2                  
  15456  9445    10267.3650    41    10674.0000     9952.6528   695205    6.76%
  15773  9611    10192.6594    31    10674.0000     9957.9316   715478    6.71%
                                                 Flowpaths: 2                  
  16073  9759    10389.2824    38    10674.0000     9962.8924   734982    6.66%
                                                      Cuts: 9                  
  16305  9859    10194.9625    36    10674.0000     9969.2746   753328    6.60%
                                                      Cuts: 3                  
  16640 10040    10307.6770    22    10674.0000     9974.0165   771876    6.56%
  16950 10194    10222.8683    35    10674.0000     9977.7322   790556    6.52%
  17241 10337    10555.8395    19    10674.0000     9982.0593   808659    6.48%
  17553 10474    10588.0222    19    10674.0000     9987.2380   828298    6.43%
  17903 10643    10538.3934    18    10674.0000     9993.0148   849585    6.38%
Elapsed time = 29.73 sec. (43898.40 ticks, tree = 4.51 MB, solutions = 1)
  18285 10822    10044.6601    13    10674.0000    10000.2009   871722    6.31%
  18633 10979    10557.4826    33    10674.0000    10006.0329   892837    6.26%
  19040 11186    10425.5577    22    10674.0000    10009.9439   914326    6.22%
  19390 11384    10283.8078    34    10674.0000    10012.5755   934075    6.20%
                                                    Covers: 1                  
  19698 11517        cutoff          10674.0000    10016.4579   954446    6.16%
  20057 11685    10583.2107    24    10674.0000    10020.6688   973590    6.12%
  20386 11817    10241.5437    10    10674.0000    10025.5026   993489    6.08%
                                                      Cuts: 5                  
  20725 11983    10637.5477    33    10674.0000    10029.4976  1014056    6.04%
  21080 12146    10153.5777    35    10674.0000    10033.2538  1034715    6.00%
  21475 12356    10438.2682    25    10674.0000    10036.6079  1055755    5.97%
Elapsed time = 35.67 sec. (53530.08 ticks, tree = 5.14 MB, solutions = 1)
  21860 12530    10149.7726    30    10674.0000    10041.4702  1075986    5.93%
                                                  Flowcuts: 2                  
  22139 12667    10541.0733    11    10674.0000    10043.8955  1095189    5.90%
  22525 12861    10339.2565    31    10674.0000    10046.6543  1115165    5.88%
                                                 Flowpaths: 1                  
  22904 13047        cutoff          10674.0000    10049.9981  1134735    5.85%
  23216 13114    10298.0823    19    10674.0000    10052.8632  1154784    5.82%
                                                  Flowcuts: 2                  
  23576 13259    10143.3542    36    10674.0000    10056.7081  1175306    5.78%
  23936 13448    10620.6543    20    10674.0000    10060.4061  1195124    5.75%
                                                      Cuts: 3                  
  24218 13586    10143.4629    32    10674.0000    10062.3230  1211778    5.73%
                                                      Cuts: 4                  
  24504 13702    10393.5570    32    10674.0000    10064.8308  1231901    5.71%
                                                 Flowpaths: 2                  
  24790 13810    10514.0489    23    10674.0000    10068.6541  1251221    5.67%
                                                      Cuts: 4                  
Elapsed time = 41.56 sec. (63093.47 ticks, tree = 5.73 MB, solutions = 1)
  25109 13936    10237.1667    30    10674.0000    10072.2587  1266083    5.64%
                                                  Flowcuts: 1                  
  25451 14111    10190.5460    15    10674.0000    10074.8644  1282883    5.61%
  25801 14291    10558.7128    28    10674.0000    10078.2991  1302539    5.58%
  26092 14445    10219.2475    36    10674.0000    10080.5381  1319698    5.56%
  26424 14580    10260.0579     6    10674.0000    10084.7635  1340164    5.52%
  26769 14738    10481.9452    41    10674.0000    10088.3839  1359980    5.49%
                                                    Covers: 1                  
  27117 14891    10321.6688    27    10674.0000    10092.6213  1379255    5.45%
  27463 15038    10174.1398    35    10674.0000    10096.2111  1399207    5.41%
  27788 15162    10152.8111    36    10674.0000    10099.3547  1418404    5.38%
  28089 15297    10294.3231    37    10674.0000    10101.8559  1437123    5.36%
Elapsed time = 47.55 sec. (72674.74 ticks, tree = 7.04 MB, solutions = 1)
  28414 15420    10482.3945    42    10674.0000    10103.9274  1456403    5.34%
                                                      Cuts: 3                  
  28732 15566    10436.7064    20    10674.0000    10107.2363  1475605    5.31%
                                                    Covers: 2                  
  29058 15715    10153.5130    31    10674.0000    10110.8313  1494291    5.28%
  29428 15882    10454.3413    10    10674.0000    10114.4161  1513606    5.24%
                                                      Cuts: 3                  
  29736 16019    10441.9084    14    10674.0000    10116.5006  1533719    5.22%
  30040 16122    10512.4137    28    10674.0000    10119.1299  1552514    5.20%
  30359 16236    10481.8259    41    10674.0000    10123.3812  1572874    5.16%
  30689 16397    10297.1774    33    10674.0000    10125.5117  1591586    5.14%
                                                    Covers: 1                  
  31005 16521    10367.2282    34    10674.0000    10128.7898  1610638    5.11%
  31331 16644    10361.3197    39    10674.0000    10131.4259  1629839    5.08%
Elapsed time = 54.25 sec. (82244.43 ticks, tree = 8.28 MB, solutions = 1)
  31672 16784    10449.1912    33    10674.0000    10133.3489  1649412    5.07%
  32012 16895    10659.9239    35    10674.0000    10135.3017  1669042    5.05%
  32306 17010    10269.5205    38    10674.0000    10137.3745  1687360    5.03%
                                                  Flowcuts: 2                  
  32641 17138    10541.3636     8    10674.0000    10139.8196  1706972    5.00%
                                                  Flowcuts: 3                  
  32977 17240    10311.4553    25    10674.0000    10142.5872  1727359    4.98%
                                                  Flowcuts: 1                  
  33268 17343    10449.2736    33    10674.0000    10144.7791  1746763    4.96%
                                                      Cuts: 2                  
  33558 17438    10469.7637    28    10674.0000    10147.0630  1766717    4.94%
  33855 17525    10333.3383    16    10674.0000    10149.4982  1785436    4.91%
  34160 17647    10280.3516    35    10674.0000    10151.3608  1803926    4.90%
  35480 18158        cutoff          10674.0000    10160.2774  1880627    4.81%
Elapsed time = 64.36 sec. (94677.45 ticks, tree = 8.84 MB, solutions = 1)
  36758 18644        cutoff          10674.0000    10170.7020  1958813    4.72%
  38098 19142    10658.9440    26    10674.0000    10179.2363  2035410    4.64%
  39490 19648    10517.7925    32    10674.0000    10189.1222  2113051    4.54%
  40924 20196    10494.4815    16    10674.0000    10197.3056  2190889    4.47%
  42307 20750    10622.1848    23    10674.0000    10205.1150  2264881    4.39%
                                                      Cuts: 6                  
  43662 21194    10536.0182    34    10674.0000    10213.0133  2341446    4.32%
                                                      Cuts: 3                  
  45086 21713        cutoff          10674.0000    10220.8418  2418076    4.25%
                                                      Cuts: 8                  
  46450 22133    10612.4205    39    10674.0000    10228.1300  2493168    4.18%
                                                    Covers: 1                  
  47816 22577    10511.6527    31    10674.0000    10234.9671  2571767    4.11%
                                                    Covers: 1                  
  49254 23045    10411.9439    26    10674.0000    10242.1844  2640550    4.05%
                                                 Flowpaths: 1                  
Elapsed time = 88.42 sec. (132846.42 ticks, tree = 12.17 MB, solutions = 1)
  50607 23438    10292.2185    25    10674.0000    10249.2117  2698729    3.98%
  52032 23849    10578.3123    32    10674.0000    10255.6256  2758188    3.92%
  53458 24256    10627.8559    10    10674.0000    10263.1848  2817289    3.85%
  54898 24611    10618.9472    10    10674.0000    10270.7381  2875030    3.78%
  56261 24967    10455.6768    24    10674.0000    10278.1663  2932580    3.71%
  57817 25424        cutoff          10674.0000    10284.5071  2991116    3.65%
  59348 25874    10488.3068    19    10674.0000    10290.7811  3050804    3.59%
                                                      Cuts: 3                  
  60762 26173    10505.6311    31    10674.0000    10296.6176  3110862    3.54%
                                                      Cuts: 4                  
  62211 26527    10562.6492    40    10674.0000    10301.7734  3168988    3.49%
  63624 26881    10367.5134    30    10674.0000    10307.3718  3226683    3.43%
                                                     Cuts: 11                  
Elapsed time = 112.27 sec. (171028.80 ticks, tree = 34.00 MB, solutions = 1)
  65040 27210    10488.3229    32    10674.0000    10312.4064  3284061    3.39%
                                                   MIRcuts: 1                  
  66542 27524    10488.8317    41    10674.0000    10318.7811  3342046    3.33%
                                                  Flowcuts: 1                  
  67873 27669    10572.5338    24    10674.0000    10324.9977  3398213    3.27%
  69320 28004    10448.1945    21    10674.0000    10331.4961  3454483    3.21%
  70791 28265    10436.5123    17    10674.0000    10337.0967  3512224    3.16%
  72230 28528    10546.9301    15    10674.0000    10342.2841  3568952    3.11%
  73723 28816    10615.9681    30    10674.0000    10347.6934  3627293    3.06%
  75099 29018    10499.5275    27    10674.0000    10352.6396  3683070    3.01%
  76695 29339    10551.5775    12    10674.0000    10357.7025  3740508    2.96%
  78202 29584    10563.7073    20    10674.0000    10363.4502  3798704    2.91%
Elapsed time = 137.75 sec. (209238.28 ticks, tree = 52.61 MB, solutions = 1)
  79722 29800        cutoff          10674.0000    10369.4944  3855733    2.85%
  81264 30057    10414.4895    26    10674.0000    10374.6480  3912931    2.80%
  82695 30184    10647.1227    15    10674.0000    10379.3065  3969958    2.76%
                                                    Covers: 1                  
  84171 30332    10602.9683    25    10674.0000    10383.8945  4026251    2.72%
                                                      Cuts: 5                  
  85632 30457    10646.5314    24    10674.0000    10388.6978  4080993    2.67%
                                                    Covers: 2                  
  87128 30657        cutoff          10674.0000    10392.9192  4136460    2.63%
  88601 30781    10471.0559    14    10674.0000    10398.0499  4191506    2.59%
  90128 30933        cutoff          10674.0000    10402.6744  4247042    2.54%
                                                      Cuts: 2                  
  91650 30946        cutoff          10674.0000    10407.9401  4303122    2.49%
                                                    Covers: 1                  
  93203 31016    10606.1814    31    10674.0000    10413.6410  4358126    2.44%
                                                    Covers: 2                  
Elapsed time = 163.84 sec. (247407.19 ticks, tree = 66.40 MB, solutions = 1)
  94803 31108        cutoff          10674.0000    10418.5144  4415261    2.39%
  96360 31207    10660.7509     3    10674.0000    10423.0755  4469440    2.35%
                                                      Cuts: 2                  
  97912 31251    10446.4019    23    10674.0000    10428.0982  4524963    2.30%
  99422 31346        cutoff          10674.0000    10432.0433  4581250    2.27%
                                                      Cuts: 3                  
 101025 31431    10605.1080    22    10674.0000    10436.3655  4636565    2.23%
                                                      Cuts: 3                  
 102581 31476        cutoff          10674.0000    10441.0350  4690365    2.18%
 104167 31511    10573.9956    15    10674.0000    10445.7985  4745205    2.14%
 105703 31501    10665.9038     7    10674.0000    10450.1760  4799176    2.10%
                                                    Covers: 1                  
 107306 31487    10530.7629    30    10674.0000    10454.5532  4855021    2.06%
 108871 31424        cutoff          10674.0000    10459.4116  4910031    2.01%
Elapsed time = 188.75 sec. (285563.68 ticks, tree = 75.85 MB, solutions = 1)
 110523 31306        cutoff          10674.0000    10464.5955  4964390    1.96%
 112137 31177    10622.2278    18    10674.0000    10469.4635  5018047    1.92%
 113829 31161        cutoff          10674.0000    10474.0604  5073404    1.87%
 115457 31014    10571.5156    10    10674.0000    10478.8363  5128088    1.83%
 117213 30921    10555.9625     5    10674.0000    10483.8915  5183896    1.78%
 118873 30655    10604.5198    28    10674.0000    10488.5346  5238692    1.74%
 120558 30418    10616.4949    20    10674.0000    10493.2335  5291423    1.69%
 122263 30183    10608.6624    48    10674.0000    10497.9470  5343321    1.65%
 123946 29824    10614.2430     6    10674.0000    10503.1724  5397601    1.60%
 125718 29412    10540.5035     9    10674.0000    10508.5549  5452895    1.55%
Elapsed time = 213.44 sec. (323731.21 ticks, tree = 76.24 MB, solutions = 1)
 127509 29083    10519.7199    21    10674.0000    10513.1887  5506231    1.51%
 129331 28666        cutoff          10674.0000    10518.1067  5559211    1.46%
 131112 28094    10628.5070    10    10674.0000    10523.4024  5612138    1.41%
 133095 27570    10595.2480    20    10674.0000    10528.7291  5667685    1.36%
 135036 27067        cutoff          10674.0000    10533.8214  5722148    1.31%
 136993 26509    10586.6048    38    10674.0000    10539.0813  5776079    1.26%
 138994 25910    10662.9252    32    10674.0000    10544.3415  5830091    1.21%
 140906 25040        cutoff          10674.0000    10550.2524  5883912    1.16%
 142917 24160        cutoff          10674.0000    10556.4535  5937683    1.10%
 145112 23256    10619.9803    17    10674.0000    10562.8951  5993539    1.04%
Elapsed time = 238.13 sec. (361889.58 ticks, tree = 62.33 MB, solutions = 1)
 147272 22272    10581.9474    12    10674.0000    10568.9854  6051093    0.98%
 149534 21198        cutoff          10674.0000    10575.4104  6105859    0.92%
 151775 20135        cutoff          10674.0000    10581.5115  6161081    0.87%
 154234 18850        cutoff          10674.0000    10588.5590  6219804    0.80%
 156771 17389        cutoff          10674.0000    10595.6660  6278682    0.73%
 159536 15611        cutoff          10674.0000    10603.9253  6335496    0.66%
 162429 13592        cutoff          10674.0000    10612.7997  6390689    0.57%
 165530 11311    10664.5613    29    10674.0000    10622.5396  6442567    0.48%
 168884  8594        cutoff          10674.0000    10633.4181  6489696    0.38%
 172879  5100        cutoff          10674.0000    10647.9217  6532636    0.24%
Elapsed time = 262.16 sec. (400044.44 ticks, tree = 13.54 MB, solutions = 1)
 177897   389        cutoff          10674.0000    10671.5482  6561595    0.02%

Cover cuts applied:  125
Implied bound cuts applied:  3
Flow cuts applied:  251
Mixed integer rounding cuts applied:  34
Flow path cuts applied:  42
Zero-half cuts applied:  1
Multi commodity flow cuts applied:  3
Lift and project cuts applied:  1
Gomory fractional cuts applied:  17

Root node processing (before b&c):
  Real time             =    0.41 sec. (308.24 ticks)
Sequential b&c:
  Real time             =  264.33 sec. (403822.31 ticks)
                          ------------
Total (root+branch&cut) =  264.73 sec. (404130.55 ticks)

--- MIP status (101): integer optimal solution.
--- Cplex Time: 264.73sec (det. 404130.55 ticks)

--- Fixing integer variables and solving final LP...

Version identifier: 20.1.0.0 | 2020-11-10 | 9bedb6d68
CPXPARAM_Advance                                 2
CPXPARAM_Threads                                 1
CPXPARAM_MIP_Display                             4
CPXPARAM_TimeLimit                               3600
CPXPARAM_MIP_Tolerances_AbsMIPGap                0
CPXPARAM_MIP_Tolerances_MIPGap                   0
Tried aggregator 1 time.
LP Presolve eliminated 256 rows and 481 columns.
All rows and columns eliminated.
Presolve time = 0.00 sec. (0.17 ticks)

--- Fixed MIP status (1): optimal.
--- Cplex Time: 0.00sec (det. 0.28 ticks)


Proven optimal solution
MIP Solution:        10674.000000    (6562475 iterations, 178288 nodes)
Final Solve:         10674.000000    (0 iterations)

Best possible:       10674.000000
Absolute gap:            0.000000
Relative gap:            0.000000

--- Reading solution for model master
--- bchfcnet.gms(673) 4 Mb  264 secs
*** Status: Normal completion
--- Job bchfcnet.gms Stop 02/08/22 17:21:37 elapsed 0:04:24.899
