
--- Job bchfcnet.gms Start 02/08/22 17:07:27 34.3.0 rac355f3 WEX-WEI x86 64bit/MS Windows
--- Applying:
    C:\GAMS\34\gmsprmNT.txt
--- GAMS Parameters defined
    Input C:\Users\dekhi\Desktop\gamsworld\FCNetLib\test\bchfcnet.gms
    PageSize 0
    ScrDir C:\Users\dekhi\Desktop\gamsworld\FCNetLib\test\225a\
    SysDir C:\GAMS\34\
    LogOption 3
    ErrMsg 1
    ErrorLog 99
    IDE 1
    ResLim 3600
    LstTitleLeftAligned 1
Licensee: Eval License                                   S211214|0002AW-GEN
          Ostfalia Hochschule fuer angewandte Wissenschaften        DCE1645
          C:\Users\dekhi\Documents\GAMS\gamslice.txt
          License Admin: Mohamed Ali Dekhil, dekhil.medali@gmail.com       
          Evaluation license: Not for commercial or production use
GAMS 34.3.0   Copyright (C) 1987-2021 GAMS Development. All rights reserved
--- Starting compilation
--- bchfcnet.gms(34) 2 Mb
--- . decl.gms(15) 2 Mb
--- bchfcnet.gms(38) 2 Mb
--- . k16x240b.inc(521) 3 Mb
--- bchfcnet.gms(67) 3 Mb
--- . equs.gms(20) 3 Mb
--- bchfcnet.gms(97) 3 Mb
--- call rm -f bchout_i.gdx startcut.txt startheur.txt cuthist.gdx agap.txt rgap.txt cntfail.txt
--- bchfcnet.gms(118) 3 Mb
--- Starting execution: elapsed 0:00:00.106
--- bchfcnet.gms(579) 4 Mb
--- GDX File (execute_unload) C:\Users\dekhi\Desktop\gamsworld\FCNetLib\test\net.gdx
--- bchfcnet.gms(670) 4 Mb
--- GDXin=C:\Users\dekhi\Desktop\gamsworld\FCNetLib\test\points\k16x240b.gdx
--- GDX File (execute_load) C:\Users\dekhi\Desktop\gamsworld\FCNetLib\test\points\k16x240b.gdx
--- Generating MIP model master
--- bchfcnet.gms(674) 4 Mb
---   257 rows  481 columns  1,441 non-zeroes
---   240 discrete-columns
--- Executing CPLEX (Solvelink=2): elapsed 0:00:00.122

IBM ILOG CPLEX   34.3.0 rac355f3 Released Feb 25, 2021 WEI x86 64bit/MS Window

--- GAMS/Cplex Link licensed for continuous and discrete problems.

Reading parameter(s) from "C:\Users\dekhi\Desktop\gamsworld\FCNetLib\test\cplex.op2"
>>  mipstart 1
Finished reading from "C:\Users\dekhi\Desktop\gamsworld\FCNetLib\test\cplex.op2"

--- Space for names approximately 0.01 Mb
--- Use option 'names no' to turn use of names off
--- GMO memory 0.59 Mb (peak 0.59 Mb)
--- Dictionary memory 0.00 Mb
--- Cplex 20.1.0.0 link memory 0.01 Mb (peak 0.05 Mb)
--- Starting Cplex

Version identifier: 20.1.0.0 | 2020-11-10 | 9bedb6d68
CPXPARAM_Threads                                 1
CPXPARAM_MIP_Display                             4
CPXPARAM_TimeLimit                               3600
CPXPARAM_MIP_Tolerances_AbsMIPGap                0
CPXPARAM_MIP_Tolerances_MIPGap                   0
Generic callback                                 0x50
Processing 1 MIP starts.
MIP start 'm1' defined solution with objective 11393.0000.
1 of 1 MIP starts provided solutions.
MIP start 'm1' defined initial solution with objective 11393.0000.
Tried aggregator 1 time.
MIP Presolve eliminated 15 rows and 1 columns.
MIP Presolve added 30 rows and 0 columns.
Reduced MIP has 271 rows, 480 columns, and 990 nonzeros.
Reduced MIP has 240 binaries, 0 generals, 0 SOSs, and 0 indicators.
Presolve time = 0.00 sec. (1.02 ticks)
Probing time = 0.00 sec. (0.05 ticks)
Tried aggregator 1 time.
Detecting symmetries...
Reduced MIP has 271 rows, 480 columns, and 990 nonzeros.
Reduced MIP has 240 binaries, 0 generals, 0 SOSs, and 0 indicators.
Presolve time = 0.00 sec. (1.08 ticks)
Probing time = 0.00 sec. (0.05 ticks)
MIP emphasis: balance optimality and feasibility.
MIP search method: dynamic search.
Parallel mode: none, using 1 thread.
Tried aggregator 1 time.
LP Presolve eliminated 225 rows and 225 columns.
Aggregator did 15 substitutions.
Reduced LP has 31 rows, 240 columns, and 510 nonzeros.
Presolve time = 0.00 sec. (0.24 ticks)

Iteration log . . .
Iteration:     1   Dual objective     =           711.942000
Initializing dual steep norms . . .
Root relaxation solution time = 0.00 sec. (0.45 ticks)

        Nodes                                         Cuts/
   Node  Left     Objective  IInf  Best Integer    Best Bound    ItCnt     Gap

*     0+    0                        11393.0000        0.0000           100.00%
Found incumbent of value 11393.000000 after 0.00 sec. (3.33 ticks)
      0     0     3320.7710    15    11393.0000     3320.7710       19   70.85%
      0     0     7785.3308    36    11393.0000      Cuts: 75       79   31.67%
      0     0     8591.8474    41    11393.0000      Cuts: 96      147   24.59%
      0     0     9107.3488    41    11393.0000      Cuts: 78      215   20.06%
      0     0     9319.0404    44    11393.0000      Cuts: 69      300   18.20%
      0     0     9538.5952    52    11393.0000      Cuts: 84      399   16.28%
Detecting symmetries...
      0     0     9707.3996    57    11393.0000      Cuts: 81      508   14.80%
      0     0     9780.1036    64    11393.0000      Cuts: 66      617   14.16%
      0     0     9832.2121    57    11393.0000      Cuts: 70      690   13.70%
      0     0     9907.3978    67    11393.0000      Cuts: 71      793   13.04%
      0     0     9944.5071    64    11393.0000      Cuts: 69      902   12.71%
      0     0     9983.3887    67    11393.0000      Cuts: 68      984   12.37%
      0     0    10004.5408    55    11393.0000      Cuts: 51     1059   12.19%
      0     0    10017.2304    56    11393.0000      Cuts: 40     1113   12.08%
      0     0    10021.5021    58    11393.0000      Cuts: 35     1147   12.04%
      0     0    10023.8388    51    11393.0000      Cuts: 37     1193   12.02%
      0     0    10029.1421    52    11393.0000      Cuts: 25     1258   11.97%
      0     0    10034.3286    54    11393.0000      Cuts: 19     1287   11.93%
      0     0    10046.1499    60    11393.0000      Cuts: 24     1320   11.82%
      0     0    10055.7078    64    11393.0000      Cuts: 54     1372   11.74%
      0     0    10057.9485    62    11393.0000      Cuts: 23     1426   11.72%
      0     0    10061.9938    68    11393.0000      Cuts: 14     1462   11.68%
      0     0    10064.1204    56    11393.0000      Cuts: 24     1491   11.66%
      0     0    10065.6687    64    11393.0000      Cuts: 20     1522   11.65%
Detecting symmetries...
      0     2    10065.6687    64    11393.0000    10065.6755     1522   11.65%
Elapsed time = 1.09 sec. (1052.50 ticks, tree = 0.01 MB, solutions = 2)
     79    69    10554.8277    35    11393.0000    10101.9692     5852   11.33%
                                                     Cuts: 12                  
    179   138    10367.8270    61    11393.0000    10129.6985    10442   11.09%
                                                  Impl Bds: 2                  
    266   202    10562.9501    44    11393.0000    10146.4781    14684   10.94%
                                                      Cuts: 7                  
    372   270    11346.4652    21    11393.0000    10149.1140    19792   10.92%
                                                     Cuts: 17                  
    462   339    10693.4453    46    11393.0000    10179.1608    24650   10.65%
                                                      Cuts: 8                  

Performing restart 1

Repeating presolve.
Tried aggregator 1 time.
MIP Presolve modified 200 coefficients.
Reduced MIP has 271 rows, 480 columns, and 990 nonzeros.
Reduced MIP has 240 binaries, 0 generals, 0 SOSs, and 0 indicators.
Presolve time = 0.00 sec. (0.94 ticks)
Tried aggregator 1 time.
Reduced MIP has 271 rows, 480 columns, and 990 nonzeros.
Reduced MIP has 240 binaries, 0 generals, 0 SOSs, and 0 indicators.
Presolve time = 0.00 sec. (1.08 ticks)
Represolve time = 0.01 sec. (5.91 ticks)
Tried aggregator 1 time.
LP Presolve eliminated 5 rows and 0 columns.
Reduced LP has 464 rows, 480 columns, and 5915 nonzeros.
Presolve time = 0.00 sec. (0.60 ticks)

Iteration log . . .
Iteration:     1   Dual objective     =           402.000000
Iteration:    62   Dual objective     =          7118.214824
Iteration:   124   Dual objective     =          9216.897787
Iteration:   186   Dual objective     =          9831.668182
Iteration:   248   Dual objective     =         10046.660025
Iteration:   310   Dual objective     =         10065.561853
Initializing dual steep norms . . .
    520     0    10073.7343    66    11393.0000      Cuts: 32    28999   10.52%
    520     0    10076.6989    60    11393.0000      Cuts: 21    29056   10.52%
    520     0    10077.7407    70    11393.0000      Cuts: 18    29099   10.52%
    520     0    10078.5236    59    11393.0000      Cuts: 16    29121   10.52%
    520     0    10079.0283    63    11393.0000      Cuts: 13    29149   10.52%
    520     0    10079.5205    67    11393.0000      Cuts: 18    29177   10.52%
    520     2    10079.5205    67    11393.0000    10194.0447    29177   10.52%
    525     7    10339.0502    42    11393.0000    10194.0447    29631   10.52%
    539    21    10820.1864    27    11393.0000    10194.0447    30510   10.52%
    609    76    10406.5099    39    11393.0000    10194.0447    33043   10.52%
                                                     Cuts: 19                  
   1020   400    11022.5443    32    11393.0000    10292.4973    48447    9.66%
                                                     Cuts: 39                  
Elapsed time = 4.08 sec. (5053.79 ticks, tree = 0.76 MB, solutions = 2)
   1368   648    10868.9516    30    11393.0000    10367.8183    63946    9.00%
                                                     Cuts: 31                  
   1836  1004    11009.5617    38    11393.0000    10422.2845    79957    8.52%
                                                     Cuts: 18                  
   2233  1295    11372.8069    31    11393.0000    10449.7451    97674    8.28%
                                                     Cuts: 10                  
   2541  1489    11079.0394    28    11393.0000    10476.4212   113328    8.05%
                                                      Cuts: 3                  
   2885  1720    10684.9022    26    11393.0000    10494.9366   128762    7.88%
                                                     Cuts: 13                  
   3209  1941    11367.9799    19    11393.0000    10529.9066   145382    7.58%
                                                     Cuts: 13                  
   3459  2087    11202.5979    35    11393.0000    10557.0173   160202    7.34%
                                                     Cuts: 13                  
   3759  2283    11218.2521    25    11393.0000    10570.4722   173158    7.22%
                                                      Cuts: 5                  
   4049  2460    11222.4987    21    11393.0000    10580.7728   188750    7.13%
                                                      Cuts: 5                  
   4326  2604    11306.8758    37    11393.0000    10601.8141   205617    6.94%
                                                      Cuts: 7                  
Elapsed time = 10.52 sec. (14606.83 ticks, tree = 8.42 MB, solutions = 2)
   4606  2753    11181.0937    21    11393.0000    10626.4569   221150    6.73%
                                                  Flowcuts: 2                  
   4858  2897    11102.2522    29    11393.0000    10636.1556   235727    6.64%
                                                      Cuts: 3                  
   5185  3053    10751.8499    39    11393.0000    10653.6329   251413    6.49%
                                                      Cuts: 3                  
   5483  3207    10775.3649    38    11393.0000    10669.7070   268160    6.35%
                                                     Cuts: 10                  
   5812  3418    11309.1578     5    11393.0000    10677.5616   283602    6.28%
                                                      Cuts: 5                  
   6057  3543    11297.8374    46    11393.0000    10692.1196   297733    6.15%
                                                     Cuts: 15                  
   6309  3677    11071.4838    44    11393.0000    10700.1357   311405    6.08%
                                                     Cuts: 14                  
   6566  3837    11250.0063    24    11393.0000    10709.7730   324423    6.00%
                                                      Cuts: 3                  
   6823  3964    11007.4529    44    11393.0000    10716.8340   339217    5.93%
                                                      Cuts: 4                  
   7137  4135    11382.1987    22    11393.0000    10727.4990   354005    5.84%
                                                      Cuts: 7                  
Elapsed time = 16.77 sec. (24209.50 ticks, tree = 14.16 MB, solutions = 2)
   7454  4309    10914.1568    41    11393.0000    10738.8225   369056    5.74%
   7738  4448    11235.7558    14    11393.0000    10751.1919   384612    5.63%
                                                      Cuts: 3                  
   8027  4582    10817.4497    41    11393.0000    10761.6962   399278    5.54%
                                                  Flowcuts: 6                  
   8267  4717    11038.1613    35    11393.0000    10769.7466   412470    5.47%
   8540  4875    10879.9045    18    11393.0000    10774.0033   425948    5.43%
                                                      Cuts: 4                  
   8826  5024    11300.7982    28    11393.0000    10780.8693   440750    5.37%
   9147  5188    11156.9169    43    11393.0000    10790.2066   456149    5.29%
                                                      Cuts: 6                  
   9477  5336        cutoff          11393.0000    10799.8279   472191    5.21%
                                                  Flowcuts: 1                  
   9786  5494    11326.0945    40    11393.0000    10808.7191   487981    5.13%
                                                     Cuts: 11                  
  10077  5636    11391.5442    21    11393.0000    10813.2341   503525    5.09%
                                                  Flowcuts: 6                  
Elapsed time = 23.00 sec. (33839.89 ticks, tree = 20.82 MB, solutions = 2)
  10361  5782    10965.1268    50    11393.0000    10819.0481   517452    5.04%
                                                      Cuts: 3                  
  10579  5885    11177.1343    31    11393.0000    10824.4658   531512    4.99%
  10822  5967    11346.8410    32    11393.0000    10830.5210   546043    4.94%
  10920  6011    11129.0572    37    11393.0000    10832.8126   551062    4.92%
  10922  6013    11076.6441    35    11393.0000    10833.5275   551494    4.91%
  11264  6171    11372.3893    30    11393.0000    10842.6692   566573    4.83%
  11575  6318    11317.3511    25    11393.0000    10847.5793   581129    4.79%
                                                 Flowpaths: 1                  
  11890  6495    11391.0569    27    11393.0000    10850.8631   597257    4.76%
  12176  6650    11319.8637    20    11393.0000    10856.1539   613102    4.71%
  12457  6765    11196.8589    30    11393.0000    10862.3425   629571    4.66%
                                                 Flowpaths: 1                  
Elapsed time = 31.78 sec. (46077.97 ticks, tree = 25.38 MB, solutions = 2)
  12750  6914    11090.4980    39    11393.0000    10867.8932   643960    4.61%
                                                      Cuts: 3                  
  13007  7010    11322.5770    49    11393.0000    10874.0596   658562    4.55%
                                                  Flowcuts: 1                  
  13284  7118    11225.7982    21    11393.0000    10880.8247   673356    4.50%
  13560  7235    11239.9400    31    11393.0000    10886.5866   688242    4.44%
                                                    Covers: 1                  
  13865  7364    11077.7990    55    11393.0000    10892.0951   703572    4.40%
                                                      Cuts: 4                  
  14200  7524    11385.2618    23    11393.0000    10896.1163   719068    4.36%
  14485  7623    11138.5426    33    11393.0000    10900.7787   735179    4.32%
  14789  7749    11295.3904    28    11393.0000    10905.7070   750723    4.28%
  15086  7863        cutoff          11393.0000    10911.0097   766030    4.23%
  15341  7955    11375.0711    36    11393.0000    10916.3122   781096    4.18%
Elapsed time = 38.03 sec. (55657.89 ticks, tree = 30.73 MB, solutions = 2)
  15621  8070    11134.2257    19    11393.0000    10921.3545   795462    4.14%
  15914  8184    11374.5943    30    11393.0000    10927.3693   810685    4.09%
  16207  8278    11301.2642    58    11393.0000    10932.4514   825606    4.04%
                                                 Flowpaths: 1                  
  16482  8348    11240.3834    42    11393.0000    10938.7946   841387    3.99%
                                                      Cuts: 2                  
  16775  8454    11143.2182    45    11393.0000    10944.6453   856609    3.94%
                                                      Cuts: 4                  
  17057  8578        cutoff          11393.0000    10949.3247   872528    3.89%
  17354  8679    11324.6225    39    11393.0000    10954.4051   888576    3.85%
  17667  8796    11247.1044    27    11393.0000    10957.3690   904264    3.82%
                                                      Cuts: 3                  
  17953  8900    11243.2332    43    11393.0000    10961.8265   919526    3.78%
  18219  8986    11262.0766    40    11393.0000    10966.2772   934653    3.75%
Elapsed time = 44.17 sec. (65243.78 ticks, tree = 35.21 MB, solutions = 2)
  18467  9062    11380.4447    22    11393.0000    10972.4936   949351    3.69%
                                                      Cuts: 5                  
  18747  9168    11285.7983    40    11393.0000    10976.2771   963980    3.66%
                                                      Cuts: 3                  
  19062  9295        cutoff          11393.0000    10981.5086   978775    3.61%
                                                 Flowpaths: 3                  
  19344  9407    11228.2048    18    11393.0000    10985.4268   994250    3.58%
                                                  Flowcuts: 3                  
  19629  9531    11345.7434    32    11393.0000    10988.5410  1008920    3.55%
                                                  Flowcuts: 2                  
  19923  9648    11298.6559    38    11393.0000    10991.6968  1024420    3.52%
  20229  9746    11310.8911    35    11393.0000    10997.0320  1040081    3.48%
                                                  Flowcuts: 1                  
  20516  9822    11389.3341    27    11393.0000    11000.9985  1055295    3.44%
  20799  9908    11025.7467    24    11393.0000    11005.0891  1070345    3.40%
                                                      Cuts: 6                  
  21075 10000    11246.8443    23    11393.0000    11007.4643  1086129    3.38%
Elapsed time = 50.28 sec. (74821.21 ticks, tree = 39.41 MB, solutions = 2)
  21350 10060    11358.2923    36    11393.0000    11010.8082  1100638    3.35%
  21595 10102    11207.6756    38    11393.0000    11014.2667  1115371    3.32%
  21846 10164    11321.6631    49    11393.0000    11018.0389  1129893    3.29%
  22139 10254    11192.4827    43    11393.0000    11020.9552  1144515    3.27%
  22433 10346    11274.9752    34    11393.0000    11025.0081  1159249    3.23%
                                                      Cuts: 2                  
  22736 10438    11267.8862    31    11393.0000    11027.7888  1173951    3.21%
                                                      Cuts: 3                  
  23039 10522    11116.0129    52    11393.0000    11031.7054  1188675    3.17%
                                                      Cuts: 3                  
  23332 10644    11299.9504    30    11393.0000    11034.1910  1203822    3.15%
  23609 10727    11239.1107    16    11393.0000    11036.7360  1219257    3.13%
  23904 10831    11332.7871    36    11393.0000    11039.1726  1234310    3.11%
Elapsed time = 56.38 sec. (84380.99 ticks, tree = 43.21 MB, solutions = 2)
  24190 10904    11366.8796    30    11393.0000    11042.3702  1249319    3.08%
                                                    Covers: 1                  
  24484 10988    11325.0704    21    11393.0000    11046.7878  1264473    3.04%
                                                 Flowpaths: 1                  
  24721 11039    11330.4032    23    11393.0000    11049.7192  1277708    3.01%
  24996 11128        cutoff          11393.0000    11053.3487  1291741    2.98%
  25251 11197    11288.3189    47    11393.0000    11056.4941  1306658    2.95%
  25529 11281    11255.0435    36    11393.0000    11059.0107  1320607    2.93%
  25824 11347        cutoff          11393.0000    11061.5479  1335119    2.91%
  26126 11406    11379.3425    20    11393.0000    11066.2034  1350356    2.87%
  26445 11538    11368.7064    17    11393.0000    11068.0930  1364724    2.85%
  27674 11800    11260.0659    20    11393.0000    11080.3710  1423828    2.74%
                                                  Flowcuts: 2                  
Elapsed time = 64.31 sec. (96803.89 ticks, tree = 47.85 MB, solutions = 2)
  28810 11979    11279.8008    40    11393.0000    11092.5306  1482815    2.64%
  29997 12213    11193.8056    32    11393.0000    11101.9196  1541376    2.55%
                                                  Flowcuts: 1                  
  31124 12392    11318.5286    11    11393.0000    11110.9343  1600217    2.48%
                                                      Cuts: 6                  
  32285 12551        cutoff          11393.0000    11120.7811  1656956    2.39%
                                                     Cuts: 12                  
  33401 12681        cutoff          11393.0000    11130.5786  1713438    2.30%
                                                  Flowcuts: 2                  
  34610 12748        cutoff          11393.0000    11142.0800  1770716    2.20%
                                                  Flowcuts: 1                  
  35795 12870    11338.1115    35    11393.0000    11151.3840  1828217    2.12%
                                                  Flowcuts: 1                  
  36980 12943    11278.4375     7    11393.0000    11160.0046  1885233    2.05%
                                                  Flowcuts: 1                  
  38167 12942    11385.1819    22    11393.0000    11170.5231  1941886    1.95%
  39404 12926    11329.4300     8    11393.0000    11180.8501  2000374    1.86%
Elapsed time = 88.70 sec. (134974.80 ticks, tree = 52.62 MB, solutions = 2)
  40692 12897        cutoff          11393.0000    11191.0908  2058570    1.77%
  41974 12717    11363.5407    24    11393.0000    11200.8495  2115447    1.69%
  43217 12518        cutoff          11393.0000    11210.2010  2170262    1.60%
  44596 12227    11353.9544    14    11393.0000    11221.7523  2228539    1.50%
  45934 11897    11353.9155    28    11393.0000    11232.4763  2286364    1.41%
  47301 11513        cutoff          11393.0000    11242.6911  2343171    1.32%
  48712 11033    11386.1663    24    11393.0000    11253.7372  2399769    1.22%
  50263 10460    11283.7701    27    11393.0000    11265.4253  2455632    1.12%
  51928  9690        cutoff          11393.0000    11279.0804  2511396    1.00%
  53626  8712    11321.4376    18    11393.0000    11292.7310  2564207    0.88%
Elapsed time = 113.38 sec. (173155.09 ticks, tree = 35.85 MB, solutions = 2)
  55458  7567        cutoff          11393.0000    11307.1349  2616938    0.75%
  57572  6076    11356.2498    18    11393.0000    11324.1977  2675018    0.60%
  60047  4064        cutoff          11393.0000    11345.3695  2729753    0.42%
  63501   913        cutoff          11393.0000    11378.5711  2771225    0.13%

Cover cuts applied:  51
Flow cuts applied:  310
Mixed integer rounding cuts applied:  57
Flow path cuts applied:  47
Zero-half cuts applied:  1
Multi commodity flow cuts applied:  1
Lift and project cuts applied:  12
Gomory fractional cuts applied:  15

Root node processing (before b&c):
  Real time             =    1.09 sec. (1052.52 ticks)
Sequential b&c:
  Real time             =  122.70 sec. (188097.42 ticks)
                          ------------
Total (root+branch&cut) =  123.80 sec. (189149.95 ticks)

--- MIP status (101): integer optimal solution.
--- Cplex Time: 123.80sec (det. 189149.95 ticks)

--- Fixing integer variables and solving final LP...

Version identifier: 20.1.0.0 | 2020-11-10 | 9bedb6d68
CPXPARAM_Advance                                 2
CPXPARAM_Threads                                 1
CPXPARAM_MIP_Display                             4
CPXPARAM_TimeLimit                               3600
CPXPARAM_MIP_Tolerances_AbsMIPGap                0
CPXPARAM_MIP_Tolerances_MIPGap                   0
Tried aggregator 1 time.
LP Presolve eliminated 256 rows and 481 columns.
All rows and columns eliminated.
Presolve time = 0.00 sec. (0.16 ticks)

--- Fixed MIP status (1): optimal.
--- Cplex Time: 0.00sec (det. 0.28 ticks)


Proven optimal solution
MIP Solution:        11393.000000    (2774683 iterations, 64425 nodes)
Final Solve:         11393.000000    (0 iterations)

Best possible:       11393.000000
Absolute gap:            0.000000
Relative gap:            0.000000

--- Reading solution for model master
*** Status: Normal completion
--- Job bchfcnet.gms Stop 02/08/22 17:09:31 elapsed 0:02:03.959
