
--- Job bchfcnet.gms Start 02/09/22 11:42:01 34.3.0 rac355f3 WEX-WEI x86 64bit/MS Windows
--- Applying:
    C:\GAMS\34\gmsprmNT.txt
--- GAMS Parameters defined
    Input C:\Users\dekhi\Desktop\gamsworld\FCNetLib\test\bchfcnet.gms
    PageSize 0
    ScrDir C:\Users\dekhi\Desktop\gamsworld\FCNetLib\test\225a\
    SysDir C:\GAMS\34\
    LogOption 3
    ErrMsg 1
    ErrorLog 99
    IDE 1
    ResLim 3600
    LstTitleLeftAligned 1
Licensee: Eval License                                   S211214|0002AW-GEN
          Ostfalia Hochschule fuer angewandte Wissenschaften        DCE1645
          C:\Users\dekhi\Documents\GAMS\gamslice.txt
          License Admin: Mohamed Ali Dekhil, dekhil.medali@gmail.com       
          Evaluation license: Not for commercial or production use
GAMS 34.3.0   Copyright (C) 1987-2021 GAMS Development. All rights reserved
--- Starting compilation
--- bchfcnet.gms(34) 2 Mb
--- . decl.gms(15) 2 Mb
--- bchfcnet.gms(38) 2 Mb
--- . p200x1188.inc(2466) 3 Mb
--- bchfcnet.gms(67) 3 Mb
--- . equs.gms(20) 3 Mb
--- bchfcnet.gms(97) 3 Mb
--- call rm -f bchout_i.gdx startcut.txt startheur.txt cuthist.gdx agap.txt rgap.txt cntfail.txt
--- bchfcnet.gms(118) 3 Mb
--- Starting execution: elapsed 0:00:00.103
--- bchfcnet.gms(2524) 4 Mb
--- GDX File (execute_unload) C:\Users\dekhi\Desktop\gamsworld\FCNetLib\test\net.gdx
--- bchfcnet.gms(2615) 4 Mb
--- GDXin=C:\Users\dekhi\Desktop\gamsworld\FCNetLib\test\points\p200x1188.gdx
--- bchfcnet.gms(2615) 5 Mb
--- GDX File (execute_load) C:\Users\dekhi\Desktop\gamsworld\FCNetLib\test\points\p200x1188.gdx
--- Generating MIP model master
--- bchfcnet.gms(2619) 5 Mb
---   1,389 rows  2,377 columns  6,982 non-zeroes
---   1,188 discrete-columns
--- Executing CPLEX (Solvelink=2): elapsed 0:00:00.160

IBM ILOG CPLEX   34.3.0 rac355f3 Released Feb 25, 2021 WEI x86 64bit/MS Window

--- GAMS/Cplex Link licensed for continuous and discrete problems.

Reading parameter(s) from "C:\Users\dekhi\Desktop\gamsworld\FCNetLib\test\cplex.op2"
>>  mipstart 1
Finished reading from "C:\Users\dekhi\Desktop\gamsworld\FCNetLib\test\cplex.op2"

--- Space for names approximately 0.08 Mb
--- Use option 'names no' to turn use of names off
--- GMO memory 0.93 Mb (peak 0.95 Mb)
--- Dictionary memory 0.00 Mb
--- Cplex 20.1.0.0 link memory 0.06 Mb (peak 0.25 Mb)
--- Starting Cplex

Version identifier: 20.1.0.0 | 2020-11-10 | 9bedb6d68
CPXPARAM_Threads                                 1
CPXPARAM_MIP_Display                             4
CPXPARAM_TimeLimit                               3600
CPXPARAM_MIP_Tolerances_AbsMIPGap                0
CPXPARAM_MIP_Tolerances_MIPGap                   0
Generic callback                                 0x50
Processing 1 MIP starts.
MIP start 'm1' defined solution with objective 11402.0000.
1 of 1 MIP starts provided solutions.
MIP start 'm1' defined initial solution with objective 11402.0000.
Tried aggregator 1 time.
MIP Presolve eliminated 134 rows and 31 columns.
MIP Presolve added 228 rows and 0 columns.
Reduced MIP has 1482 rows, 2346 columns, and 4920 nonzeros.
Reduced MIP has 1168 binaries, 0 generals, 0 SOSs, and 0 indicators.
Presolve time = 0.02 sec. (16.19 ticks)
Probing time = 0.00 sec. (0.27 ticks)
Tried aggregator 1 time.
Detecting symmetries...
Reduced MIP has 1482 rows, 2346 columns, and 4920 nonzeros.
Reduced MIP has 1168 binaries, 0 generals, 0 SOSs, and 0 indicators.
Presolve time = 0.00 sec. (14.85 ticks)
Probing time = 0.00 sec. (0.27 ticks)
MIP emphasis: balance optimality and feasibility.
MIP search method: dynamic search.
Parallel mode: none, using 1 thread.
Tried aggregator 1 time.
LP Presolve eliminated 1054 rows and 1054 columns.
Aggregator did 114 substitutions.
Reduced LP has 314 rows, 1178 columns, and 2584 nonzeros.
Presolve time = 0.00 sec. (1.23 ticks)
Initializing dual steep norms . . .

Iteration log . . .
Iteration:     1   Dual objective     =           116.666667
Iteration:    63   Dual objective     =          3344.141111
Iteration:   130   Dual objective     =          5337.981111
Initializing dual steep norms . . .
Root relaxation solution time = 0.00 sec. (3.00 ticks)

        Nodes                                         Cuts/
   Node  Left     Objective  IInf  Best Integer    Best Bound    ItCnt     Gap

*     0+    0                        11402.0000        0.0000           100.00%
Found incumbent of value 11402.000000 after 0.03 sec. (39.09 ticks)
      0     0     5575.1267    88    11402.0000     5575.1267      158   51.10%
      0     0    10029.6911    86    11402.0000     Cuts: 252      349   12.04%
      0     0    10526.9756   107    11402.0000     Cuts: 169      462    7.67%
      0     0    10745.1128   121    11402.0000     Cuts: 161      579    5.76%
      0     0    10860.6878   110    11402.0000     Cuts: 173      712    4.75%
      0     0    10908.3595   104    11402.0000     Cuts: 130      802    4.33%
Detecting symmetries...
      0     0    10943.3728   122    11402.0000      Cuts: 98      905    4.02%
      0     0    10968.9277   129    11402.0000     Cuts: 104     1033    3.80%
      0     0    10993.2260   137    11402.0000      Cuts: 76     1133    3.59%
      0     0    11011.1461   124    11402.0000      Cuts: 74     1240    3.43%
      0     0    11040.9316   136    11402.0000      Cuts: 82     1375    3.17%
      0     0    11054.3970   113    11402.0000      Cuts: 75     1475    3.05%
      0     0    11060.8533    98    11402.0000      Cuts: 57     1542    2.99%
      0     0    11068.8753   116    11402.0000      Cuts: 48     1612    2.92%
      0     0    11074.6191   144    11402.0000      Cuts: 63     1708    2.87%
      0     0    11078.8380   122    11402.0000      Cuts: 80     1778    2.83%
      0     0    11082.6253   117    11402.0000      Cuts: 30     1832    2.80%
      0     0    11084.8826   137    11402.0000      Cuts: 26     1890    2.78%
      0     0    11087.8507   129    11402.0000      Cuts: 52     1962    2.76%
      0     0    11090.4982   141    11402.0000      Cuts: 50     2046    2.73%
      0     0    11095.3228   115    11402.0000      Cuts: 39     2108    2.69%
      0     0    11096.5401   129    11402.0000      Cuts: 28     2159    2.68%
      0     0    11097.9224   114    11402.0000      Cuts: 37     2216    2.67%
Detecting symmetries...
      0     2    11097.9224   114    11402.0000    11097.9264     2216    2.67%
Elapsed time = 1.20 sec. (1274.10 ticks, tree = 0.01 MB, solutions = 1)
     30    32    11187.2694    37    11402.0000    11104.9814     3796    2.60%
    103    93    11195.0134    65    11402.0000    11105.0193     6153    2.60%
                                                  Impl Bds: 2                  
    160   146    11276.6579    50    11402.0000    11105.8676     8258    2.60%
                                                      Cuts: 4                  
    202   180    11173.3099   107    11402.0000    11110.6543    10131    2.56%
                                                  Impl Bds: 4                  
    262   234    11365.2842    36    11402.0000    11111.8978    12897    2.54%
                                                  Impl Bds: 1                  
    332   288    11216.1774    90    11402.0000    11114.5049    16099    2.52%
                                                  Impl Bds: 3                  
    396   335    11167.1946    88    11402.0000    11123.3964    19297    2.44%
                                                      Cuts: 3                  
    448   371    11265.3335   123    11402.0000    11125.4690    21593    2.43%
                                                  Impl Bds: 4                  

Performing restart 1

Repeating presolve.
Tried aggregator 2 times.
MIP Presolve modified 1311 coefficients.
Aggregator did 7 substitutions.
Reduced MIP has 1475 rows, 2339 columns, and 4906 nonzeros.
Reduced MIP has 1168 binaries, 0 generals, 0 SOSs, and 0 indicators.
Presolve time = 0.00 sec. (14.87 ticks)
Tried aggregator 2 times.
MIP Presolve modified 101 coefficients.
Aggregator did 1 substitutions.
Reduced MIP has 1474 rows, 2338 columns, and 4904 nonzeros.
Reduced MIP has 1168 binaries, 0 generals, 0 SOSs, and 0 indicators.
Presolve time = 0.00 sec. (15.51 ticks)
Represolve time = 0.03 sec. (40.15 ticks)
Tried aggregator 1 time.
LP Presolve eliminated 173 rows and 158 columns.
Aggregator did 18 substitutions.
Reduced LP has 1812 rows, 2162 columns, and 14265 nonzeros.
Presolve time = 0.00 sec. (1.95 ticks)
Initializing dual steep norms . . .

Iteration log . . .
Iteration:     1   Dual objective     =           105.000000
Iteration:   138   Dual objective     =          6067.396721
Iteration:   274   Dual objective     =          9594.570149
Iteration:   374   Dual objective     =         10772.319811
Iteration:   446   Dual objective     =         10963.067465
Iteration:   514   Dual objective     =         11051.927395
Iteration:   576   Dual objective     =         11082.102565
Iteration:   647   Dual objective     =         11096.244107
Initializing dual steep norms . . .
    487     0    11120.4721   145    11402.0000      Cuts: 91    23630    2.42%
    487     0    11150.0636   140    11402.0000     Cuts: 166    23855    2.21%
    487     0    11170.5409   140    11402.0000     Cuts: 152    24091    2.03%
    487     0    11178.7016   126    11402.0000     Cuts: 125    24272    1.96%
    487     0    11184.5970   162    11402.0000      Cuts: 93    24447    1.91%
    487     0    11192.4449   151    11402.0000     Cuts: 125    24646    1.84%
    487     0    11199.2862   184    11402.0000     Cuts: 146    24833    1.78%
    487     0    11204.0913   171    11402.0000      Cuts: 91    25019    1.74%
    487     0    11207.6658   161    11402.0000      Cuts: 66    25179    1.70%
    487     0    11210.0330   178    11402.0000      Cuts: 70    25326    1.68%
    487     0    11214.3695   185    11402.0000     Cuts: 111    25491    1.65%
    487     0    11217.8052   140    11402.0000     Cuts: 119    25653    1.62%
    487     0    11223.6373   175    11402.0000      Cuts: 87    25796    1.56%
    487     0    11227.2614   161    11402.0000      Cuts: 73    25913    1.53%
    487     0    11229.1416   143    11402.0000      Cuts: 87    26011    1.52%
    487     0    11232.5244   183    11402.0000      Cuts: 76    26132    1.49%
    487     0    11235.2851   134    11402.0000      Cuts: 73    26234    1.46%
    487     0    11236.7639   158    11402.0000      Cuts: 77    26312    1.45%
    487     0    11237.8544   159    11402.0000      Cuts: 88    26420    1.44%
    487     0    11238.4795   162    11402.0000      Cuts: 43    26484    1.43%
    487     0    11240.6241   168    11402.0000      Cuts: 43    26592    1.42%
    487     0    11241.7331   164    11402.0000      Cuts: 48    26659    1.41%
    487     0    11242.2145   185    11402.0000      Cuts: 43    26730    1.40%
    487     0    11243.3564   159    11402.0000      Cuts: 35    26834    1.39%
    487     0    11243.7237   169    11402.0000      Cuts: 27    26875    1.39%
    487     2    11243.7237   171    11402.0000    11243.7428    26875    1.39%
    491     6    11280.9936   151    11402.0000    11260.2910    27392    1.24%
Elapsed time = 7.59 sec. (8409.03 ticks, tree = 0.04 MB, solutions = 1)
    506    19    11299.0969    83    11402.0000    11260.2910    28524    1.24%
    557    48    11270.0826   123    11402.0000    11265.9159    31992    1.19%
                                                     Cuts: 16                  
    641   118    11372.2486   124    11402.0000    11270.3419    36553    1.15%
                                                     Cuts: 12                  
    695   160    11316.6361   145    11402.0000    11271.6916    41265    1.14%
                                                     Cuts: 12                  
    754   203    11379.7124    87    11402.0000    11275.0831    46512    1.11%
                                                      Cuts: 9                  
    808   229        cutoff          11402.0000    11282.1993    52147    1.05%
                                                    Covers: 1                  
    870   269    11394.8113    58    11402.0000    11290.3750    56549    0.98%
                                                     Cuts: 10                  
    945   309    11378.1927    96    11402.0000    11294.0233    60970    0.95%
                                                     Cuts: 29                  
   1012   344    11357.7198    31    11402.0000    11298.9197    65103    0.90%
                                                      Cuts: 9                  
   1074   377    11353.5379   154    11402.0000    11300.3385    69117    0.89%
                                                     Cuts: 19                  
Elapsed time = 15.28 sec. (18458.19 ticks, tree = 2.21 MB, solutions = 1)
   1139   410        cutoff          11402.0000    11302.7449    73818    0.87%
                                                   MIRcuts: 5                  
   1181   430    11334.2406   143    11402.0000    11304.3228    78180    0.86%
   1237   459    11373.9439    24    11402.0000    11305.5213    83299    0.85%
   1303   497    11371.1257    53    11402.0000    11311.3652    88422    0.79%
   1392   547        cutoff          11402.0000    11313.6125    94114    0.78%
                                                      Cuts: 8                  
   1421   555    11358.3347   138    11402.0000    11316.8912    97568    0.75%
                                                     Cuts: 14                  
   1464   570        cutoff          11402.0000    11318.1786   102844    0.74%
                                                      Cuts: 3                  
   1488   580    11374.9485    44    11402.0000    11319.2550   106540    0.73%
   1551   606    11396.6417    56    11402.0000    11319.7240   112184    0.72%
                                                     Cuts: 12                  
   1586   629    11386.2674    68    11402.0000    11320.0833   115845    0.72%
                                                  Flowcuts: 3                  
Elapsed time = 22.67 sec. (28146.65 ticks, tree = 3.93 MB, solutions = 1)
   1640   663    11362.2843    99    11402.0000    11320.7625   120655    0.71%
   1674   672    11379.4018   143    11402.0000    11321.7966   124888    0.70%
                                                     Cuts: 26                  
   1718   688    11343.6955    93    11402.0000    11323.5465   129827    0.69%
                                                      Cuts: 5                  
   1767   708    11378.6758   110    11402.0000    11327.0680   134682    0.66%
                                                      Cuts: 3                  
   1803   717    11399.5101    65    11402.0000    11328.5063   139354    0.64%
                                                      Cuts: 7                  
   1857   732        cutoff          11402.0000    11329.5899   144232    0.64%
   1904   751        cutoff          11402.0000    11331.1493   148968    0.62%
   1953   764    11396.7460    62    11402.0000    11333.5695   153998    0.60%
                                                      Cuts: 3                  
   1995   774    11390.8133   162    11402.0000    11334.5973   159212    0.59%
                                                      Cuts: 6                  
   2051   790        cutoff          11402.0000    11335.9628   164977    0.58%
Elapsed time = 30.78 sec. (38509.35 ticks, tree = 6.03 MB, solutions = 1)
   2096   798    11358.5862    82    11402.0000    11337.4338   169466    0.57%
   2166   819    11372.4299    64    11402.0000    11339.4801   174585    0.55%
                                                      Cuts: 5                  
   2216   825        cutoff          11402.0000    11340.7334   178949    0.54%
   2272   839    11380.0961   107    11402.0000    11342.3583   183965    0.52%
                                                      Cuts: 4                  
   2350   863    11400.5502    53    11402.0000    11345.3431   188499    0.50%
   2413   889    11382.0981    77    11402.0000    11347.0469   193532    0.48%
                                                      Cuts: 7                  
   2468   901    11388.2556    84    11402.0000    11348.2224   198760    0.47%
                                                      Cuts: 7                  
   2527   918    11391.1942   101    11402.0000    11349.3376   204428    0.46%
                                                      Cuts: 2                  
   2590   929    11388.1257   108    11402.0000    11350.5823   208892    0.45%
                                                     Cuts: 10                  
   2643   930    11400.1563    45    11402.0000    11352.1320   214086    0.44%
Elapsed time = 38.64 sec. (48289.58 ticks, tree = 8.20 MB, solutions = 1)
   2693   935    11365.5676    64    11402.0000    11353.0724   219091    0.43%
   2795   953        cutoff          11402.0000    11354.7785   224134    0.41%
   2848   963    11398.1504    35    11402.0000    11355.7975   228746    0.41%
                                                  Impl Bds: 1                  
   2900   963    11389.9283    69    11402.0000    11357.0404   234128    0.39%
   2959   969        cutoff          11402.0000    11358.5907   239893    0.38%
   2993   969    11393.6024   100    11402.0000    11359.0262   243735    0.38%
   3036   967    11398.2699   150    11402.0000    11359.7696   249485    0.37%
                                                   MIRcuts: 3                  
   3107   978    11368.5720    56    11402.0000    11360.4250   255128    0.36%
   3134   972    11390.2858    52    11402.0000    11360.9453   258093    0.36%
                                                     Cuts: 10                  
   3192   955        cutoff          11402.0000    11362.5871   263585    0.35%
                                                      Cuts: 9                  
Elapsed time = 46.36 sec. (58193.59 ticks, tree = 9.63 MB, solutions = 1)
   3247   958    11399.3661   112    11402.0000    11363.8191   268705    0.33%
                                                      Cuts: 3                  
   3301   966    11373.1543   145    11402.0000    11365.3175   272303    0.32%
                                                     Cuts: 11                  
   3363   964        cutoff          11402.0000    11366.8508   277550    0.31%
                                                      Cuts: 4                  
   3434   958    11387.5206    69    11402.0000    11368.1184   282858    0.30%
                                                  Flowcuts: 1                  
   3511   940        cutoff          11402.0000    11369.9232   288249    0.28%
   3571   938    11401.1589    56    11402.0000    11371.2239   292587    0.27%
   3652   922        cutoff          11402.0000    11372.8672   297240    0.26%
   3724   897        cutoff          11402.0000    11374.3837   302018    0.24%
   3819   860        cutoff          11402.0000    11375.8215   306652    0.23%
   3903   818        cutoff          11402.0000    11377.9858   311565    0.21%
Elapsed time = 54.06 sec. (68000.27 ticks, tree = 9.00 MB, solutions = 1)
   3980   787    11388.2134    63    11402.0000    11379.2941   316159    0.20%
   4047   762        cutoff          11402.0000    11380.6755   321322    0.19%
   4129   709    11398.2480    15    11402.0000    11382.8132   326501    0.17%
   4241   641    11399.3648    29    11402.0000    11385.4998   332196    0.14%
   4371   588        cutoff          11402.0000    11387.2460   338272    0.13%
   4509   501        cutoff          11402.0000    11389.8905   343678    0.11%
*  4572   227      integral     0    11396.0000    11391.2779   345011    0.04%
Found incumbent of value 11396.000000 after 58.86 sec. (74016.42 ticks)

Cover cuts applied:  52
Implied bound cuts applied:  13
Flow cuts applied:  415
Mixed integer rounding cuts applied:  226
Flow path cuts applied:  9
Zero-half cuts applied:  4
Multi commodity flow cuts applied:  16
Lift and project cuts applied:  45
Gomory fractional cuts applied:  62

Root node processing (before b&c):
  Real time             =    1.22 sec. (1273.70 ticks)
Sequential b&c:
  Real time             =   58.25 sec. (73533.10 ticks)
                          ------------
Total (root+branch&cut) =   59.47 sec. (74806.79 ticks)

--- MIP status (101): integer optimal solution.
--- Cplex Time: 59.47sec (det. 74806.80 ticks)

--- Fixing integer variables and solving final LP...

Version identifier: 20.1.0.0 | 2020-11-10 | 9bedb6d68
CPXPARAM_Advance                                 2
CPXPARAM_Threads                                 1
CPXPARAM_MIP_Display                             4
CPXPARAM_TimeLimit                               3600
CPXPARAM_MIP_Tolerances_AbsMIPGap                0
CPXPARAM_MIP_Tolerances_MIPGap                   0
Tried aggregator 1 time.
LP Presolve eliminated 1388 rows and 2377 columns.
All rows and columns eliminated.
Presolve time = 0.00 sec. (0.86 ticks)

--- Fixed MIP status (1): optimal.
--- Cplex Time: 0.00sec (det. 1.46 ticks)


Proven optimal solution
MIP Solution:        11396.000000    (347668 iterations, 4830 nodes)
Final Solve:         11396.000000    (0 iterations)

Best possible:       11396.000000
Absolute gap:            0.000000
Relative gap:            0.000000

--- Reading solution for model master
*** Status: Normal completion
--- Job bchfcnet.gms Stop 02/09/22 11:43:00 elapsed 0:00:59.680
