
--- Job bchfcnet.gms Start 02/09/22 13:38:34 34.3.0 rac355f3 WEX-WEI x86 64bit/MS Windows
--- Applying:
    C:\GAMS\34\gmsprmNT.txt
--- GAMS Parameters defined
    Input C:\Users\dekhi\Desktop\gamsworld\FCNetLib\test\bchfcnet.gms
    PageSize 0
    ScrDir C:\Users\dekhi\Desktop\gamsworld\FCNetLib\test\225a\
    SysDir C:\GAMS\34\
    LogOption 3
    ErrMsg 1
    ErrorLog 99
    IDE 1
    ResLim 3600
    LstTitleLeftAligned 1
Licensee: Eval License                                   S211214|0002AW-GEN
          Ostfalia Hochschule fuer angewandte Wissenschaften        DCE1645
          C:\Users\dekhi\Documents\GAMS\gamslice.txt
          License Admin: Mohamed Ali Dekhil, dekhil.medali@gmail.com       
          Evaluation license: Not for commercial or production use
GAMS 34.3.0   Copyright (C) 1987-2021 GAMS Development. All rights reserved
--- Starting compilation
--- bchfcnet.gms(34) 2 Mb
--- . decl.gms(15) 2 Mb
--- bchfcnet.gms(38) 2 Mb
--- . p500x2988.inc(6121) 3 Mb
--- bchfcnet.gms(67) 3 Mb
--- . equs.gms(20) 3 Mb
--- bchfcnet.gms(97) 3 Mb
--- call rm -f bchout_i.gdx startcut.txt startheur.txt cuthist.gdx agap.txt rgap.txt cntfail.txt
--- bchfcnet.gms(118) 3 Mb
--- Starting execution: elapsed 0:00:00.099
--- bchfcnet.gms(6179) 5 Mb
--- GDX File (execute_unload) C:\Users\dekhi\Desktop\gamsworld\FCNetLib\test\net.gdx
--- bchfcnet.gms(6270) 5 Mb
--- GDXin=C:\Users\dekhi\Desktop\gamsworld\FCNetLib\test\points\p500x2988.gdx
--- bchfcnet.gms(6270) 5 Mb
--- GDX File (execute_load) C:\Users\dekhi\Desktop\gamsworld\FCNetLib\test\points\p500x2988.gdx
--- Generating MIP model master
--- bchfcnet.gms(6274) 8 Mb
---   3,489 rows  5,977 columns  17,676 non-zeroes
---   2,988 discrete-columns
--- Executing CPLEX (Solvelink=2): elapsed 0:00:00.209

IBM ILOG CPLEX   34.3.0 rac355f3 Released Feb 25, 2021 WEI x86 64bit/MS Window

--- GAMS/Cplex Link licensed for continuous and discrete problems.

Reading parameter(s) from "C:\Users\dekhi\Desktop\gamsworld\FCNetLib\test\cplex.op2"
>>  mipstart 1
Finished reading from "C:\Users\dekhi\Desktop\gamsworld\FCNetLib\test\cplex.op2"

--- Space for names approximately 0.21 Mb
--- Use option 'names no' to turn use of names off
--- GMO memory 2.09 Mb (peak 2.14 Mb)
--- Dictionary memory 0.00 Mb
--- Cplex 20.1.0.0 link memory 0.15 Mb (peak 0.64 Mb)
--- Starting Cplex

Version identifier: 20.1.0.0 | 2020-11-10 | 9bedb6d68
CPXPARAM_Threads                                 1
CPXPARAM_MIP_Display                             4
CPXPARAM_TimeLimit                               3600
CPXPARAM_MIP_Tolerances_AbsMIPGap                0
CPXPARAM_MIP_Tolerances_MIPGap                   0
Generic callback                                 0x50
Processing 1 MIP starts.
MIP start 'm1' defined solution with objective 71836.0000.
1 of 1 MIP starts provided solutions.
MIP start 'm1' defined initial solution with objective 71836.0000.
Tried aggregator 1 time.
MIP Presolve eliminated 299 rows and 1 columns.
MIP Presolve added 598 rows and 0 columns.
Reduced MIP has 3787 rows, 5976 columns, and 12550 nonzeros.
Reduced MIP has 2988 binaries, 0 generals, 0 SOSs, and 0 indicators.
Presolve time = 0.01 sec. (91.36 ticks)
Probing time = 0.00 sec. (0.69 ticks)
Tried aggregator 1 time.
Detecting symmetries...
Reduced MIP has 3787 rows, 5976 columns, and 12550 nonzeros.
Reduced MIP has 2988 binaries, 0 generals, 0 SOSs, and 0 indicators.
Presolve time = 0.02 sec. (84.46 ticks)
Probing time = 0.00 sec. (0.69 ticks)
MIP emphasis: balance optimality and feasibility.
MIP search method: dynamic search.
Parallel mode: none, using 1 thread.
Tried aggregator 1 time.
LP Presolve eliminated 2689 rows and 2689 columns.
Aggregator did 299 substitutions.
Reduced LP has 799 rows, 2988 columns, and 6574 nonzeros.
Presolve time = 0.01 sec. (3.16 ticks)

Iteration log . . .
Iteration:     1   Dual objective     =             4.903800
Iteration:   129   Dual objective     =         36692.515300
Iteration:   241   Dual objective     =         54172.142700
Iteration:   341   Dual objective     =         58542.837500
Initializing dual steep norms . . .
Root relaxation solution time = 0.01 sec. (8.42 ticks)

        Nodes                                         Cuts/
   Node  Left     Objective  IInf  Best Integer    Best Bound    ItCnt     Gap

*     0+    0                        71836.0000        0.0000           100.00%
Found incumbent of value 71836.000000 after 0.05 sec. (193.51 ticks)
      0     0    59130.6729   184    71836.0000    59130.6729      370   17.69%
      0     0    69095.0374   134    71836.0000     Cuts: 529      648    3.82%
      0     0    70178.7232   125    71836.0000     Cuts: 279      782    2.31%
      0     0    70557.2853   118    71836.0000     Cuts: 213      904    1.78%
      0     0    70807.2242   143    71836.0000     Cuts: 197     1026    1.43%
      0     0    70939.2896   114    71836.0000     Cuts: 181     1134    1.25%
Detecting symmetries...
      0     0    71045.4555   172    71836.0000     Cuts: 115     1260    1.10%
      0     0    71118.5839   138    71836.0000     Cuts: 163     1375    1.00%
      0     0    71170.2237   124    71836.0000     Cuts: 141     1491    0.93%
      0     0    71208.8278   140    71836.0000      Cuts: 80     1585    0.87%
      0     0    71246.3023   159    71836.0000     Cuts: 119     1726    0.82%
      0     0    71261.7316   145    71836.0000      Cuts: 85     1823    0.80%
      0     0    71271.3885   152    71836.0000     Cuts: 118     1930    0.79%
      0     0    71290.0673   140    71836.0000      Cuts: 89     2037    0.76%
      0     0    71308.6093   146    71836.0000      Cuts: 74     2159    0.73%
      0     0    71319.6897   149    71836.0000      Cuts: 78     2231    0.72%
      0     0    71325.8700   147    71836.0000      Cuts: 96     2307    0.71%
      0     0    71329.2868   124    71836.0000      Cuts: 54     2358    0.71%
      0     0    71337.5740   121    71836.0000      Cuts: 41     2413    0.69%
Detecting symmetries...
      0     2    71337.5740   121    71836.0000    71338.2628     2413    0.69%
Elapsed time = 1.61 sec. (2099.64 ticks, tree = 0.01 MB, solutions = 1)
     17    19    71517.1038    61    71836.0000    71379.2694     2994    0.64%
     50    39    71560.2815    95    71836.0000    71381.1461     3974    0.63%
                                                  Impl Bds: 7                  
     92    69    71571.5005    54    71836.0000    71381.3377     5096    0.63%
                                                  Impl Bds: 3                  
    144   107    71389.7261   122    71836.0000    71381.4967     5899    0.63%
                                                    Covers: 1                  
    180   139    71481.6061    67    71836.0000    71382.7410     6813    0.63%
                                                      Cuts: 7                  
    231   177        cutoff          71836.0000    71389.9898     8321    0.62%
                                                  Impl Bds: 4                  
    264   197    71672.8863   125    71836.0000    71398.8266     9651    0.61%
                                                     Cuts: 14                  
    313   232    71540.1575    62    71836.0000    71411.5299    10808    0.59%
                                                  Impl Bds: 5                  
    380   284    71782.6385    27    71836.0000    71413.1212    11999    0.59%
                                                  Flowcuts: 1                  
    640   450    71750.7705    53    71836.0000    71424.5941    16500    0.57%
                                                     Cuts: 17                  
Elapsed time = 4.25 sec. (5425.06 ticks, tree = 1.10 MB, solutions = 1)
    900   628    71524.7768   131    71836.0000    71432.2509    20965    0.56%
                                                      Cuts: 9                  

Performing restart 1

Repeating presolve.
Tried aggregator 2 times.
MIP Presolve eliminated 9 rows and 10 columns.
MIP Presolve modified 3543 coefficients.
Aggregator did 3 substitutions.
Reduced MIP has 3775 rows, 5963 columns, and 12520 nonzeros.
Reduced MIP has 2981 binaries, 0 generals, 0 SOSs, and 0 indicators.
Presolve time = 0.02 sec. (84.66 ticks)
Tried aggregator 1 time.
MIP Presolve modified 367 coefficients.
Reduced MIP has 3775 rows, 5963 columns, and 12520 nonzeros.
Reduced MIP has 2981 binaries, 0 generals, 0 SOSs, and 0 indicators.
Presolve time = 0.00 sec. (83.86 ticks)
Represolve time = 0.05 sec. (183.92 ticks)
Tried aggregator 1 time.
LP Presolve eliminated 769 rows and 730 columns.
Aggregator did 99 substitutions.
Reduced LP has 3755 rows, 5134 columns, and 31310 nonzeros.
Presolve time = 0.00 sec. (5.20 ticks)
Initializing dual steep norms . . .

Iteration log . . .
Iteration:     1   Dual objective     =          3652.000000
Iteration:   228   Dual objective     =         58610.732328
Iteration:   407   Dual objective     =         63335.892178
Iteration:   615   Dual objective     =         69752.934565
Iteration:   751   Dual objective     =         71062.569833
Iteration:   872   Dual objective     =         71278.063159
Iteration:   968   Dual objective     =         71324.316480
Iteration:  1073   Dual objective     =         71340.229305
Initializing dual steep norms . . .
   1024     0    71439.3303   135    71836.0000     Cuts: 138    25102    0.55%
   1024     0    71517.2812   139    71836.0000     Cuts: 205    25336    0.44%
   1024     0    71554.5736   154    71836.0000     Cuts: 128    25519    0.39%
   1024     0    71575.3092   192    71836.0000     Cuts: 181    25728    0.36%
   1024     0    71598.6016   137    71836.0000     Cuts: 220    25895    0.33%
   1024     0    71609.1543   194    71836.0000     Cuts: 198    26113    0.32%
   1024     0    71619.0908   118    71836.0000     Cuts: 167    26264    0.30%
   1024     0    71633.6729   167    71836.0000     Cuts: 104    26465    0.28%
   1024     0    71642.9763   114    71836.0000     Cuts: 186    26635    0.27%
   1024     0    71649.1294   164    71836.0000      Cuts: 89    26821    0.26%
   1024     0    71654.8714   150    71836.0000     Cuts: 145    27023    0.25%
   1024     0    71658.3204   177    71836.0000     Cuts: 102    27153    0.25%
   1024     0    71662.6500   185    71836.0000     Cuts: 103    27385    0.24%
   1024     0    71664.8631   160    71836.0000     Cuts: 103    27536    0.24%
   1024     0    71668.6007   181    71836.0000      Cuts: 57    27691    0.23%
   1024     0    71669.9542   204    71836.0000     Cuts: 100    27785    0.23%
   1024     0    71672.7764   211    71836.0000      Cuts: 83    27975    0.23%
   1024     0    71674.1288   177    71836.0000     Cuts: 112    28098    0.23%
   1024     0    71674.5673   184    71836.0000      Cuts: 42    28180    0.22%
   1024     0    71675.1846   183    71836.0000      Cuts: 40    28283    0.22%
   1024     1    71675.2354   195    71836.0000    71675.2354    28283    0.22%
   1026     3    71676.0883   174    71836.0000    71675.5964    28482    0.22%
   1029     5    71676.9268   165    71836.0000    71675.5964    28659    0.22%
   1034     7    71677.0674   156    71836.0000    71675.5964    28735    0.22%
   1044    10    71720.2662   106    71836.0000    71676.9936    30166    0.22%
   1071    17    71715.5258    80    71836.0000    71687.0266    32863    0.21%
                                                     Cuts: 21                  
   1118    61    71759.0965    22    71836.0000    71687.0266    34879    0.21%
   1147    84    71743.7568    22    71836.0000    71693.0264    37002    0.20%
                                                     Cuts: 14                  
   1200   122    71784.4725    85    71836.0000    71710.1252    40302    0.18%
Elapsed time = 17.64 sec. (22603.74 ticks, tree = 0.34 MB, solutions = 1)
   1237   138        cutoff          71836.0000    71715.5584    42942    0.17%
                                                      Cuts: 3                  
   1284   170    71793.4285    18    71836.0000    71718.9584    45531    0.16%
                                                      Cuts: 3                  
   1331   193        cutoff          71836.0000    71720.7933    48849    0.16%
   1400   235    71749.0503   167    71836.0000    71724.8340    50963    0.15%
   1464   284    71741.1691    78    71836.0000    71729.7160    54329    0.15%
   1559   351    71815.7682    20    71836.0000    71733.6830    58330    0.14%
   1644   397    71742.9003    17    71836.0000    71739.2954    62503    0.13%
   1724   454    71768.1893    38    71836.0000    71739.8307    66701    0.13%
   1801   482    71752.6107    40    71836.0000    71742.7050    70616    0.13%
                                                      Cuts: 4                  
   1878   511        cutoff          71836.0000    71743.4973    75064    0.13%
Elapsed time = 25.41 sec. (32426.17 ticks, tree = 1.31 MB, solutions = 1)
   1919   516    71798.2006    26    71836.0000    71745.2133    78671    0.13%
                                                      Cuts: 3                  
   1978   536    71759.0050    22    71836.0000    71747.2265    82489    0.12%
                                                      Cuts: 3                  
   2038   565    71823.3627    44    71836.0000    71747.6679    86980    0.12%
                                                      Cuts: 5                  
   2100   582    71749.6200   134    71836.0000    71749.1825    90729    0.12%
                                                      Cuts: 2                  
   2159   602    71755.5306    61    71836.0000    71749.4745    94549    0.12%
                                                  Flowcuts: 1                  
   2224   645    71825.8394    34    71836.0000    71749.7936    98500    0.12%
   2264   661    71781.1926    37    71836.0000    71750.6025   101129    0.12%
                                                      Cuts: 8                  
   2319   671    71822.8780    57    71836.0000    71751.7875   105631    0.12%
                                                     Fract: 1                  
   2371   684    71804.1072    26    71836.0000    71752.5822   109320    0.12%
                                                      Cuts: 5                  
   2426   694    71832.2884    35    71836.0000    71754.5077   113330    0.11%
                                                      Cuts: 5                  
Elapsed time = 33.42 sec. (42265.86 ticks, tree = 1.80 MB, solutions = 1)
   2493   701    71810.4528    26    71836.0000    71756.3092   117524    0.11%
   2550   721    71799.0403   140    71836.0000    71757.0094   121441    0.11%
   2591   731    71824.8008   123    71836.0000    71757.7513   125192    0.11%
   2657   752    71815.3448    27    71836.0000    71758.4440   129688    0.11%
   2734   755    71809.6269    18    71836.0000    71760.1443   134389    0.11%
                                                  Impl Bds: 1                  
   2814   788    71820.9600    11    71836.0000    71761.6320   138871    0.10%
   2886   820    71790.9577    50    71836.0000    71763.7069   142313    0.10%
                                                  Impl Bds: 1                  
   2952   837    71787.3543    45    71836.0000    71765.6841   146422    0.10%
   3010   859    71768.7134    41    71836.0000    71766.4208   150599    0.10%
                                                  Impl Bds: 1                  
   3063   886    71832.7758    47    71836.0000    71766.9647   155342    0.10%
Elapsed time = 41.22 sec. (52027.44 ticks, tree = 2.30 MB, solutions = 1)
   3130   911        cutoff          71836.0000    71767.9735   160039    0.09%
   3213   942    71806.7800    20    71836.0000    71768.7390   165126    0.09%
   3296   968    71792.4969    21    71836.0000    71770.0075   169592    0.09%
   3354   973    71819.7547    81    71836.0000    71771.5426   174021    0.09%
   3429   987    71790.1011    45    71836.0000    71773.0424   178594    0.09%
   3494  1005    71809.7468    14    71836.0000    71773.8786   182655    0.09%
                                                      Cuts: 3                  
   3574  1008    71830.4866    59    71836.0000    71775.7663   187261    0.08%
   3631  1015    71797.4307    63    71836.0000    71776.6161   190933    0.08%
                                                      Cuts: 5                  
   3698  1008    71815.3230    80    71836.0000    71778.2775   195447    0.08%
                                                     Cuts: 11                  
   3763  1016        cutoff          71836.0000    71779.3167   199908    0.08%
Elapsed time = 49.39 sec. (61883.87 ticks, tree = 2.63 MB, solutions = 1)
   3839  1035    71786.7514    25    71836.0000    71780.2504   203805    0.08%
   3891  1054    71828.1581    28    71836.0000    71780.5561   207577    0.08%
   3972  1049    71835.5184    26    71836.0000    71782.0877   212135    0.08%
   4039  1048        cutoff          71836.0000    71782.4415   216574    0.07%
   4113  1032    71832.8349    28    71836.0000    71784.6537   220436    0.07%
                                                     Cuts: 14                  
   4194  1020        cutoff          71836.0000    71786.0074   224297    0.07%
                                                   MIRcuts: 2                  
   4250  1010    71805.4128    89    71836.0000    71787.2928   228314    0.07%
   4306  1007        cutoff          71836.0000    71788.4885   232485    0.07%
   4376   996    71797.4271    68    71836.0000    71790.1181   237888    0.06%
   4448   980        cutoff          71836.0000    71791.4577   241725    0.06%
                                                      Cuts: 7                  
Elapsed time = 57.98 sec. (71587.39 ticks, tree = 2.59 MB, solutions = 1)
   4530   978    71825.9686    18    71836.0000    71792.8448   246778    0.06%
   4596   969    71797.2456    56    71836.0000    71794.0365   251996    0.06%
   4654   960    71808.6681    66    71836.0000    71795.1548   256337    0.06%
   4733   960    71831.0776    50    71836.0000    71796.1908   260288    0.06%
   4817   936    71838.0368    35    71836.0000    71797.3984   264983    0.05%
   4889   913    71829.7027    28    71836.0000    71798.8185   269716    0.05%
   4961   919    71833.0471    30    71836.0000    71799.7541   274276    0.05%
   5018   907    71822.0229    48    71836.0000    71800.6389   277308    0.05%
   5102   893    71803.9467    57    71836.0000    71802.6464   282209    0.05%
   5211   868        cutoff          71836.0000    71805.4090   286802    0.04%
Elapsed time = 66.11 sec. (81424.57 ticks, tree = 2.30 MB, solutions = 1)
   5286   851    71808.9583    16    71836.0000    71806.9776   290912    0.04%
   5383   837    71822.1441    35    71836.0000    71808.1388   295418    0.04%
   5455   836    71833.9274    32    71836.0000    71809.2150   299717    0.04%
   5569   807    71821.4725    23    71836.0000    71810.8771   303860    0.03%
   5654   810        cutoff          71836.0000    71812.0499   308226    0.03%
   5736   817    71827.0694    15    71836.0000    71812.7398   312792    0.03%
   5837   816    71816.4888    20    71836.0000    71813.8201   316652    0.03%
   5934   828    71818.8932    16    71836.0000    71814.5848   321210    0.03%
   6032   837    71835.7731    29    71836.0000    71815.2743   326044    0.03%
   6142   803    71835.1095    26    71836.0000    71816.6847   330565    0.03%
Elapsed time = 74.20 sec. (91095.82 ticks, tree = 2.14 MB, solutions = 1)
   6259   764    71821.0089    13    71836.0000    71818.3570   335296    0.02%
   6386   724        cutoff          71836.0000    71819.7517   339664    0.02%
   6497   732    71834.0265    13    71836.0000    71820.3295   344963    0.02%
   6611   728        cutoff          71836.0000    71821.0869   349669    0.02%
   6757   671    71832.6321    24    71836.0000    71822.5672   354552    0.02%
   6876   641        cutoff          71836.0000    71823.5761   359096    0.02%
   7038   546    71825.8732    22    71836.0000    71825.6293   363379    0.01%
   7185   455        cutoff          71836.0000    71827.4379   367430    0.01%
   7382   292        cutoff          71836.0000    71830.4559   370880    0.01%

GUB cover cuts applied:  4
Cover cuts applied:  74
Implied bound cuts applied:  39
Flow cuts applied:  449
Mixed integer rounding cuts applied:  199
Flow path cuts applied:  29
Zero-half cuts applied:  2
Multi commodity flow cuts applied:  7
Lift and project cuts applied:  55
Gomory fractional cuts applied:  120

Root node processing (before b&c):
  Real time             =    1.59 sec. (2096.70 ticks)
Sequential b&c:
  Real time             =   80.55 sec. (98862.05 ticks)
                          ------------
Total (root+branch&cut) =   82.14 sec. (100958.75 ticks)

--- MIP status (101): integer optimal solution.
--- Cplex Time: 82.14sec (det. 100958.77 ticks)

--- Fixing integer variables and solving final LP...

Version identifier: 20.1.0.0 | 2020-11-10 | 9bedb6d68
CPXPARAM_Advance                                 2
CPXPARAM_Threads                                 1
CPXPARAM_MIP_Display                             4
CPXPARAM_TimeLimit                               3600
CPXPARAM_MIP_Tolerances_AbsMIPGap                0
CPXPARAM_MIP_Tolerances_MIPGap                   0
Tried aggregator 1 time.
LP Presolve eliminated 3488 rows and 5977 columns.
All rows and columns eliminated.
Presolve time = 0.00 sec. (2.14 ticks)

--- Fixed MIP status (1): optimal.
--- Cplex Time: 0.02sec (det. 3.65 ticks)


Proven optimal solution
MIP Solution:        71836.000000    (373227 iterations, 7699 nodes)
Final Solve:         71836.000000    (0 iterations)

Best possible:       71836.000000
Absolute gap:            0.000000
Relative gap:            0.000000

--- Reading solution for model master
*** Status: Normal completion
--- Job bchfcnet.gms Stop 02/09/22 13:39:56 elapsed 0:01:22.437
