
--- Job bchfcnet.gms Start 02/09/22 13:45:44 34.3.0 rac355f3 WEX-WEI x86 64bit/MS Windows
--- Applying:
    C:\GAMS\34\gmsprmNT.txt
--- GAMS Parameters defined
    Input C:\Users\dekhi\Desktop\gamsworld\FCNetLib\test\bchfcnet.gms
    PageSize 0
    ScrDir C:\Users\dekhi\Desktop\gamsworld\FCNetLib\test\225a\
    SysDir C:\GAMS\34\
    LogOption 3
    ErrMsg 1
    ErrorLog 99
    IDE 1
    ResLim 3600
    LstTitleLeftAligned 1
Licensee: Eval License                                   S211214|0002AW-GEN
          Ostfalia Hochschule fuer angewandte Wissenschaften        DCE1645
          C:\Users\dekhi\Documents\GAMS\gamslice.txt
          License Admin: Mohamed Ali Dekhil, dekhil.medali@gmail.com       
          Evaluation license: Not for commercial or production use
GAMS 34.3.0   Copyright (C) 1987-2021 GAMS Development. All rights reserved
--- Starting compilation
--- bchfcnet.gms(34) 2 Mb
--- . decl.gms(15) 2 Mb
--- bchfcnet.gms(38) 2 Mb
--- . p80x400b.inc(871) 3 Mb
--- bchfcnet.gms(67) 3 Mb
--- . equs.gms(20) 3 Mb
--- bchfcnet.gms(97) 3 Mb
--- call rm -f bchout_i.gdx startcut.txt startheur.txt cuthist.gdx agap.txt rgap.txt cntfail.txt
--- bchfcnet.gms(118) 3 Mb
--- Starting execution: elapsed 0:00:00.088
--- bchfcnet.gms(929) 4 Mb
--- GDX File (execute_unload) C:\Users\dekhi\Desktop\gamsworld\FCNetLib\test\net.gdx
--- bchfcnet.gms(1020) 4 Mb
--- GDXin=C:\Users\dekhi\Desktop\gamsworld\FCNetLib\test\points\p80x400b.gdx
--- GDX File (execute_load) C:\Users\dekhi\Desktop\gamsworld\FCNetLib\test\points\p80x400b.gdx
--- Generating MIP model master
--- bchfcnet.gms(1024) 5 Mb
---   481 rows  801 columns  2,371 non-zeroes
---   400 discrete-columns
--- Executing CPLEX (Solvelink=2): elapsed 0:00:00.108

IBM ILOG CPLEX   34.3.0 rac355f3 Released Feb 25, 2021 WEI x86 64bit/MS Window

--- GAMS/Cplex Link licensed for continuous and discrete problems.

Reading parameter(s) from "C:\Users\dekhi\Desktop\gamsworld\FCNetLib\test\cplex.op2"
>>  mipstart 1
Finished reading from "C:\Users\dekhi\Desktop\gamsworld\FCNetLib\test\cplex.op2"

--- Space for names approximately 0.03 Mb
--- Use option 'names no' to turn use of names off
--- GMO memory 0.65 Mb (peak 0.65 Mb)
--- Dictionary memory 0.00 Mb
--- Cplex 20.1.0.0 link memory 0.02 Mb (peak 0.09 Mb)
--- Starting Cplex

Version identifier: 20.1.0.0 | 2020-11-10 | 9bedb6d68
CPXPARAM_Threads                                 1
CPXPARAM_MIP_Display                             4
CPXPARAM_TimeLimit                               3600
CPXPARAM_MIP_Tolerances_AbsMIPGap                0
CPXPARAM_MIP_Tolerances_MIPGap                   0
Generic callback                                 0x50
Processing 1 MIP starts.
MIP start 'm1' defined solution with objective 39735.0000.
1 of 1 MIP starts provided solutions.
MIP start 'm1' defined initial solution with objective 39735.0000.
Tried aggregator 2 times.
MIP Presolve eliminated 48 rows and 7 columns.
MIP Presolve added 87 rows and 0 columns.
Aggregator did 2 substitutions.
Reduced MIP has 517 rows, 792 columns, and 1670 nonzeros.
Reduced MIP has 396 binaries, 0 generals, 0 SOSs, and 0 indicators.
Presolve time = 0.00 sec. (2.67 ticks)
Probing fixed 0 vars, tightened 2 bounds.
Probing time = 0.00 sec. (0.10 ticks)
Tried aggregator 1 time.
Detecting symmetries...
MIP Presolve modified 2 coefficients.
Reduced MIP has 517 rows, 792 columns, and 1670 nonzeros.
Reduced MIP has 396 binaries, 0 generals, 0 SOSs, and 0 indicators.
Presolve time = 0.01 sec. (2.35 ticks)
Probing time = 0.00 sec. (0.10 ticks)
Clique table members: 8.
MIP emphasis: balance optimality and feasibility.
MIP search method: dynamic search.
Parallel mode: none, using 1 thread.
Tried aggregator 1 time.
LP Presolve eliminated 353 rows and 363 columns.
Aggregator did 43 substitutions.
Reduced LP has 116 rows, 386 columns, and 858 nonzeros.
Presolve time = 0.00 sec. (0.46 ticks)

Iteration log . . .
Iteration:     1   Dual objective     =           507.000000
Iteration:    62   Dual objective     =          6400.300000
Initializing dual steep norms . . .
Root relaxation solution time = 0.00 sec. (0.96 ticks)

        Nodes                                         Cuts/
   Node  Left     Objective  IInf  Best Integer    Best Bound    ItCnt     Gap

*     0+    0                        39735.0000        0.0000           100.00%
Found incumbent of value 39735.000000 after 0.01 sec. (7.32 ticks)
      0     0     6418.8000    52    39735.0000     6418.8000       67   83.85%
      0     0    29132.0308    81    39735.0000     Cuts: 197      228   26.68%
      0     0    32113.4482    74    39735.0000     Cuts: 156      331   19.18%
      0     0    33764.9364    98    39735.0000     Cuts: 130      423   15.02%
      0     0    34325.5315   115    39735.0000     Cuts: 122      519   13.61%
      0     0    34923.6927   111    39735.0000     Cuts: 123      638   12.11%
Detecting symmetries...
      0     0    35435.9007   111    39735.0000     Cuts: 146      760   10.82%
      0     0    35630.9565    99    39735.0000      Cuts: 95      841   10.33%
      0     0    35850.9842   101    39735.0000      Cuts: 70      920    9.77%
      0     0    35920.3722   105    39735.0000      Cuts: 59      969    9.60%
      0     0    36092.8144   100    39735.0000      Cuts: 71     1022    9.17%
      0     0    36134.0735   102    39735.0000      Cuts: 66     1061    9.06%
      0     0    36163.4917   112    39735.0000      Cuts: 35     1103    8.99%
      0     0    36199.5156   107    39735.0000      Cuts: 37     1146    8.90%
      0     0    36252.1555   107    39735.0000      Cuts: 50     1195    8.77%
      0     0    36283.2894    99    39735.0000      Cuts: 37     1224    8.69%
      0     0    36336.3127   104    39735.0000      Cuts: 37     1272    8.55%
      0     0    36371.7695   108    39735.0000      Cuts: 29     1308    8.46%
      0     0    36419.1630    90    39735.0000      Cuts: 17     1332    8.34%
      0     0    36527.0008    85    39735.0000      Cuts: 22     1374    8.07%
      0     0    36556.9389    93    39735.0000      Cuts: 66     1402    8.00%
      0     0    36589.1662    99    39735.0000      Cuts: 36     1427    7.92%
      0     0    36631.6451    97    39735.0000      Cuts: 47     1481    7.81%
      0     0    36648.9705   104    39735.0000      Cuts: 34     1521    7.77%
      0     0    36672.3279   105    39735.0000      Cuts: 40     1583    7.71%
      0     0    36747.7045   109    39735.0000      Cuts: 68     1628    7.52%
      0     0    36756.0600   114    39735.0000      Cuts: 45     1666    7.50%
      0     0    36764.6059   120    39735.0000      Cuts: 24     1693    7.48%
Detecting symmetries...
      0     2    36764.6059   120    39735.0000    36764.6214     1693    7.48%
Elapsed time = 0.67 sec. (632.94 ticks, tree = 0.01 MB, solutions = 2)
    120   115    37162.5722    98    39735.0000    36820.4977     4343    7.33%
                                                    Covers: 1                  
    383   356    37260.0630    72    39735.0000    36874.7423     7730    7.20%
                                                     Cuts: 13                  

Performing restart 1

Repeating presolve.
Tried aggregator 1 time.
MIP Presolve modified 226 coefficients.
Reduced MIP has 517 rows, 792 columns, and 1670 nonzeros.
Reduced MIP has 396 binaries, 0 generals, 0 SOSs, and 0 indicators.
Presolve time = 0.00 sec. (2.08 ticks)
Tried aggregator 1 time.
MIP Presolve modified 13 coefficients.
Reduced MIP has 517 rows, 792 columns, and 1670 nonzeros.
Reduced MIP has 396 binaries, 0 generals, 0 SOSs, and 0 indicators.
Presolve time = 0.00 sec. (2.35 ticks)
Represolve time = 0.00 sec. (7.62 ticks)
Tried aggregator 1 time.
LP Presolve eliminated 13 rows and 11 columns.
Aggregator did 2 substitutions.
Reduced LP has 802 rows, 779 columns, and 4970 nonzeros.
Presolve time = 0.00 sec. (0.65 ticks)
Initializing dual steep norms . . .

Iteration log . . .
Iteration:     1   Dual objective     =           144.000000
Iteration:    91   Dual objective     =         16754.583651
Iteration:   168   Dual objective     =         28130.431328
Iteration:   236   Dual objective     =         35005.256652
Iteration:   298   Dual objective     =         36288.967768
Iteration:   360   Dual objective     =         36640.556015
Iteration:   422   Dual objective     =         36752.095070
Initializing dual steep norms . . .
    508     0    36835.7808   125    39735.0000     Cuts: 101     9829    7.20%
    508     0    36939.7585   116    39735.0000     Cuts: 107     9943    7.03%
    508     0    37052.0864   125    39735.0000     Cuts: 117    10063    6.75%
    508     0    37162.4829   126    39735.0000     Cuts: 134    10185    6.47%
    508     0    37212.6289   131    39735.0000     Cuts: 128    10304    6.35%
    508     0    37259.1731   119    39735.0000      Cuts: 85    10413    6.23%
    508     0    37315.2723   123    39735.0000     Cuts: 102    10521    6.09%
    508     0    37347.3244   122    39735.0000      Cuts: 80    10591    6.01%
    508     0    37375.8480   106    39735.0000      Cuts: 95    10682    5.94%
    508     0    37433.3713   122    39735.0000      Cuts: 50    10788    5.79%
    508     0    37516.9662   131    39735.0000     Cuts: 128    10941    5.58%
    508     0    37555.9768   133    39735.0000     Cuts: 106    11026    5.48%
    508     0    37597.8470   142    39735.0000     Cuts: 131    11151    5.38%
    508     0    37614.8548   130    39735.0000     Cuts: 133    11215    5.34%
    508     0    37631.8115   139    39735.0000      Cuts: 90    11305    5.29%
    508     0    37640.8439   136    39735.0000      Cuts: 67    11386    5.27%
    508     0    37653.5262   142    39735.0000      Cuts: 56    11455    5.24%
    508     0    37663.2014   137    39735.0000      Cuts: 57    11555    5.21%
    508     0    37667.1255   122    39735.0000      Cuts: 65    11616    5.20%
    508     0    37676.6644   121    39735.0000      Cuts: 32    11682    5.18%
    508     0    37682.6100   142    39735.0000      Cuts: 67    11749    5.17%
    508     0    37690.6085   130    39735.0000      Cuts: 74    11792    5.15%
    508     0    37692.5394   131    39735.0000      Cuts: 25    11820    5.14%
    508     0    37695.0919   134    39735.0000      Cuts: 23    11859    5.13%
    508     0    37696.4504   130    39735.0000      Cuts: 38    11876    5.13%
    508     0    37700.7753   123    39735.0000      Cuts: 29    11912    5.12%
    508     2    37700.7753   123    39735.0000    37702.4269    11912    5.12%
    511     5    37794.7712   120    39735.0000    37763.6296    12172    4.96%
    514     8    38018.8366   120    39735.0000    37763.6296    12503    4.96%
    519    13    38267.9301   107    39735.0000    37763.6296    12774    4.96%
    565    59    38777.4558    47    39735.0000    37763.6296    14386    4.96%
    608    96    38093.6276    86    39735.0000    37775.7684    16198    4.93%
                                                     Cuts: 10                  
    668   148    38536.0322    89    39735.0000    37795.0687    18249    4.88%
                                                  Flowcuts: 8                  
    914   354    39074.1836    79    39735.0000    37878.2527    27038    4.67%
                                                     Cuts: 33                  
Elapsed time = 5.00 sec. (5494.46 ticks, tree = 1.46 MB, solutions = 2)
   1152   556    38377.1508    98    39735.0000    37906.2532    36541    4.60%
                                                     Cuts: 26                  
   1402   752    38290.4407   103    39735.0000    37939.0062    47270    4.52%
                                                     Cuts: 30                  
   1574   888    38168.3765   122    39735.0000    37967.5884    56934    4.45%
                                                     Cuts: 27                  
   1818  1093    38520.7933   113    39735.0000    37993.5252    67212    4.38%
                                                  Flowcuts: 4                  
   2023  1257    38379.9207    95    39735.0000    38016.1881    78403    4.33%
   2255  1443    38291.6284   100    39735.0000    38044.6981    89907    4.25%
                                                     Cuts: 14                  
   2505  1640    38547.9602   102    39735.0000    38058.5827   101875    4.22%
                                                     Cuts: 25                  
   2666  1757    39232.1175    91    39735.0000    38082.2265   112306    4.16%
                                                     Cuts: 11                  
   2881  1921    38697.8312   123    39735.0000    38091.0719   122958    4.14%
   3042  2030    38346.1320   105    39735.0000    38109.1055   133757    4.09%
Elapsed time = 12.47 sec. (15224.15 ticks, tree = 9.97 MB, solutions = 2)
   3249  2169    38212.1266   112    39735.0000    38122.3385   144032    4.06%
                                                      Cuts: 5                  
   3456  2325    38424.6998    92    39735.0000    38135.9735   155474    4.02%
                                                     Cuts: 10                  
   3692  2505    38405.6894    84    39735.0000    38152.3516   166673    3.98%
                                                      Cuts: 4                  
   3977  2700    38588.1551    99    39735.0000    38168.2293   177534    3.94%
                                                     Cuts: 12                  
   4183  2838    38586.4795    87    39735.0000    38185.1763   187653    3.90%
   4450  3029    38275.0243   111    39735.0000    38196.2144   197832    3.87%
                                                      Cuts: 9                  
   4708  3236    39344.2306    23    39735.0000    38205.0566   207431    3.85%
                                                      Cuts: 2                  
   4968  3431    38408.2252   110    39735.0000    38212.2107   217200    3.83%
                                                  Flowcuts: 4                  
   5241  3641    38576.5951   112    39735.0000    38226.0380   228966    3.80%
   5508  3838    39362.0316    63    39735.0000    38246.3615   240180    3.75%
                                                      Cuts: 8                  
Elapsed time = 19.84 sec. (24958.38 ticks, tree = 22.28 MB, solutions = 2)
   5789  4049    38904.2347    45    39735.0000    38254.5931   252102    3.73%
   6089  4273    38695.9441    94    39735.0000    38260.2706   263033    3.71%
                                                      Cuts: 9                  
   6323  4454    38784.1802    72    39735.0000    38265.9337   273285    3.70%
   6577  4643    38634.7094    87    39735.0000    38276.9161   283665    3.67%
                                                      Cuts: 2                  
   6900  4884    39397.2339    30    39735.0000    38284.7304   293899    3.65%
                                                      Cuts: 9                  
   7150  5046    38758.0776    42    39735.0000    38292.2876   304753    3.63%
   7464  5286    39241.8678    64    39735.0000    38296.2780   315073    3.62%
                                                  Flowcuts: 1                  
   7746  5480    38403.3627    84    39735.0000    38309.5386   326593    3.59%
   8046  5705    38969.3345    63    39735.0000    38323.1346   338356    3.55%
                                                  Flowcuts: 4                  
   8334  5906    38863.4939    72    39735.0000    38331.4325   349925    3.53%
Elapsed time = 27.08 sec. (34560.20 ticks, tree = 36.38 MB, solutions = 2)
   8600  6083    39027.3259    66    39735.0000    38342.1899   361697    3.51%
   8888  6294    39681.0692   101    39735.0000    38348.0098   372745    3.49%
                                                      Cuts: 7                  
   9107  6441    39476.3103    73    39735.0000    38358.2172   382763    3.46%
   9337  6604    38631.4151   102    39735.0000    38363.3492   393174    3.45%
   9565  6760    39442.0863    41    39735.0000    38369.2897   402573    3.44%
                                                      Cuts: 8                  
   9750  6882    39691.2800    17    39735.0000    38374.1240   412792    3.42%
                                                      Cuts: 2                  
  10023  7060    38957.5107    89    39735.0000    38382.6902   423770    3.40%
                                                      Cuts: 5                  
  10243  7210    38879.8332    90    39735.0000    38387.0461   434666    3.39%
                                                  Flowcuts: 4                  
  10471  7367    38975.8894   116    39735.0000    38389.8278   445188    3.39%
                                                      Cuts: 6                  
  10668  7494    39105.9270    48    39735.0000    38392.3380   453165    3.38%
Elapsed time = 38.63 sec. (48336.12 ticks, tree = 46.48 MB, solutions = 2)
  10790  7551    38704.4168   123    39735.0000    38399.3212   458762    3.36%
  11036  7710    38597.4768    76    39735.0000    38403.9714   470019    3.35%
  11248  7852    38850.9111    96    39735.0000    38408.5844   481195    3.34%
                                                      Cuts: 6                  
  11502  8011    39050.5883    54    39735.0000    38412.2129   492473    3.33%
  11734  8181    39706.3233    24    39735.0000    38416.9630   503031    3.32%
                                                      Cuts: 6                  
  11935  8308    39256.6553    77    39735.0000    38421.5981   513124    3.31%
                                                      Cuts: 3                  
  12146  8446    38768.8692    72    39735.0000    38430.1768   523764    3.28%
                                                    Covers: 1                  
  12336  8573    39204.8856    87    39735.0000    38436.8420   533793    3.27%
  12530  8707    38856.4371   111    39735.0000    38440.6318   543401    3.26%
                                                     Cuts: 11                  
  12753  8876    39692.2280    49    39735.0000    38444.4534   553750    3.25%
                                                      Cuts: 2                  
Elapsed time = 46.05 sec. (57936.02 ticks, tree = 57.46 MB, solutions = 2)
  12963  9017    39593.9231    20    39735.0000    38449.4432   564298    3.24%
  13214  9190    39262.4175    47    39735.0000    38452.6852   575216    3.23%
  13507  9398    39154.1724    78    39735.0000    38458.9511   586423    3.21%
  13748  9574    39334.2434   102    39735.0000    38460.9352   597092    3.21%
  13998  9740    39674.6401    49    39735.0000    38465.0253   608520    3.20%
  14238  9897    38621.0777    89    39735.0000    38468.4376   618775    3.19%
  14498 10090    39554.0325    79    39735.0000    38472.4436   630276    3.18%
  14740 10265    38614.4799    86    39735.0000    38477.1867   641078    3.17%
                                                    Covers: 1                  
  14989 10430    39148.8988    89    39735.0000    38481.0899   651641    3.16%
                                                      Cuts: 3                  
  15235 10613    38664.6397   105    39735.0000    38484.4963   661715    3.15%
                                                      Cuts: 2                  
Elapsed time = 54.66 sec. (67513.79 ticks, tree = 70.47 MB, solutions = 2)
  15428 10743    38989.7700    83    39735.0000    38488.1448   672124    3.14%
  15625 10872    38806.3239    99    39735.0000    38491.1877   682333    3.13%
  15874 11040    38952.8366   110    39735.0000    38493.7626   692282    3.12%
                                                  Flowcuts: 1                  
  16096 11173    39728.7529    56    39735.0000    38497.1059   702297    3.12%
                                                      Cuts: 2                  
  16338 11347    39343.4092    59    39735.0000    38500.5337   712056    3.11%
                                                      Cuts: 4                  
  16573 11493    39547.7618    75    39735.0000    38503.9873   722329    3.10%
  16816 11651    38719.5041    91    39735.0000    38506.1849   733214    3.09%
  17019 11766    39009.5041   122    39735.0000    38509.7316   744152    3.08%
                                                    Covers: 2                  
  17262 11920    39165.9764    42    39735.0000    38512.1048   754515    3.08%
  17484 12071    38948.4346    75    39735.0000    38516.7278   765307    3.07%
Elapsed time = 62.31 sec. (77092.22 ticks, tree = 81.56 MB, solutions = 2)
  17707 12207    39314.7067    81    39735.0000    38518.9321   776475    3.06%
  17911 12330    39733.7061    64    39735.0000    38522.1640   787373    3.05%
  18132 12463        cutoff          39735.0000    38524.1877   798393    3.05%
                                                      Cuts: 5                  
  18330 12573        cutoff          39735.0000    38528.9959   808865    3.04%
                                                      Cuts: 9                  
  18547 12711    39642.3777    34    39735.0000    38534.9757   818653    3.02%
                                                  Flowcuts: 8                  
  18757 12851    39486.2534    64    39735.0000    38536.9632   828376    3.02%
  18921 12936    39055.7389    95    39735.0000    38540.1575   837180    3.01%
  19119 13071    38738.1499    90    39735.0000    38542.4701   848180    3.00%
  19325 13219    39614.5523   104    39735.0000    38544.8182   858068    3.00%
  19515 13337    38854.7957    92    39735.0000    38547.5744   867912    2.99%
Elapsed time = 69.61 sec. (86687.89 ticks, tree = 89.67 MB, solutions = 2)
  19711 13472    38554.5819   108    39735.0000    38548.7113   878085    2.99%
  19908 13602    39049.7420    92    39735.0000    38549.8846   888441    2.98%
  20168 13752    39216.7596    87    39735.0000    38552.5507   899026    2.98%
  20395 13904    38817.6849    99    39735.0000    38554.9957   909564    2.97%
  20600 14038    39613.4028    64    39735.0000    38557.0877   920208    2.96%
  20817 14183    39077.3399    94    39735.0000    38560.9486   931051    2.95%

Performing restart 2

Repeating presolve.
Tried aggregator 1 time.
MIP Presolve modified 228 coefficients.
Reduced MIP has 517 rows, 792 columns, and 1670 nonzeros.
Reduced MIP has 396 binaries, 0 generals, 0 SOSs, and 0 indicators.
Presolve time = 0.00 sec. (2.08 ticks)
Tried aggregator 1 time.
MIP Presolve modified 16 coefficients.
Reduced MIP has 517 rows, 792 columns, and 1670 nonzeros.
Reduced MIP has 396 binaries, 0 generals, 0 SOSs, and 0 indicators.
Presolve time = 0.00 sec. (2.34 ticks)
Represolve time = 0.05 sec. (18.33 ticks)
Tried aggregator 1 time.
LP Presolve eliminated 3 rows and 3 columns.
Aggregator did 2 substitutions.
Reduced LP has 1197 rows, 787 columns, and 13445 nonzeros.
Presolve time = 0.00 sec. (1.29 ticks)
Initializing dual steep norms . . .

Iteration log . . .
Iteration:     1   Dual objective     =           144.000000
Iteration:    86   Dual objective     =         16189.649578
Iteration:   148   Dual objective     =         20137.952527
Iteration:   210   Dual objective     =         31834.196465
Iteration:   277   Dual objective     =         35104.081450
Iteration:   339   Dual objective     =         35994.651862
Iteration:   401   Dual objective     =         36529.924116
Iteration:   463   Dual objective     =         36852.723734
Iteration:   525   Dual objective     =         37047.099270
Iteration:   587   Dual objective     =         37226.579048
Iteration:   649   Dual objective     =         37450.059820
Iteration:   711   Dual objective     =         37602.421176
Iteration:   773   Dual objective     =         37671.840744
Iteration:   835   Dual objective     =         37702.348981
Iteration:   898   Dual objective     =         37716.027785
Initializing dual steep norms . . .
  20832     0    37853.4965   147    39735.0000      Cuts: 60   932783    2.95%
  20832     0    37878.9927   123    39735.0000      Cuts: 48   932866    2.95%
  20832     0    37899.4866   127    39735.0000      Cuts: 55   932945    2.95%
  20832     0    37907.9696   144    39735.0000      Cuts: 45   933007    2.95%
  20832     0    37920.2278   120    39735.0000      Cuts: 31   933054    2.95%
  20832     0    37929.4540   139    39735.0000      Cuts: 93   933118    2.95%
  20832     0    37935.5631   129    39735.0000     Cuts: 107   933172    2.95%
  20832     0    37943.1256   133    39735.0000      Cuts: 30   933225    2.95%
  20832     0    37944.7160   140    39735.0000      Cuts: 38   933261    2.95%
  20832     0    37946.6690   134    39735.0000      Cuts: 57   933297    2.95%
  20832     2    37946.6690   134    39735.0000    38560.9486   933297    2.95%
  20844    14    38892.9131    92    39735.0000    38560.9486   934337    2.95%
  20864    30    38586.0992   105    39735.0000    38560.9486   936271    2.95%
                                                     Cuts: 21                  
  21383   413    39002.5160   105    39735.0000    38560.9486   951427    2.95%
                                                     Cuts: 73                  
Elapsed time = 79.69 sec. (99376.28 ticks, tree = 2.52 MB, solutions = 2)
  22562  1252    38826.2247    86    39735.0000    38560.9486   992983    2.95%
                                                    Cuts: 101                  
  23685  2026    39111.1700    74    39735.0000    38560.9486  1037561    2.95%
                                                     Cuts: 39                  
  25012  2918    39648.9597    27    39735.0000    38560.9486  1088906    2.95%
                                                    Covers: 2                  
  26206  3679    38982.3511    90    39735.0000    38580.3910  1139830    2.91%
                                                     Cuts: 35                  
  27351  4455    39042.2369    64    39735.0000    38627.5489  1187162    2.79%
                                                     Cuts: 16                  
  28381  5101    39625.2566    42    39735.0000    38657.0421  1229503    2.71%
                                                     Cuts: 19                  
  29452  5790    39098.6504    84    39735.0000    38691.3213  1270195    2.63%
                                                  Flowcuts: 1                  
  30512  6466    39359.6511    40    39735.0000    38714.9180  1313723    2.57%
                                                      Cuts: 6                  
  31550  7097    39232.0656    82    39735.0000    38739.3133  1360197    2.51%
  32534  7704    39295.9210    88    39735.0000    38755.2054  1400439    2.47%
                                                      Cuts: 3                  
Elapsed time = 110.92 sec. (137566.78 ticks, tree = 49.22 MB, solutions = 4)
  33552  8289    39441.6084    39    39735.0000    38777.7587  1443701    2.41%
                                                     Cuts: 22                  
  34619  8945    39393.6898    98    39735.0000    38792.8328  1488930    2.37%
                                                      Cuts: 3                  
  35649  9562    39093.3526    64    39735.0000    38806.6916  1532559    2.34%
                                                      Cuts: 3                  
  36774 10231    39667.3526    73    39735.0000    38824.2308  1578013    2.29%
                                                      Cuts: 3                  
  37808 10904    39625.0241   108    39735.0000    38833.3088  1618770    2.27%
                                                      Cuts: 8                  
  38972 11606    39421.8974    61    39735.0000    38849.3305  1666141    2.23%
  40050 12249    39671.8171   101    39735.0000    38860.5771  1710039    2.20%
  41277 12963    39664.7127     9    39735.0000    38877.5143  1758270    2.16%
  42487 13694    39154.2025    68    39735.0000    38887.0688  1801620    2.13%
                                                      Cuts: 3                  
  43775 14450    39703.0660    82    39735.0000    38898.8466  1847671    2.10%
                                                     Cuts: 15                  
Elapsed time = 143.03 sec. (175764.65 ticks, tree = 98.06 MB, solutions = 5)
  44723 15000    39208.7451   103    39735.0000    38910.1002  1889067    2.08%
                                                     Cuts: 12                  
  45789 15620    39682.4503    74    39735.0000    38919.4087  1932506    2.05%
                                                      Cuts: 2                  
  46808 16159    39607.1337    39    39735.0000    38932.8048  1975720    2.02%
                                                      Cuts: 7                  
  47843 16753    39050.1294    75    39735.0000    38939.2720  2016561    2.00%
                                                     Cuts: 14                  
  48932 17341    39408.0992    64    39735.0000    38946.0358  2061715    1.99%
                                                      Cuts: 3                  
  49977 17906        cutoff          39735.0000    38954.3723  2104083    1.96%
  51007 18486    39536.1661    75    39735.0000    38962.3996  2149221    1.94%
                                                      Cuts: 5                  
  52084 19073    39150.6120   108    39735.0000    38971.0464  2193033    1.92%
                                                  Flowcuts: 2                  
  53111 19596    39073.6140    75    39735.0000    38978.0817  2234198    1.90%
                                                     Cuts: 10                  
  54179 20140    39438.1933    27    39735.0000    38984.4327  2279704    1.89%
                                                      Cuts: 4                  
Elapsed time = 179.94 sec. (213967.96 ticks, tree = 136.92 MB, solutions = 6)
  55258 20725    39238.7581    78    39735.0000    38992.3748  2321558    1.87%
  56321 21257    39339.8555    82    39735.0000    38999.3729  2364902    1.85%
                                                     Cuts: 11                  
  57503 21886    39613.1164    63    39735.0000    39006.1849  2410842    1.83%
                                                      Cuts: 5                  
  58481 22351    39116.6510    95    39735.0000    39012.0582  2452780    1.82%
  59458 22854    39201.4110    79    39735.0000    39020.1415  2495319    1.80%
                                                     Cuts: 18                  
  60394 23338    39706.5404    79    39735.0000    39026.6480  2538076    1.78%
  61254 23742    39394.3899    83    39735.0000    39031.8876  2574006    1.77%
                                                     Cuts: 24                  
  62169 24183    39083.9311    48    39735.0000    39037.9527  2615681    1.75%
  63141 24647    39229.4600    67    39735.0000    39044.5716  2659859    1.74%
                                                      Cuts: 5                  
  64017 24996    39599.5630    56    39735.0000    39048.4174  2701162    1.73%
Elapsed time = 214.05 sec. (252187.03 ticks, tree = 174.15 MB, solutions = 6)
  65049 25450    39630.3555    57    39735.0000    39053.6069  2744966    1.71%
                                                  Flowcuts: 3                  
  66061 25909    39310.5999    69    39735.0000    39059.4336  2788497    1.70%
  66956 26351    39305.7743    81    39735.0000    39063.5255  2829300    1.69%
                                                      Cuts: 2                  
  67929 26812    39658.4811    68    39735.0000    39069.8368  2872907    1.67%
                                                      Cuts: 4                  
  68971 27331    39582.2257    46    39735.0000    39074.3630  2918158    1.66%
  69898 27720        cutoff          39735.0000    39079.3035  2960584    1.65%
  70864 28178    39463.6343   106    39735.0000    39083.6466  3002774    1.64%
  71857 28648    39574.4947     8    39735.0000    39088.1040  3047558    1.63%
                                                      Cuts: 6                  
  72757 29015    39589.5647    75    39735.0000    39093.0042  3090867    1.62%
                                                  Flowcuts: 1                  
  73674 29409    39571.8084    76    39735.0000    39097.0874  3130990    1.61%
                                                      Cuts: 6                  
Elapsed time = 245.16 sec. (290353.71 ticks, tree = 205.56 MB, solutions = 7)
  74655 29833        cutoff          39735.0000    39101.5414  3175825    1.59%
  75690 30281        cutoff          39735.0000    39106.2009  3219662    1.58%
  76678 30698        cutoff          39735.0000    39110.3722  3262160    1.57%
                                                   MIRcuts: 1                  
  77672 31100    39725.8427   104    39735.0000    39114.4909  3304963    1.56%
  78662 31495    39733.0754    67    39735.0000    39119.4293  3349658    1.55%
                                                      Cuts: 7                  
  79608 31898    39648.9269    62    39735.0000    39123.4809  3391991    1.54%
                                                  Flowcuts: 4                  
  80579 32306    39421.3023    58    39735.0000    39128.0847  3433733    1.53%
  81606 32711    39496.2173    40    39735.0000    39131.4623  3477743    1.52%
  82568 33109    39352.7683    41    39735.0000    39135.3224  3522792    1.51%
                                                  Flowcuts: 1                  
  83493 33455    39245.2062    77    39735.0000    39139.6789  3565664    1.50%
                                                      Cuts: 2                  
Elapsed time = 279.75 sec. (328536.13 ticks, tree = 237.89 MB, solutions = 7)
  84426 33863        cutoff          39735.0000    39143.3294  3608719    1.49%
  85364 34200    39400.4617   104    39735.0000    39147.7952  3652903    1.48%
  86348 34621    39478.0398    72    39735.0000    39152.2367  3697136    1.47%
  87296 34990    39610.5741    77    39735.0000    39156.9101  3739223    1.45%
  88267 35386    39653.6097    63    39735.0000    39160.5363  3781613    1.45%
  89272 35821    39704.3720    61    39735.0000    39164.3421  3825252    1.44%
  90363 36298    39242.5704    71    39735.0000    39167.8430  3870819    1.43%
  91355 36648    39716.6300    62    39735.0000    39171.5894  3913676    1.42%
  92413 37019    39408.1958    85    39735.0000    39175.4641  3956682    1.41%
                                                  Flowcuts: 5                  
  93523 37451    39526.7858   108    39735.0000    39179.4672  4001667    1.40%
                                                      Cuts: 5                  
Elapsed time = 311.59 sec. (366745.11 ticks, tree = 266.69 MB, solutions = 7)
  94505 37784    39634.8101    68    39735.0000    39183.8777  4044184    1.39%
                                                      Cuts: 8                  
  95465 38088    39520.4901    57    39735.0000    39187.4240  4085521    1.38%
                                                      Cuts: 7                  
  96417 38405    39591.9818    77    39735.0000    39190.9561  4127249    1.37%
  97407 38771    39658.5491    78    39735.0000    39194.6656  4170492    1.36%
                                                  Flowcuts: 1                  
  98427 39192    39476.9625    91    39735.0000    39197.5054  4214106    1.35%
                                                  Flowcuts: 1                  
  99372 39536        cutoff          39735.0000    39200.4878  4254797    1.35%
                                                  Flowcuts: 2                  
 100364 39882    39653.0923    38    39735.0000    39204.0058  4296191    1.34%
                                                      Cuts: 8                  
 101380 40227    39440.7974    82    39735.0000    39207.3318  4339588    1.33%
                                                      Cuts: 5                  
 102325 40542    39411.0393    52    39735.0000    39210.8882  4382742    1.32%
                                                      Cuts: 2                  
 103222 40838        cutoff          39735.0000    39214.2822  4424462    1.31%
Elapsed time = 341.86 sec. (404947.34 ticks, tree = 291.29 MB, solutions = 7)
 104155 41138    39727.4108    44    39735.0000    39217.5872  4464980    1.30%
 105127 41432    39464.7529    55    39735.0000    39221.2949  4508209    1.29%
 106110 41798    39543.4275    89    39735.0000    39224.7450  4551207    1.28%
 107075 42141    39676.2177    94    39735.0000    39227.8122  4593768    1.28%
 108052 42433    39618.6648    31    39735.0000    39231.7126  4634567    1.27%
                                                      Cuts: 2                  
 108992 42712    39566.7134    27    39735.0000    39235.1743  4677010    1.26%
 110065 43064    39678.3338    65    39735.0000    39237.8460  4720242    1.25%
 111061 43389    39537.8753    80    39735.0000    39240.6065  4763097    1.24%
                                                  Flowcuts: 2                  
 111968 43671        cutoff          39735.0000    39243.3642  4803333    1.24%
                                                    Covers: 1                  
 112966 43986        cutoff          39735.0000    39245.4106  4844587    1.23%
Elapsed time = 373.64 sec. (443141.16 ticks, tree = 312.51 MB, solutions = 7)
 113932 44286    39643.3731   101    39735.0000    39248.7410  4886654    1.22%
                                                    Covers: 1                  
 114919 44569    39561.5999    72    39735.0000    39252.1668  4928941    1.22%
                                                    Covers: 1                  
 115934 44874    39515.7292    74    39735.0000    39255.4102  4970581    1.21%
 116943 45197        cutoff          39735.0000    39258.4075  5010791    1.20%
 117901 45487    39683.7022    46    39735.0000    39261.1110  5051910    1.19%
 118928 45783    39455.9770    67    39735.0000    39264.2052  5095417    1.18%
 119857 46064    39462.1947    81    39735.0000    39266.9418  5139570    1.18%
 120837 46322    39466.4981    72    39735.0000    39270.2550  5182810    1.17%
 121818 46632        cutoff          39735.0000    39272.9150  5223808    1.16%
 122780 46859    39606.7980    44    39735.0000    39275.5431  5264746    1.16%
Elapsed time = 404.55 sec. (481321.96 ticks, tree = 335.01 MB, solutions = 7)
 123891 47191    39410.8730    35    39735.0000    39278.5284  5308130    1.15%
 124932 47451    39557.3633    88    39735.0000    39281.4685  5351093    1.14%
 125878 47676        cutoff          39735.0000    39284.4660  5391921    1.13%
 126862 47896    39533.1927    53    39735.0000    39287.5490  5432239    1.13%
 127905 48206    39321.2387    64    39735.0000    39290.6308  5473783    1.12%
 128869 48476    39592.6395    79    39735.0000    39293.5897  5517093    1.11%
 129870 48734    39481.8912    51    39735.0000    39296.3932  5561047    1.10%
 130902 48952    39733.8193    79    39735.0000    39299.3896  5602696    1.10%
 131913 49216        cutoff          39735.0000    39302.0409  5644775    1.09%
 132908 49494    39506.3928    74    39735.0000    39304.5863  5685852    1.08%
Elapsed time = 434.72 sec. (519514.68 ticks, tree = 353.82 MB, solutions = 7)
 133965 49782        cutoff          39735.0000    39306.8306  5729263    1.08%
 134953 50034    39422.6362    47    39735.0000    39309.3132  5771734    1.07%
                                                  Flowcuts: 1                  
 135952 50272    39707.1185    28    39735.0000    39311.6558  5813359    1.07%
                                                  LiftProj: 1                  
 136900 50505    39584.4564    57    39735.0000    39314.3355  5854621    1.06%
                                                      Cuts: 2                  
 137894 50755    39462.4516    65    39735.0000    39316.7544  5896047    1.05%
 138965 51047    39637.3884    44    39735.0000    39319.0121  5939021    1.05%
 140007 51243        cutoff          39735.0000    39321.9922  5982775    1.04%
 141109 51505        cutoff          39735.0000    39324.6668  6026171    1.03%
 142116 51737    39577.4567    67    39735.0000    39327.1049  6067160    1.03%
 143100 51940    39650.6228    81    39735.0000    39329.2685  6108343    1.02%
Elapsed time = 466.72 sec. (557708.03 ticks, tree = 371.42 MB, solutions = 7)
 144148 52187    39543.6338    70    39735.0000    39331.7202  6150567    1.01%
                                                  Flowcuts: 1                  
 145154 52392        cutoff          39735.0000    39334.0952  6192694    1.01%
                                                      Cuts: 2                  
 146162 52630    39483.8932    73    39735.0000    39336.4229  6235574    1.00%
                                                      Cuts: 2                  
 147162 52867        cutoff          39735.0000    39338.7753  6275956    1.00%
                                                  Flowcuts: 3                  
 148144 53112    39706.7592    66    39735.0000    39340.9852  6315275    0.99%
                                                      Cuts: 3                  
 149188 53340    39558.3428    56    39735.0000    39343.4311  6357682    0.99%
 150211 53532    39435.9361    57    39735.0000    39346.0259  6399134    0.98%
                                                      Cuts: 6                  
 151229 53742    39682.4471    51    39735.0000    39348.3070  6441220    0.97%
                                                      Cuts: 6                  
 152225 53962        cutoff          39735.0000    39350.4598  6481734    0.97%
 153280 54201    39651.9535    43    39735.0000    39353.0753  6522332    0.96%
Elapsed time = 497.76 sec. (595885.21 ticks, tree = 386.55 MB, solutions = 7)
 154323 54417        cutoff          39735.0000    39355.2795  6562596    0.96%
 155350 54598        cutoff          39735.0000    39357.5936  6604458    0.95%
                                                  Impl Bds: 1                  
 156394 54827        cutoff          39735.0000    39359.6460  6646590    0.94%
 157421 54995        cutoff          39735.0000    39361.6920  6689063    0.94%
 158421 55185    39421.3248    80    39735.0000    39363.8078  6730219    0.93%
                                                      Cuts: 3                  
 159398 55365    39567.3478    98    39735.0000    39365.6536  6770253    0.93%
                                                  Flowcuts: 1                  
 160363 55541    39496.5877    80    39735.0000    39367.7730  6810370    0.92%
                                                      Cuts: 5                  
 161366 55701    39621.4096    85    39735.0000    39369.8029  6852691    0.92%
 162352 55836    39506.2286    70    39735.0000    39372.0184  6894466    0.91%
                                                  Flowcuts: 6                  
 163336 55966    39454.3929    76    39735.0000    39374.3743  6935687    0.91%
                                                  Flowcuts: 4                  
Elapsed time = 527.33 sec. (634113.24 ticks, tree = 396.42 MB, solutions = 7)
 164295 56105        cutoff          39735.0000    39376.2439  6974650    0.90%
 165192 56266    39726.5876    61    39735.0000    39377.8604  7011271    0.90%
 166238 56438        cutoff          39735.0000    39380.0717  7052010    0.89%
 167243 56589    39535.6372    58    39735.0000    39382.2260  7092682    0.89%
 168252 56692    39568.2523    30    39735.0000    39384.3374  7134851    0.88%
 169304 56819    39491.6156    51    39735.0000    39386.4336  7175703    0.88%
 170340 56965        cutoff          39735.0000    39388.4444  7216494    0.87%
 171320 57045    39718.1042    48    39735.0000    39390.7935  7257005    0.87%
 172308 57184    39723.4635    95    39735.0000    39392.8394  7297804    0.86%
                                                  Flowcuts: 1                  
 173313 57336        cutoff          39735.0000    39394.9729  7338395    0.86%
                                                  Flowcuts: 3                  
Elapsed time = 557.67 sec. (672308.96 ticks, tree = 403.84 MB, solutions = 8)
 174338 57463    39673.6361    69    39735.0000    39396.7478  7380079    0.85%
                                                    Covers: 1                  
 175286 57584    39662.2608    81    39735.0000    39398.6390  7420058    0.85%
                                                   MIRcuts: 1                  
 176294 57723        cutoff          39735.0000    39400.5425  7459428    0.84%
                                                  Flowcuts: 1                  
 177288 57792        cutoff          39735.0000    39402.7060  7497298    0.84%
 178259 57910    39518.0015    80    39735.0000    39404.5202  7537050    0.83%
 179259 57967    39730.6455    48    39735.0000    39406.6644  7578589    0.83%
 180291 58038    39690.6037    88    39735.0000    39408.9301  7620729    0.82%
 181306 58186    39638.4217    22    39735.0000    39410.7804  7661564    0.82%
                                                  Flowcuts: 1                  
 182281 58233    39688.7560    33    39735.0000    39412.8353  7701142    0.81%
                                                  Flowcuts: 1                  
 183282 58346    39653.3296    90    39735.0000    39414.4908  7739785    0.81%
Elapsed time = 588.23 sec. (710500.96 ticks, tree = 409.81 MB, solutions = 8)
 184333 58468        cutoff          39735.0000    39416.2671  7779235    0.80%
 185350 58584        cutoff          39735.0000    39418.1389  7820294    0.80%
                                                  Flowcuts: 1                  
 186331 58645    39468.8794    64    39735.0000    39420.3092  7860992    0.79%
                                                      Cuts: 3                  
 187279 58693    39652.0775    46    39735.0000    39422.1014  7901071    0.79%
 188319 58833    39544.0193    57    39735.0000    39423.8355  7943466    0.78%
 189258 58935    39734.6108    81    39735.0000    39425.5533  7983035    0.78%
 190216 59020        cutoff          39735.0000    39427.2355  8021800    0.77%
                                                      Cuts: 2                  
 191209 59109        cutoff          39735.0000    39429.0664  8062271    0.77%
                                                   MIRcuts: 1                  
 192252 59175    39640.1795    39    39735.0000    39430.9956  8103045    0.77%
                                                 Flowpaths: 2                  
 193282 59305    39686.1228    67    39735.0000    39433.0744  8142897    0.76%
Elapsed time = 618.14 sec. (748684.44 ticks, tree = 415.76 MB, solutions = 8)
 194250 59387    39685.4366    78    39735.0000    39434.8425  8182484    0.76%
 195219 59428    39636.1537    94    39735.0000    39436.7296  8221681    0.75%
 196155 59466    39701.1159    71    39735.0000    39438.3780  8261012    0.75%
 197188 59533    39453.3599    69    39735.0000    39440.4445  8299854    0.74%
 198177 59562    39669.9872    62    39735.0000    39442.2213  8340221    0.74%
 199231 59687    39666.1777    60    39735.0000    39443.7577  8380345    0.73%
 200369 59777        cutoff          39735.0000    39445.5075  8421045    0.73%
 201428 59860    39645.7767    29    39735.0000    39447.3233  8460248    0.72%
 202432 59911    39637.6330    67    39735.0000    39449.3795  8503157    0.72%
 203463 59978    39624.6728    65    39735.0000    39451.2208  8543621    0.71%
Elapsed time = 647.76 sec. (786918.63 ticks, tree = 418.28 MB, solutions = 9)
 204545 60061    39725.7603    27    39735.0000    39453.2078  8584812    0.71%
                                                  Flowcuts: 1                  
 205525 60068    39643.4011    75    39735.0000    39454.9079  8624818    0.70%
                                                  Flowcuts: 1                  
 206555 60104        cutoff          39735.0000    39456.6872  8664696    0.70%
                                                      Cuts: 2                  
 207630 60166    39537.4969    62    39735.0000    39458.4174  8703439    0.70%
 208648 60199    39620.2043    55    39735.0000    39460.1104  8741541    0.69%
 209630 60174    39652.4310    52    39735.0000    39461.9818  8780727    0.69%
 210652 60212    39718.2053    52    39735.0000    39463.4820  8819879    0.68%
 211720 60254        cutoff          39735.0000    39465.2357  8861408    0.68%
 212692 60270    39539.1121    91    39735.0000    39466.9195  8901798    0.67%
 213712 60313        cutoff          39735.0000    39468.2955  8941187    0.67%
Elapsed time = 678.14 sec. (825107.52 ticks, tree = 419.01 MB, solutions = 9)
 214759 60312        cutoff          39735.0000    39470.1828  8979881    0.67%
 215702 60282        cutoff          39735.0000    39471.8886  9016712    0.66%
 216793 60266    39665.8205    84    39735.0000    39473.7836  9056652    0.66%
 217873 60320        cutoff          39735.0000    39475.3990  9096455    0.65%
 218959 60362        cutoff          39735.0000    39476.8723  9136227    0.65%
 219995 60370    39494.8392    63    39735.0000    39478.6442  9175968    0.65%
 221008 60329    39681.9343    84    39735.0000    39480.4201  9214941    0.64%
 222104 60325    39507.4724    91    39735.0000    39482.2677  9252575    0.64%
 223152 60245    39638.0388    39    39735.0000    39484.1317  9290360    0.63%
 224216 60290        cutoff          39735.0000    39485.7579  9331345    0.63%
Elapsed time = 708.05 sec. (863291.17 ticks, tree = 417.21 MB, solutions = 9)
 225265 60233    39693.6521    58    39735.0000    39487.4830  9372315    0.62%
 226335 60239    39704.1029    86    39735.0000    39489.2804  9412582    0.62%
 227403 60162        cutoff          39735.0000    39491.3215  9451606    0.61%
 228432 60185    39578.3222    42    39735.0000    39492.6816  9489046    0.61%
 229417 60115    39635.1968    78    39735.0000    39494.5148  9527661    0.61%
 230524 60089    39586.7955    56    39735.0000    39495.9896  9566570    0.60%
 231576 60001        cutoff          39735.0000    39497.9097  9606682    0.60%
 232625 59953    39713.0005    99    39735.0000    39499.5836  9646723    0.59%
 233762 59892    39596.5822     9    39735.0000    39501.4873  9684950    0.59%
 234773 59850    39653.2383    39    39735.0000    39503.0714  9723864    0.58%
Elapsed time = 742.63 sec. (901497.44 ticks, tree = 412.14 MB, solutions = 9)
 235838 59772    39636.9550    82    39735.0000    39504.8110  9762735    0.58%
 236891 59658    39687.1765     2    39735.0000    39506.5967  9800643    0.57%
 237958 59610    39525.1703    37    39735.0000    39508.2627  9839807    0.57%
 239023 59491        cutoff          39735.0000    39510.0190  9878129    0.57%
 240171 59418        cutoff          39735.0000    39511.8345  9918720    0.56%
 241264 59367    39615.3288    17    39735.0000    39513.4946  9958136    0.56%
 242378 59259    39584.4659    63    39735.0000    39515.4459  9996935    0.55%
 243476 59138        cutoff          39735.0000    39517.1244 10035771    0.55%
 244547 59068    39729.1477    50    39735.0000    39518.6433 10072971    0.54%
 245682 58984    39704.8549    43    39735.0000    39520.3529 10112360    0.54%
Elapsed time = 773.55 sec. (939685.41 ticks, tree = 406.27 MB, solutions = 9)
 246875 58859    39619.3148    31    39735.0000    39522.4606 10151779    0.53%
 248041 58736    39704.1900    84    39735.0000    39524.2814 10192129    0.53%
 249178 58692        cutoff          39735.0000    39525.8315 10232381    0.53%
 250256 58533    39593.9112   113    39735.0000    39527.6517 10270248    0.52%
 251311 58356    39683.7158    23    39735.0000    39529.4429 10307870    0.52%
 252438 58188    39684.2025    70    39735.0000    39531.3861 10345789    0.51%
 253538 57964    39600.3050    35    39735.0000    39533.2850 10384889    0.51%
 254714 57825        cutoff          39735.0000    39534.9903 10424795    0.50%
 255808 57572        cutoff          39735.0000    39536.9631 10463664    0.50%
 256972 57383        cutoff          39735.0000    39538.8790 10502441    0.49%
Elapsed time = 805.17 sec. (977864.50 ticks, tree = 392.83 MB, solutions = 9)
 258088 57107        cutoff          39735.0000    39540.8497 10540068    0.49%
 259211 56928    39617.0576    50    39735.0000    39542.5556 10578569    0.48%
 260366 56728    39610.6209    37    39735.0000    39544.3987 10616727    0.48%
 261523 56581        cutoff          39735.0000    39546.0810 10656292    0.48%
 262679 56395        cutoff          39735.0000    39547.8701 10695421    0.47%
 263877 56148        cutoff          39735.0000    39549.9217 10734508    0.47%
 265115 55976    39714.4735    75    39735.0000    39551.7096 10773614    0.46%
 266239 55763        cutoff          39735.0000    39553.5529 10811039    0.46%
 267335 55500        cutoff          39735.0000    39555.3165 10847220    0.45%
 268484 55222    39685.4070    72    39735.0000    39557.3661 10885100    0.45%
Elapsed time = 837.16 sec. (1016027.43 ticks, tree = 375.39 MB, solutions = 9)
 269587 54865        cutoff          39735.0000    39559.3623 10923883    0.44%
 270838 54601        cutoff          39735.0000    39561.2002 10963473    0.44%
 272061 54305        cutoff          39735.0000    39563.0510 11003031    0.43%
 273283 53987        cutoff          39735.0000    39565.0543 11042024    0.43%
 274464 53722    39622.4085    41    39735.0000    39566.8643 11079763    0.42%
 275604 53369    39731.0086    76    39735.0000    39568.7640 11118621    0.42%
 276834 53052    39623.6985    37    39735.0000    39570.6707 11156964    0.41%
 278073 52666        cutoff          39735.0000    39572.6266 11194803    0.41%
 279299 52344    39606.2249    39    39735.0000    39574.4706 11234199    0.40%
 280550 52007    39595.7031    61    39735.0000    39576.3792 11273941    0.40%
Elapsed time = 868.98 sec. (1054202.04 ticks, tree = 349.14 MB, solutions = 9)
 281787 51612        cutoff          39735.0000    39578.3374 11311826    0.39%
 282982 51133    39698.9628    31    39735.0000    39580.4856 11349082    0.39%
 284170 50772    39696.1721    81    39735.0000    39582.4088 11386315    0.38%
 285396 50378        cutoff          39735.0000    39584.3139 11424675    0.38%
 286671 49928    39665.3217    67    39735.0000    39586.3800 11462752    0.37%
 287873 49457        cutoff          39735.0000    39588.2452 11500350    0.37%
 289107 49039    39714.7935    34    39735.0000    39590.2884 11538468    0.36%
 290405 48555        cutoff          39735.0000    39592.3015 11576855    0.36%
 291731 48024        cutoff          39735.0000    39594.4242 11614856    0.35%
 292952 47550        cutoff          39735.0000    39596.4134 11652165    0.35%
Elapsed time = 899.51 sec. (1092363.79 ticks, tree = 315.71 MB, solutions = 9)
 294211 47026        cutoff          39735.0000    39598.5650 11689670    0.34%
 295522 46527    39724.1491    34    39735.0000    39600.6579 11728013    0.34%
 296826 45998        cutoff          39735.0000    39602.6730 11766460    0.33%
 298135 45431        cutoff          39735.0000    39604.7748 11804163    0.33%
 299450 44886    39720.0364   101    39735.0000    39606.9659 11842560    0.32%
 300777 44290    39691.0123    90    39735.0000    39609.1404 11879081    0.32%
 302071 43758        cutoff          39735.0000    39611.0673 11915135    0.31%
 303373 43161        cutoff          39735.0000    39613.2922 11951193    0.31%
 304711 42483    39641.4252     9    39735.0000    39615.5775 11988719    0.30%
 306082 41837    39622.8389    76    39735.0000    39617.8417 12025697    0.29%
Elapsed time = 933.22 sec. (1130559.66 ticks, tree = 274.16 MB, solutions = 9)
 307492 41234        cutoff          39735.0000    39620.0993 12063385    0.29%
 308892 40510        cutoff          39735.0000    39622.4887 12102065    0.28%
 310273 39824        cutoff          39735.0000    39624.7997 12139101    0.28%
 311729 39123        cutoff          39735.0000    39627.1577 12177780    0.27%
 313187 38349    39685.3311    53    39735.0000    39629.5885 12214311    0.27%
 314624 37603        cutoff          39735.0000    39632.0596 12252061    0.26%
 316130 36701        cutoff          39735.0000    39634.8135 12290488    0.25%
 317668 35789        cutoff          39735.0000    39637.4470 12328310    0.25%
 319206 34884    39726.8519    32    39735.0000    39640.1615 12366294    0.24%
 320787 33900    39673.1457    43    39735.0000    39642.9713 12405101    0.23%
Elapsed time = 964.25 sec. (1168751.86 ticks, tree = 217.68 MB, solutions = 9)
 322353 32859        cutoff          39735.0000    39645.7886 12443278    0.22%
 324035 31808        cutoff          39735.0000    39648.6105 12481072    0.22%
 325685 30792        cutoff          39735.0000    39651.5868 12520114    0.21%
 327396 29746    39697.6267     4    39735.0000    39654.6352 12558945    0.20%
 329130 28617        cutoff          39735.0000    39657.7264 12597185    0.19%
 330867 27429        cutoff          39735.0000    39660.9689 12634866    0.19%
 332691 26149        cutoff          39735.0000    39664.3497 12671289    0.18%
*332890   993      integral     0    39667.0000    39664.6946 12675675    0.01%
Found incumbent of value 39667.000000 after 985.97 sec. (1195909.74 ticks)

Cover cuts applied:  150
Implied bound cuts applied:  8
Flow cuts applied:  525
Mixed integer rounding cuts applied:  92
Flow path cuts applied:  29
Zero-half cuts applied:  36
Multi commodity flow cuts applied:  5
Lift and project cuts applied:  22
Gomory fractional cuts applied:  30

Root node processing (before b&c):
  Real time             =    0.67 sec. (633.06 ticks)
Sequential b&c:
  Real time             =  986.63 sec. (1197081.59 ticks)
                          ------------
Total (root+branch&cut) =  987.30 sec. (1197714.65 ticks)

--- MIP status (101): integer optimal solution.
--- Cplex Time: 987.30sec (det. 1197714.65 ticks)

--- Fixing integer variables and solving final LP...

Version identifier: 20.1.0.0 | 2020-11-10 | 9bedb6d68
CPXPARAM_Advance                                 2
CPXPARAM_Threads                                 1
CPXPARAM_MIP_Display                             4
CPXPARAM_TimeLimit                               3600
CPXPARAM_MIP_Tolerances_AbsMIPGap                0
CPXPARAM_MIP_Tolerances_MIPGap                   0
Tried aggregator 1 time.
LP Presolve eliminated 480 rows and 801 columns.
All rows and columns eliminated.
Presolve time = 0.00 sec. (0.28 ticks)

--- Fixed MIP status (1): optimal.
--- Cplex Time: 0.00sec (det. 0.49 ticks)


Proven optimal solution
MIP Solution:        39667.000000    (12678003 iterations, 333889 nodes)
Final Solve:         39667.000000    (0 iterations)

Best possible:       39667.000000
Absolute gap:            0.000000
Relative gap:            0.000000

--- Reading solution for model master
*** Status: Normal completion
--- Job bchfcnet.gms Stop 02/09/22 14:02:12 elapsed 0:16:27.452
